{"level":"info","message":"GET /unvt/sprite-rev/sprite_S.json 304 - - 3.657 ms"}
{"level":"info","message":"GET /unvt/sprite-rev/sprite_S.png 304 - - 1.278 ms"}
{"level":"info","message":"GET /unvt/VT-open/zxy/UniteStreetMapVector/1/0/1.pbf 304 - - 20.202 ms"}
{"level":"info","message":"GET /unvt/VT-open/zxy/UniteStreetMapVector/1/1/1.pbf 304 - - 23.713 ms"}
{"level":"info","message":"GET /unvt/font/NotoSansDisplay-SemiBoldItalic/0-255.pbf 304 - - 1.446 ms"}
{"level":"info","message":"GET /unvt/font/Open%20Sans%20Semibold/0-255.pbf 304 - - 2.204 ms"}
{"level":"info","message":"GET /unvt/font/Open%20Sans%20Semibold/256-511.pbf 304 - - 2.740 ms"}
{"level":"info","message":"GET /unvt/sprite-rev/sprite_S.json 304 - - 1.228 ms"}
{"level":"info","message":"GET /unvt/sprite-rev/sprite_S@2x.png 304 - - 1.708 ms"}
{"level":"info","message":"GET /unvt/VT-open/zxy/UniteStreetMapVector/2/1/1.pbf 200 195956 - 7.111 ms"}
{"level":"info","message":"GET /unvt/VT-open/zxy/UniteStreetMapVector/2/2/1.pbf 200 351876 - 7.992 ms"}
{"level":"info","message":"GET /unvt/VT-open/zxy/UniteStreetMapVector/2/1/0.pbf 200 41461 - 8.100 ms"}
{"level":"info","message":"GET /unvt/VT-open/zxy/UniteStreetMapVector/2/0/1.pbf 200 237607 - 8.715 ms"}
{"level":"info","message":"GET /unvt/VT-open/zxy/UniteStreetMapVector/2/2/0.pbf 200 67572 - 8.393 ms"}
{"level":"info","message":"GET /unvt/VT-open/zxy/UniteStreetMapVector/2/3/1.pbf 200 225668 - 13.068 ms"}
{"level":"info","message":"GET /unvt/VT-open/zxy/UniteStreetMapVector/2/3/2.pbf 200 71773 - 13.256 ms"}
{"level":"info","message":"GET /unvt/VT-open/zxy/UniteStreetMapVector/2/0/0.pbf 200 49525 - 13.023 ms"}
{"level":"info","message":"GET /unvt/VT-open/zxy/UniteStreetMapVector/2/0/2.pbf 304 - - 3.775 ms"}
{"level":"info","message":"GET /unvt/VT-open/zxy/UniteStreetMapVector/2/3/0.pbf 200 58857 - 5.231 ms"}
{"level":"info","message":"GET /unvt/font/NotoSansDisplay-MediumItalic/0-255.pbf 304 - - 0.243 ms"}
{"level":"info","message":"GET /unvt/VT-open/zxy/UniteStreetMapVector/3/6/3.pbf 200 239239 - 3.242 ms"}
{"level":"info","message":"GET /unvt/VT-open/zxy/UniteStreetMapVector/3/6/4.pbf 200 95754 - 5.189 ms"}
{"level":"info","message":"GET /unvt/VT-open/zxy/UniteStreetMapVector/3/6/2.pbf 200 336230 - 9.006 ms"}
{"level":"info","message":"GET /unvt/VT-open/zxy/UniteStreetMapVector/3/5/3.pbf 200 144363 - 11.008 ms"}
{"level":"info","message":"GET /unvt/VT-open/zxy/UniteStreetMapVector/3/5/4.pbf 200 10206 - 10.704 ms"}
{"level":"info","message":"GET /unvt/VT-open/zxy/UniteStreetMapVector/3/5/2.pbf 200 364293 - 10.303 ms"}
{"level":"info","message":"GET /unvt/VT-open/zxy/UniteStreetMapVector/3/7/2.pbf 200 125142 - 4.263 ms"}
{"level":"info","message":"GET /unvt/VT-open/zxy/UniteStreetMapVector/3/7/4.pbf 200 130472 - 4.367 ms"}
{"level":"info","message":"GET /unvt/VT-open/zxy/UniteStreetMapVector/3/4/3.pbf 200 182650 - 2.084 ms"}
{"level":"info","message":"GET /unvt/VT-open/zxy/UniteStreetMapVector/3/4/2.pbf 200 432203 - 3.506 ms"}
{"level":"info","message":"GET /unvt/VT-open/zxy/UniteStreetMapVector/3/4/4.pbf 200 183936 - 4.728 ms"}
{"level":"info","message":"GET /unvt/VT-open/zxy/UniteStreetMapVector/3/7/3.pbf 304 - - 0.927 ms"}
{"level":"info","message":"GET /unvt/font/Open%20Sans%20Bold/0-255.pbf 304 - - 0.396 ms"}
{"level":"info","message":"GET /unvt/font/Open%20Sans%20Bold/256-511.pbf 304 - - 0.246 ms"}
{"level":"info","message":"GET /unvt/VT-open/zxy/UniteStreetMapVector/5/25/13.pbf 200 142193 - 3.818 ms"}
{"level":"info","message":"GET /unvt/VT-open/zxy/UniteStreetMapVector/5/25/14.pbf 200 55485 - 5.313 ms"}
{"level":"info","message":"GET /unvt/VT-open/zxy/UniteStreetMapVector/5/26/13.pbf 200 121739 - 5.643 ms"}
{"level":"info","message":"GET /unvt/VT-open/zxy/UniteStreetMapVector/5/24/14.pbf 200 47718 - 6.360 ms"}
{"level":"info","message":"GET /unvt/VT-open/zxy/UniteStreetMapVector/5/26/14.pbf 200 25506 - 6.998 ms"}
{"level":"info","message":"GET /unvt/VT-open/zxy/UniteStreetMapVector/5/24/13.pbf 200 79288 - 7.583 ms"}
{"level":"info","message":"GET /unvt/VT-open/zxy/UniteStreetMapVector/5/23/13.pbf 200 71841 - 2.599 ms"}
{"level":"info","message":"GET /unvt/VT-open/zxy/UniteStreetMapVector/5/23/14.pbf 200 36903 - 4.379 ms"}
{"level":"info","message":"GET /unvt/font/NotoSans-Regular/0-255.pbf 200 75736 - 1.222 ms"}
{"level":"info","message":"GET /unvt/font/NotoSans-Regular/7680-7935.pbf 200 134219 - 1.220 ms"}
{"level":"info","message":"GET /unvt/VT-open/zxy/UniteStreetMapVector/5/25/12.pbf 200 80122 - 2.391 ms"}
{"level":"info","message":"GET /unvt/VT-open/zxy/UniteStreetMapVector/5/24/12.pbf 200 22517 - 2.565 ms"}
{"level":"info","message":"GET /unvt/VT-open/zxy/UniteStreetMapVector/5/26/12.pbf 200 89915 - 3.149 ms"}
{"level":"info","message":"GET /unvt/VT-open/zxy/UniteStreetMapVector/5/23/12.pbf 200 23704 - 3.145 ms"}
{"level":"info","message":"GET /unvt/VT-open/zxy/UniteStreetMapVector/5/27/13.pbf 200 8692 - 1.278 ms"}
{"level":"info","message":"GET /unvt/VT-open/zxy/UniteStreetMapVector/4/12/6.pbf 200 240846 - 4.254 ms"}
{"level":"info","message":"GET /unvt/VT-open/zxy/UniteStreetMapVector/4/13/6.pbf 200 214003 - 4.696 ms"}
{"level":"info","message":"GET /unvt/VT-open/zxy/UniteStreetMapVector/4/12/7.pbf 200 107899 - 5.214 ms"}
{"level":"info","message":"GET /unvt/VT-open/zxy/UniteStreetMapVector/4/13/7.pbf 200 47297 - 2.782 ms"}
{"level":"info","message":"GET /unvt/VT-open/zxy/UniteStreetMapVector/4/11/6.pbf 200 153900 - 3.119 ms"}
{"level":"info","message":"GET /unvt/VT-open/zxy/UniteStreetMapVector/4/11/7.pbf 200 62678 - 3.857 ms"}
{"level":"info","message":"GET /unvt/VT-open/zxy/UniteStreetMapVector/4/14/6.pbf 200 38154 - 0.819 ms"}
{"level":"info","message":"GET /unvt/font/NotoSans-Regular/256-511.pbf 200 126528 - 1.732 ms"}
{"level":"info","message":"GET /unvt/VT-open/zxy/UniteStreetMapVector/4/14/7.pbf 200 1605 - 0.780 ms"}
{"level":"info","message":"GET /unvt/VT-open/zxy/UniteStreetMapVector/4/12/5.pbf 200 109126 - 1.153 ms"}
{"level":"info","message":"GET /unvt/VT-open/zxy/UniteStreetMapVector/4/13/5.pbf 200 171519 - 1.318 ms"}
{"level":"info","message":"GET /unvt/VT-open/zxy/UniteStreetMapVector/4/11/5.pbf 200 120242 - 1.671 ms"}
{"level":"info","message":"GET /unvt/VT-open/zxy/UniteStreetMapVector/4/14/5.pbf 200 54861 - 2.107 ms"}
{"level":"info","message":"GET /unvt/font/Open%20Sans%20Regular/0-255.pbf 200 74696 - 1.214 ms"}
{"level":"info","message":"GET /unvt/VT-open/zxy/UniteStreetMapVector/3/1/3.pbf 200 121229 - 5.379 ms"}
{"level":"info","message":"GET /unvt/VT-open/zxy/UniteStreetMapVector/3/0/2.pbf 200 61595 - 5.357 ms"}
{"level":"info","message":"GET /unvt/VT-open/zxy/UniteStreetMapVector/3/0/4.pbf 200 6390 - 5.871 ms"}
{"level":"info","message":"GET /unvt/VT-open/zxy/UniteStreetMapVector/3/1/4.pbf 200 1318 - 7.184 ms"}
{"level":"info","message":"GET /unvt/VT-open/zxy/UniteStreetMapVector/3/1/2.pbf 200 388632 - 9.631 ms"}
{"level":"info","message":"GET /unvt/VT-open/zxy/UniteStreetMapVector/3/0/3.pbf 304 - - 1.053 ms"}
{"level":"info","message":"GET /unvt/VT-open/zxy/UniteStreetMapVector/4/0/6.pbf 304 - - 3.046 ms"}
{"level":"info","message":"GET /unvt/VT-open/zxy/UniteStreetMapVector/4/15/6.pbf 404 68 - 3.702 ms"}
{"level":"info","message":"GET /unvt/VT-open/zxy/UniteStreetMapVector/4/1/7.pbf 304 - - 2.971 ms"}
{"level":"info","message":"GET /unvt/VT-open/zxy/UniteStreetMapVector/4/0/7.pbf 304 - - 4.358 ms"}
{"level":"info","message":"GET /unvt/VT-open/zxy/UniteStreetMapVector/4/1/6.pbf 304 - - 4.067 ms"}
{"level":"info","message":"GET /unvt/VT-open/zxy/UniteStreetMapVector/4/0/5.pbf 304 - - 4.681 ms"}
{"level":"info","message":"GET /unvt/VT-open/zxy/UniteStreetMapVector/4/1/5.pbf 304 - - 1.119 ms"}
{"level":"info","message":"GET /unvt/VT-open/zxy/UniteStreetMapVector/4/15/7.pbf 304 - - 1.819 ms"}
{"level":"info","message":"GET /unvt/VT-open/zxy/UniteStreetMapVector/4/15/5.pbf 304 - - 2.356 ms"}
{"level":"info","message":"GET /unvt/VT-open/zxy/UniteStreetMapVector/5/0/12.pbf 404 68 - 0.652 ms"}
{"level":"info","message":"GET /unvt/VT-open/zxy/UniteStreetMapVector/5/0/13.pbf 304 - - 0.658 ms"}
{"level":"info","message":"GET /unvt/VT-open/zxy/UniteStreetMapVector/5/1/12.pbf 404 68 - 1.027 ms"}
{"level":"info","message":"GET /unvt/VT-open/zxy/UniteStreetMapVector/5/0/14.pbf 200 103 - 3.099 ms"}
{"level":"info","message":"GET /unvt/VT-open/zxy/UniteStreetMapVector/5/1/14.pbf 200 981 - 1.910 ms"}
{"level":"info","message":"GET /unvt/VT-open/zxy/UniteStreetMapVector/5/2/13.pbf 404 68 - 2.260 ms"}
{"level":"info","message":"GET /unvt/VT-open/zxy/UniteStreetMapVector/5/2/12.pbf 404 68 - 2.894 ms"}
{"level":"info","message":"GET /unvt/VT-open/zxy/UniteStreetMapVector/5/2/14.pbf 200 1603 - 3.310 ms"}
{"level":"info","message":"GET /unvt/VT-open/zxy/UniteStreetMapVector/5/31/13.pbf 404 69 - 4.063 ms"}
{"level":"info","message":"GET /unvt/VT-open/zxy/UniteStreetMapVector/5/31/12.pbf 404 69 - 1.790 ms"}
{"level":"info","message":"GET /unvt/VT-open/zxy/UniteStreetMapVector/5/31/14.pbf 200 245 - 1.468 ms"}
{"level":"info","message":"GET /unvt/VT-open/zxy/UniteStreetMapVector/5/1/13.pbf 304 - - 1.627 ms"}
{"level":"info","message":"GET /unvt/VT-open/zxy/UniteStreetMapVector/6/2/26.pbf 404 58 - 0.821 ms"}
{"level":"info","message":"GET /unvt/VT-open/zxy/UniteStreetMapVector/6/2/25.pbf 404 58 - 0.241 ms"}
{"level":"info","message":"GET /unvt/VT-open/zxy/UniteStreetMapVector/6/3/26.pbf 404 58 - 0.427 ms"}
{"level":"info","message":"GET /unvt/VT-open/zxy/UniteStreetMapVector/6/1/26.pbf 404 58 - 0.545 ms"}
{"level":"info","message":"GET /unvt/VT-open/zxy/UniteStreetMapVector/6/3/25.pbf 404 58 - 0.647 ms"}
{"level":"info","message":"GET /unvt/VT-open/zxy/UniteStreetMapVector/6/1/25.pbf 404 58 - 0.750 ms"}
{"level":"info","message":"GET /unvt/VT-open/zxy/UniteStreetMapVector/6/4/25.pbf 404 58 - 0.577 ms"}
{"level":"info","message":"GET /unvt/VT-open/zxy/UniteStreetMapVector/6/4/26.pbf 404 58 - 0.783 ms"}
{"level":"info","message":"GET /unvt/VT-open/zxy/UniteStreetMapVector/6/2/24.pbf 404 58 - 2.375 ms"}
{"level":"info","message":"GET /unvt/VT-open/zxy/UniteStreetMapVector/6/3/24.pbf 404 58 - 2.614 ms"}
{"level":"info","message":"GET /unvt/VT-open/zxy/UniteStreetMapVector/6/1/24.pbf 404 58 - 2.741 ms"}
{"level":"info","message":"GET /unvt/VT-open/zxy/UniteStreetMapVector/6/0/25.pbf 404 58 - 3.301 ms"}
{"level":"info","message":"GET /unvt/VT-open/zxy/UniteStreetMapVector/6/0/26.pbf 404 58 - 3.698 ms"}
{"level":"info","message":"GET /unvt/VT-open/zxy/UniteStreetMapVector/6/4/24.pbf 404 58 - 3.186 ms"}
{"level":"info","message":"GET /unvt/VT-open/zxy/UniteStreetMapVector/6/0/24.pbf 404 58 - 0.578 ms"}
{"level":"info","message":"GET /unvt/VT-open/zxy/UniteStreetMapVector/5/1/11.pbf 404 68 - 0.544 ms"}
{"level":"info","message":"GET /unvt/VT-open/zxy/UniteStreetMapVector/5/0/11.pbf 404 68 - 0.626 ms"}
{"level":"info","message":"GET /unvt/VT-open/zxy/UniteStreetMapVector/5/2/11.pbf 404 68 - 0.732 ms"}
{"level":"info","message":"GET /unvt/VT-open/zxy/UniteStreetMapVector/5/31/11.pbf 404 69 - 0.941 ms"}
{"level":"info","message":"GET /unvt/VT-open/zxy/UniteStreetMapVector/4/2/6.pbf 200 33000 - 1.564 ms"}
{"level":"info","message":"GET /unvt/VT-open/zxy/UniteStreetMapVector/4/2/7.pbf 200 101 - 2.398 ms"}
{"level":"info","message":"GET /unvt/VT-open/zxy/UniteStreetMapVector/4/2/5.pbf 200 180024 - 2.822 ms"}
{"level":"info","message":"GET /unvt/VT-open/zxy/UniteStreetMapVector/6/2/27.pbf 404 58 - 0.557 ms"}
{"level":"info","message":"GET /unvt/VT-open/zxy/UniteStreetMapVector/6/3/27.pbf 404 58 - 0.831 ms"}
{"level":"info","message":"GET /unvt/VT-open/zxy/UniteStreetMapVector/6/1/27.pbf 404 58 - 0.663 ms"}
{"level":"info","message":"GET /unvt/VT-open/zxy/UniteStreetMapVector/6/4/27.pbf 404 58 - 0.871 ms"}
{"level":"info","message":"GET /unvt/VT-open/zxy/UniteStreetMapVector/7/5/52.pbf 404 58 - 0.577 ms"}
{"level":"info","message":"GET /unvt/VT-open/zxy/UniteStreetMapVector/7/4/52.pbf 404 58 - 1.525 ms"}
{"level":"info","message":"GET /unvt/VT-open/zxy/UniteStreetMapVector/7/5/51.pbf 404 58 - 0.787 ms"}
{"level":"info","message":"GET /unvt/VT-open/zxy/UniteStreetMapVector/7/5/53.pbf 404 58 - 0.537 ms"}
{"level":"info","message":"GET /unvt/VT-open/zxy/UniteStreetMapVector/7/6/52.pbf 404 58 - 0.344 ms"}
{"level":"info","message":"GET /unvt/VT-open/zxy/UniteStreetMapVector/7/4/51.pbf 404 58 - 0.238 ms"}
{"level":"info","message":"GET /unvt/VT-open/zxy/UniteStreetMapVector/7/4/53.pbf 404 58 - 0.696 ms"}
{"level":"info","message":"GET /unvt/VT-open/zxy/UniteStreetMapVector/7/6/51.pbf 404 58 - 0.858 ms"}
{"level":"info","message":"GET /unvt/VT-open/zxy/UniteStreetMapVector/7/6/53.pbf 404 58 - 0.978 ms"}
{"level":"info","message":"GET /unvt/VT-open/zxy/UniteStreetMapVector/7/3/52.pbf 404 58 - 1.075 ms"}
{"level":"info","message":"GET /unvt/VT-open/zxy/UniteStreetMapVector/7/3/51.pbf 404 58 - 0.300 ms"}
{"level":"info","message":"GET /unvt/VT-open/zxy/UniteStreetMapVector/7/3/53.pbf 404 58 - 0.812 ms"}
{"level":"info","message":"GET /unvt/VT-open/zxy/UniteStreetMapVector/7/7/52.pbf 404 58 - 0.951 ms"}
{"level":"info","message":"GET /unvt/VT-open/zxy/UniteStreetMapVector/7/7/51.pbf 404 58 - 1.089 ms"}
{"level":"info","message":"GET /unvt/VT-open/zxy/UniteStreetMapVector/7/7/53.pbf 404 58 - 1.055 ms"}
{"level":"info","message":"GET /unvt/VT-open/zxy/UniteStreetMapVector/2/2/3.pbf 200 2808 - 1.016 ms"}
{"level":"info","message":"GET /unvt/VT-open/zxy/UniteStreetMapVector/2/1/3.pbf 200 5149 - 1.246 ms"}
{"level":"info","message":"GET /unvt/VT-open/zxy/UniteStreetMapVector/2/3/3.pbf 200 3538 - 1.483 ms"}
{"level":"info","message":"GET /unvt/VT-open/zxy/UniteStreetMapVector/2/0/3.pbf 200 3435 - 1.526 ms"}
{"level":"info","message":"GET /unvt/VT-open/zxy/UniteStreetMapVector/3/5/5.pbf 200 2477 - 2.980 ms"}
{"level":"info","message":"GET /unvt/VT-open/zxy/UniteStreetMapVector/3/4/5.pbf 200 420 - 3.189 ms"}
{"level":"info","message":"GET /unvt/VT-open/zxy/UniteStreetMapVector/3/6/5.pbf 200 2292 - 3.600 ms"}
{"level":"info","message":"GET /unvt/VT-open/zxy/UniteStreetMapVector/3/3/5.pbf 200 1572 - 3.876 ms"}
{"level":"info","message":"GET /unvt/VT-open/zxy/UniteStreetMapVector/4/10/8.pbf 200 12931 - 1.888 ms"}
{"level":"info","message":"GET /unvt/VT-open/zxy/UniteStreetMapVector/4/11/8.pbf 200 789 - 2.195 ms"}
{"level":"info","message":"GET /unvt/VT-open/zxy/UniteStreetMapVector/4/10/9.pbf 200 2403 - 2.963 ms"}
{"level":"info","message":"GET /unvt/VT-open/zxy/UniteStreetMapVector/4/11/9.pbf 200 159 - 3.336 ms"}
{"level":"info","message":"GET /unvt/VT-open/zxy/UniteStreetMapVector/4/10/7.pbf 200 11769 - 4.635 ms"}
{"level":"info","message":"GET /unvt/VT-open/zxy/UniteStreetMapVector/4/9/8.pbf 200 159148 - 5.194 ms"}
{"level":"info","message":"GET /unvt/VT-open/zxy/UniteStreetMapVector/4/12/8.pbf 200 26642 - 2.997 ms"}
{"level":"info","message":"GET /unvt/VT-open/zxy/UniteStreetMapVector/4/9/9.pbf 200 50727 - 4.468 ms"}
{"level":"info","message":"GET /unvt/VT-open/zxy/UniteStreetMapVector/4/9/7.pbf 200 100218 - 5.332 ms"}
{"level":"info","message":"GET /unvt/VT-open/zxy/UniteStreetMapVector/4/12/9.pbf 200 98 - 5.694 ms"}
{"level":"info","message":"GET /unvt/font/NotoSans-Regular/7936-8191.pbf 200 126152 - 0.641 ms"}
{"level":"info","message":"GET /unvt/VT-open/zxy/UniteStreetMapVector/5/22/17.pbf 200 200 - 2.744 ms"}
{"level":"info","message":"GET /unvt/VT-open/zxy/UniteStreetMapVector/5/22/16.pbf 200 1014 - 2.481 ms"}
{"level":"info","message":"GET /unvt/VT-open/zxy/UniteStreetMapVector/5/23/17.pbf 404 69 - 2.829 ms"}
{"level":"info","message":"GET /unvt/VT-open/zxy/UniteStreetMapVector/5/21/17.pbf 200 1284 - 3.960 ms"}
{"level":"info","message":"GET /unvt/VT-open/zxy/UniteStreetMapVector/5/22/18.pbf 404 69 - 4.019 ms"}
{"level":"info","message":"GET /unvt/VT-open/zxy/UniteStreetMapVector/5/21/18.pbf 404 69 - 4.252 ms"}
{"level":"info","message":"GET /unvt/VT-open/zxy/UniteStreetMapVector/5/21/16.pbf 200 321 - 1.747 ms"}
{"level":"info","message":"GET /unvt/VT-open/zxy/UniteStreetMapVector/5/23/18.pbf 404 69 - 1.856 ms"}
{"level":"info","message":"GET /unvt/VT-open/zxy/UniteStreetMapVector/5/23/16.pbf 404 69 - 2.060 ms"}
{"level":"info","message":"GET /unvt/VT-open/zxy/UniteStreetMapVector/5/20/17.pbf 200 15927 - 2.390 ms"}
{"level":"info","message":"GET /unvt/VT-open/zxy/UniteStreetMapVector/5/20/18.pbf 200 3052 - 1.981 ms"}
{"level":"info","message":"GET /unvt/VT-open/zxy/UniteStreetMapVector/5/20/16.pbf 200 1897 - 2.056 ms"}
{"level":"info","message":"GET /unvt/VT-open/zxy/UniteStreetMapVector/6/44/34.pbf 404 59 - 0.934 ms"}
{"level":"info","message":"GET /unvt/VT-open/zxy/UniteStreetMapVector/6/45/34.pbf 404 59 - 1.650 ms"}
{"level":"info","message":"GET /unvt/VT-open/zxy/UniteStreetMapVector/6/44/33.pbf 404 59 - 1.983 ms"}
{"level":"info","message":"GET /unvt/VT-open/zxy/UniteStreetMapVector/6/46/34.pbf 404 59 - 0.309 ms"}
{"level":"info","message":"GET /unvt/VT-open/zxy/UniteStreetMapVector/6/43/33.pbf 404 59 - 0.597 ms"}
{"level":"info","message":"GET /unvt/VT-open/zxy/UniteStreetMapVector/6/45/33.pbf 404 59 - 0.442 ms"}
{"level":"info","message":"GET /unvt/VT-open/zxy/UniteStreetMapVector/6/43/34.pbf 404 59 - 0.840 ms"}
{"level":"info","message":"GET /unvt/VT-open/zxy/UniteStreetMapVector/6/43/35.pbf 404 59 - 1.258 ms"}
{"level":"info","message":"GET /unvt/VT-open/zxy/UniteStreetMapVector/6/46/33.pbf 404 59 - 1.799 ms"}
{"level":"info","message":"GET /unvt/VT-open/zxy/UniteStreetMapVector/6/44/35.pbf 404 59 - 0.237 ms"}
{"level":"info","message":"GET /unvt/VT-open/zxy/UniteStreetMapVector/6/46/35.pbf 404 59 - 0.495 ms"}
{"level":"info","message":"GET /unvt/VT-open/zxy/UniteStreetMapVector/6/45/35.pbf 404 59 - 0.644 ms"}
{"level":"info","message":"GET /unvt/VT-open/zxy/UniteStreetMapVector/7/89/68.pbf 404 59 - 0.974 ms"}
{"level":"info","message":"GET /unvt/VT-open/zxy/UniteStreetMapVector/7/90/68.pbf 404 59 - 1.178 ms"}
{"level":"info","message":"GET /unvt/VT-open/zxy/UniteStreetMapVector/7/89/69.pbf 404 59 - 1.438 ms"}
{"level":"info","message":"GET /unvt/VT-open/zxy/UniteStreetMapVector/7/90/69.pbf 404 59 - 0.378 ms"}
{"level":"info","message":"GET /unvt/VT-open/zxy/UniteStreetMapVector/7/89/67.pbf 404 59 - 0.455 ms"}
{"level":"info","message":"GET /unvt/VT-open/zxy/UniteStreetMapVector/7/90/67.pbf 404 59 - 0.545 ms"}
{"level":"info","message":"GET /unvt/VT-open/zxy/UniteStreetMapVector/7/88/68.pbf 404 59 - 0.963 ms"}
{"level":"info","message":"GET /unvt/VT-open/zxy/UniteStreetMapVector/7/91/68.pbf 404 59 - 1.541 ms"}
{"level":"info","message":"GET /unvt/VT-open/zxy/UniteStreetMapVector/7/88/69.pbf 404 59 - 0.786 ms"}
{"level":"info","message":"GET /unvt/VT-open/zxy/UniteStreetMapVector/7/91/69.pbf 404 59 - 1.211 ms"}
{"level":"info","message":"GET /unvt/VT-open/zxy/UniteStreetMapVector/7/88/67.pbf 404 59 - 1.622 ms"}
{"level":"info","message":"GET /unvt/VT-open/zxy/UniteStreetMapVector/7/91/67.pbf 404 59 - 2.429 ms"}
{"level":"info","message":"GET /unvt/VT-open/zxy/UniteStreetMapVector/8/180/137.pbf 404 61 - 0.389 ms"}
{"level":"info","message":"GET /unvt/VT-open/zxy/UniteStreetMapVector/8/180/136.pbf 404 61 - 0.213 ms"}
{"level":"info","message":"GET /unvt/VT-open/zxy/UniteStreetMapVector/8/179/137.pbf 404 61 - 0.177 ms"}
{"level":"info","message":"GET /unvt/VT-open/zxy/UniteStreetMapVector/8/179/136.pbf 404 61 - 0.154 ms"}
{"level":"info","message":"GET /unvt/VT-open/zxy/UniteStreetMapVector/8/181/137.pbf 404 61 - 1.290 ms"}
{"level":"info","message":"GET /unvt/VT-open/zxy/UniteStreetMapVector/8/181/136.pbf 404 61 - 2.815 ms"}
{"level":"info","message":"GET /unvt/VT-open/zxy/UniteStreetMapVector/8/180/138.pbf 404 61 - 0.645 ms"}
{"level":"info","message":"GET /unvt/VT-open/zxy/UniteStreetMapVector/8/180/135.pbf 404 61 - 1.028 ms"}
{"level":"info","message":"GET /unvt/VT-open/zxy/UniteStreetMapVector/8/179/138.pbf 404 61 - 1.552 ms"}
{"level":"info","message":"GET /unvt/VT-open/zxy/UniteStreetMapVector/8/179/135.pbf 404 61 - 2.260 ms"}
{"level":"info","message":"GET /unvt/VT-open/zxy/UniteStreetMapVector/8/178/137.pbf 404 61 - 2.729 ms"}
{"level":"info","message":"GET /unvt/VT-open/zxy/UniteStreetMapVector/8/178/136.pbf 404 61 - 2.495 ms"}
{"level":"info","message":"GET /unvt/VT-open/zxy/UniteStreetMapVector/8/181/138.pbf 404 61 - 2.760 ms"}
{"level":"info","message":"GET /unvt/VT-open/zxy/UniteStreetMapVector/8/181/135.pbf 404 61 - 2.764 ms"}
{"level":"info","message":"GET /unvt/VT-open/zxy/UniteStreetMapVector/8/178/138.pbf 404 61 - 2.688 ms"}
{"level":"info","message":"GET /unvt/VT-open/zxy/UniteStreetMapVector/8/178/135.pbf 404 61 - 2.025 ms"}
{"level":"info","message":"GET /unvt/VT-open/zxy/UniteStreetMapVector/9/360/273.pbf 404 61 - 0.370 ms"}
{"level":"info","message":"GET /unvt/VT-open/zxy/UniteStreetMapVector/9/360/274.pbf 404 61 - 0.187 ms"}
{"level":"info","message":"GET /unvt/VT-open/zxy/UniteStreetMapVector/9/361/273.pbf 404 61 - 0.171 ms"}
{"level":"info","message":"GET /unvt/VT-open/zxy/UniteStreetMapVector/9/359/273.pbf 404 61 - 1.444 ms"}
{"level":"info","message":"GET /unvt/VT-open/zxy/UniteStreetMapVector/9/361/274.pbf 404 61 - 1.268 ms"}
{"level":"info","message":"GET /unvt/VT-open/zxy/UniteStreetMapVector/9/359/274.pbf 404 61 - 0.607 ms"}
{"level":"info","message":"GET /unvt/VT-open/zxy/UniteStreetMapVector/9/360/272.pbf 404 61 - 0.993 ms"}
{"level":"info","message":"GET /unvt/VT-open/zxy/UniteStreetMapVector/9/361/272.pbf 404 61 - 1.847 ms"}
{"level":"info","message":"GET /unvt/VT-open/zxy/UniteStreetMapVector/9/359/272.pbf 404 61 - 2.752 ms"}
{"level":"info","message":"GET /unvt/VT-open/zxy/UniteStreetMapVector/9/362/273.pbf 404 61 - 3.277 ms"}
{"level":"info","message":"GET /unvt/VT-open/zxy/UniteStreetMapVector/9/358/273.pbf 404 61 - 0.219 ms"}
{"level":"info","message":"GET /unvt/VT-open/zxy/UniteStreetMapVector/9/362/274.pbf 404 61 - 0.491 ms"}
{"level":"info","message":"GET /unvt/VT-open/zxy/UniteStreetMapVector/9/358/274.pbf 404 61 - 0.872 ms"}
{"level":"info","message":"GET /unvt/VT-open/zxy/UniteStreetMapVector/9/358/272.pbf 404 61 - 0.904 ms"}
{"level":"info","message":"GET /unvt/VT-open/zxy/UniteStreetMapVector/9/362/272.pbf 404 61 - 0.165 ms"}
{"level":"info","message":"GET /unvt/VT-open/zxy/UniteStreetMapVector/9/358/273.pbf 404 61 - 0.765 ms"}
{"level":"info","message":"GET /unvt/VT-open/zxy/UniteStreetMapVector/9/358/274.pbf 404 61 - 1.370 ms"}
{"level":"info","message":"GET /unvt/VT-open/zxy/UniteStreetMapVector/9/358/272.pbf 404 61 - 1.724 ms"}
{"level":"info","message":"GET /unvt/VT-open/zxy/UniteStreetMapVector/4/13/8.pbf 200 76589 - 1.982 ms"}
{"level":"info","message":"GET /unvt/VT-open/zxy/UniteStreetMapVector/5/24/15.pbf 200 28126 - 1.785 ms"}
{"level":"info","message":"GET /unvt/VT-open/zxy/UniteStreetMapVector/5/25/15.pbf 200 33571 - 5.060 ms"}
{"level":"info","message":"GET /unvt/VT-open/zxy/UniteStreetMapVector/5/23/15.pbf 200 8742 - 5.037 ms"}
{"level":"info","message":"GET /unvt/VT-open/zxy/UniteStreetMapVector/5/26/15.pbf 200 32502 - 3.539 ms"}
{"level":"info","message":"GET /unvt/VT-open/zxy/UniteStreetMapVector/6/50/28.pbf 404 59 - 1.215 ms"}
{"level":"info","message":"GET /unvt/VT-open/zxy/UniteStreetMapVector/6/50/29.pbf 404 59 - 1.568 ms"}
{"level":"info","message":"GET /unvt/VT-open/zxy/UniteStreetMapVector/6/49/28.pbf 404 59 - 1.978 ms"}
{"level":"info","message":"GET /unvt/VT-open/zxy/UniteStreetMapVector/6/49/29.pbf 404 59 - 2.233 ms"}
{"level":"info","message":"GET /unvt/VT-open/zxy/UniteStreetMapVector/6/48/29.pbf 404 59 - 0.500 ms"}
{"level":"info","message":"GET /unvt/VT-open/zxy/UniteStreetMapVector/6/48/28.pbf 404 59 - 0.386 ms"}
{"level":"info","message":"GET /unvt/VT-open/zxy/UniteStreetMapVector/6/51/28.pbf 404 59 - 1.010 ms"}
{"level":"info","message":"GET /unvt/VT-open/zxy/UniteStreetMapVector/6/51/29.pbf 404 59 - 0.218 ms"}
{"level":"info","message":"GET /unvt/VT-open/zxy/UniteStreetMapVector/7/100/57.pbf 404 60 - 1.434 ms"}
{"level":"info","message":"GET /unvt/VT-open/zxy/UniteStreetMapVector/7/100/58.pbf 404 60 - 2.410 ms"}
{"level":"info","message":"GET /unvt/VT-open/zxy/UniteStreetMapVector/7/99/57.pbf 404 59 - 2.728 ms"}
{"level":"info","message":"GET /unvt/VT-open/zxy/UniteStreetMapVector/7/99/56.pbf 404 59 - 0.933 ms"}
{"level":"info","message":"GET /unvt/VT-open/zxy/UniteStreetMapVector/7/99/58.pbf 404 59 - 1.219 ms"}
{"level":"info","message":"GET /unvt/VT-open/zxy/UniteStreetMapVector/7/101/57.pbf 404 60 - 1.326 ms"}
{"level":"info","message":"GET /unvt/VT-open/zxy/UniteStreetMapVector/7/100/56.pbf 404 60 - 1.706 ms"}
{"level":"info","message":"GET /unvt/VT-open/zxy/UniteStreetMapVector/7/101/58.pbf 404 60 - 2.253 ms"}
{"level":"info","message":"GET /unvt/VT-open/zxy/UniteStreetMapVector/7/101/56.pbf 404 60 - 0.435 ms"}
{"level":"info","message":"GET /unvt/VT-open/zxy/UniteStreetMapVector/7/98/57.pbf 404 59 - 1.115 ms"}
{"level":"info","message":"GET /unvt/VT-open/zxy/UniteStreetMapVector/7/98/58.pbf 404 59 - 1.910 ms"}
{"level":"info","message":"GET /unvt/VT-open/zxy/UniteStreetMapVector/7/98/56.pbf 404 59 - 2.670 ms"}
{"level":"info","message":"GET /unvt/VT-open/zxy/UniteStreetMapVector/8/200/115.pbf 404 61 - 0.777 ms"}
{"level":"info","message":"GET /unvt/VT-open/zxy/UniteStreetMapVector/8/201/115.pbf 404 61 - 1.351 ms"}
{"level":"info","message":"GET /unvt/VT-open/zxy/UniteStreetMapVector/8/200/114.pbf 404 61 - 1.729 ms"}
{"level":"info","message":"GET /unvt/VT-open/zxy/UniteStreetMapVector/8/201/114.pbf 404 61 - 0.528 ms"}
{"level":"info","message":"GET /unvt/VT-open/zxy/UniteStreetMapVector/8/199/114.pbf 404 61 - 0.700 ms"}
{"level":"info","message":"GET /unvt/VT-open/zxy/UniteStreetMapVector/8/202/115.pbf 404 61 - 0.955 ms"}
{"level":"info","message":"GET /unvt/VT-open/zxy/UniteStreetMapVector/8/200/116.pbf 404 61 - 0.509 ms"}
{"level":"info","message":"GET /unvt/VT-open/zxy/UniteStreetMapVector/8/201/116.pbf 404 61 - 0.686 ms"}
{"level":"info","message":"GET /unvt/VT-open/zxy/UniteStreetMapVector/8/199/115.pbf 404 61 - 0.770 ms"}
{"level":"info","message":"GET /unvt/VT-open/zxy/UniteStreetMapVector/8/199/116.pbf 404 61 - 1.297 ms"}
{"level":"info","message":"GET /unvt/VT-open/zxy/UniteStreetMapVector/8/202/116.pbf 404 61 - 1.907 ms"}
{"level":"info","message":"GET /unvt/VT-open/zxy/UniteStreetMapVector/8/202/114.pbf 404 61 - 0.287 ms"}
{"level":"info","message":"GET /unvt/VT-open/zxy/UniteStreetMapVector/6/50/30.pbf 404 59 - 0.683 ms"}
{"level":"info","message":"GET /unvt/VT-open/zxy/UniteStreetMapVector/6/49/30.pbf 404 59 - 0.895 ms"}
{"level":"info","message":"GET /unvt/VT-open/zxy/UniteStreetMapVector/6/50/27.pbf 404 59 - 1.046 ms"}
{"level":"info","message":"GET /unvt/VT-open/zxy/UniteStreetMapVector/6/49/27.pbf 404 59 - 0.412 ms"}
{"level":"info","message":"GET /unvt/VT-open/zxy/UniteStreetMapVector/6/51/30.pbf 404 59 - 0.519 ms"}
{"level":"info","message":"GET /unvt/VT-open/zxy/UniteStreetMapVector/6/48/30.pbf 404 59 - 0.616 ms"}
{"level":"info","message":"GET /unvt/VT-open/zxy/UniteStreetMapVector/6/51/27.pbf 404 59 - 0.186 ms"}
{"level":"info","message":"GET /unvt/VT-open/zxy/UniteStreetMapVector/6/48/27.pbf 404 59 - 0.550 ms"}
{"level":"info","message":"GET /unvt/VT-open/zxy/UniteStreetMapVector/4/10/6.pbf 200 85052 - 1.396 ms"}
{"level":"info","message":"GET /unvt/font/NotoSans-Regular/11264-11519.pbf 200 14443 - 0.692 ms"}
{"level":"info","message":"GET /unvt/VT-open/zxy/UniteStreetMapVector/4/15/6.pbf 404 68 - 1.897 ms"}
{"level":"info","message":"GET /unvt/VT-open/zxy/UniteStreetMapVector/5/0/12.pbf 404 68 - 3.064 ms"}
{"level":"info","message":"GET /unvt/VT-open/zxy/UniteStreetMapVector/5/1/12.pbf 404 68 - 3.229 ms"}
{"level":"info","message":"GET /unvt/VT-open/zxy/UniteStreetMapVector/5/30/13.pbf 200 120 - 3.629 ms"}
{"level":"info","message":"GET /unvt/VT-open/zxy/UniteStreetMapVector/5/31/12.pbf 404 69 - 3.880 ms"}
{"level":"info","message":"GET /unvt/VT-open/zxy/UniteStreetMapVector/5/30/12.pbf 404 69 - 4.951 ms"}
{"level":"info","message":"GET /unvt/VT-open/zxy/UniteStreetMapVector/5/31/13.pbf 404 69 - 4.399 ms"}
{"level":"info","message":"GET /unvt/VT-open/zxy/UniteStreetMapVector/5/30/14.pbf 200 647 - 5.633 ms"}
{"level":"info","message":"GET /unvt/VT-open/zxy/UniteStreetMapVector/6/1/26.pbf 404 58 - 1.494 ms"}
{"level":"info","message":"GET /unvt/VT-open/zxy/UniteStreetMapVector/6/2/26.pbf 404 58 - 1.444 ms"}
{"level":"info","message":"GET /unvt/VT-open/zxy/UniteStreetMapVector/6/1/25.pbf 404 58 - 1.875 ms"}
{"level":"info","message":"GET /unvt/VT-open/zxy/UniteStreetMapVector/6/2/25.pbf 404 58 - 1.788 ms"}
{"level":"info","message":"GET /unvt/VT-open/zxy/UniteStreetMapVector/6/1/27.pbf 404 58 - 2.105 ms"}
{"level":"info","message":"GET /unvt/VT-open/zxy/UniteStreetMapVector/6/0/26.pbf 404 58 - 2.546 ms"}
{"level":"info","message":"GET /unvt/VT-open/zxy/UniteStreetMapVector/6/2/27.pbf 404 58 - 0.724 ms"}
{"level":"info","message":"GET /unvt/VT-open/zxy/UniteStreetMapVector/6/0/25.pbf 404 58 - 0.961 ms"}
{"level":"info","message":"GET /unvt/VT-open/zxy/UniteStreetMapVector/6/0/27.pbf 404 58 - 1.686 ms"}
{"level":"info","message":"GET /unvt/VT-open/zxy/UniteStreetMapVector/6/3/26.pbf 404 58 - 0.609 ms"}
{"level":"info","message":"GET /unvt/VT-open/zxy/UniteStreetMapVector/6/3/25.pbf 404 58 - 0.924 ms"}
{"level":"info","message":"GET /unvt/VT-open/zxy/UniteStreetMapVector/6/3/27.pbf 404 58 - 1.164 ms"}
{"level":"info","message":"GET /unvt/VT-open/zxy/UniteStreetMapVector/7/4/52.pbf 404 58 - 0.908 ms"}
{"level":"info","message":"GET /unvt/VT-open/zxy/UniteStreetMapVector/7/4/51.pbf 404 58 - 0.561 ms"}
{"level":"info","message":"GET /unvt/VT-open/zxy/UniteStreetMapVector/7/3/52.pbf 404 58 - 0.669 ms"}
{"level":"info","message":"GET /unvt/VT-open/zxy/UniteStreetMapVector/7/5/52.pbf 404 58 - 1.242 ms"}
{"level":"info","message":"GET /unvt/VT-open/zxy/UniteStreetMapVector/7/5/51.pbf 404 58 - 0.744 ms"}
{"level":"info","message":"GET /unvt/VT-open/zxy/UniteStreetMapVector/7/3/53.pbf 404 58 - 0.921 ms"}
{"level":"info","message":"GET /unvt/VT-open/zxy/UniteStreetMapVector/7/4/53.pbf 404 58 - 1.411 ms"}
{"level":"info","message":"GET /unvt/VT-open/zxy/UniteStreetMapVector/7/5/53.pbf 404 58 - 0.804 ms"}
{"level":"info","message":"GET /unvt/VT-open/zxy/UniteStreetMapVector/7/2/52.pbf 404 58 - 0.963 ms"}
{"level":"info","message":"GET /unvt/VT-open/zxy/UniteStreetMapVector/7/3/51.pbf 404 58 - 2.248 ms"}
{"level":"info","message":"GET /unvt/VT-open/zxy/UniteStreetMapVector/7/2/51.pbf 404 58 - 0.318 ms"}
{"level":"info","message":"GET /unvt/VT-open/zxy/UniteStreetMapVector/7/2/53.pbf 404 58 - 0.411 ms"}
{"level":"info","message":"GET /unvt/VT-open/zxy/UniteStreetMapVector/8/9/104.pbf 404 59 - 0.822 ms"}
{"level":"info","message":"GET /unvt/VT-open/zxy/UniteStreetMapVector/8/10/104.pbf 404 60 - 1.291 ms"}
{"level":"info","message":"GET /unvt/VT-open/zxy/UniteStreetMapVector/8/9/105.pbf 404 59 - 0.219 ms"}
{"level":"info","message":"GET /unvt/VT-open/zxy/UniteStreetMapVector/8/10/105.pbf 404 60 - 0.546 ms"}
{"level":"info","message":"GET /unvt/VT-open/zxy/UniteStreetMapVector/8/8/104.pbf 404 59 - 0.769 ms"}
{"level":"info","message":"GET /unvt/VT-open/zxy/UniteStreetMapVector/8/11/104.pbf 404 60 - 0.912 ms"}
{"level":"info","message":"GET /unvt/VT-open/zxy/UniteStreetMapVector/8/8/105.pbf 404 59 - 0.341 ms"}
{"level":"info","message":"GET /unvt/VT-open/zxy/UniteStreetMapVector/8/9/103.pbf 404 59 - 1.751 ms"}
{"level":"info","message":"GET /unvt/VT-open/zxy/UniteStreetMapVector/8/11/105.pbf 404 60 - 1.135 ms"}
{"level":"info","message":"GET /unvt/VT-open/zxy/UniteStreetMapVector/8/8/103.pbf 404 59 - 1.264 ms"}
{"level":"info","message":"GET /unvt/VT-open/zxy/UniteStreetMapVector/8/11/103.pbf 404 60 - 1.513 ms"}
{"level":"info","message":"GET /unvt/VT-open/zxy/UniteStreetMapVector/8/10/103.pbf 404 60 - 1.809 ms"}
{"level":"info","message":"GET /unvt/VT-open/zxy/UniteStreetMapVector/4/15/6.pbf 404 68 - 5.882 ms"}
{"level":"info","message":"GET /unvt/VT-open/zxy/UniteStreetMapVector/5/0/12.pbf 404 68 - 0.624 ms"}
{"level":"info","message":"GET /unvt/VT-open/zxy/UniteStreetMapVector/5/1/12.pbf 404 68 - 0.329 ms"}
{"level":"info","message":"GET /unvt/VT-open/zxy/UniteStreetMapVector/5/2/13.pbf 404 68 - 1.554 ms"}
{"level":"info","message":"GET /unvt/VT-open/zxy/UniteStreetMapVector/5/2/12.pbf 404 68 - 1.635 ms"}
{"level":"info","message":"GET /unvt/VT-open/zxy/UniteStreetMapVector/5/30/12.pbf 404 69 - 0.965 ms"}
{"level":"info","message":"GET /unvt/VT-open/zxy/UniteStreetMapVector/5/31/13.pbf 404 69 - 0.430 ms"}
{"level":"info","message":"GET /unvt/VT-open/zxy/UniteStreetMapVector/5/31/12.pbf 404 69 - 1.270 ms"}
{"level":"info","message":"GET /unvt/VT-open/zxy/UniteStreetMapVector/6/2/26.pbf 404 58 - 0.719 ms"}
{"level":"info","message":"GET /unvt/VT-open/zxy/UniteStreetMapVector/6/1/26.pbf 404 58 - 1.498 ms"}
{"level":"info","message":"GET /unvt/VT-open/zxy/UniteStreetMapVector/6/1/25.pbf 404 58 - 0.412 ms"}
{"level":"info","message":"GET /unvt/VT-open/zxy/UniteStreetMapVector/6/2/25.pbf 404 58 - 0.525 ms"}
{"level":"info","message":"GET /unvt/VT-open/zxy/UniteStreetMapVector/6/1/27.pbf 404 58 - 0.837 ms"}
{"level":"info","message":"GET /unvt/VT-open/zxy/UniteStreetMapVector/6/2/27.pbf 404 58 - 0.539 ms"}
{"level":"info","message":"GET /unvt/VT-open/zxy/UniteStreetMapVector/6/0/26.pbf 404 58 - 1.185 ms"}
{"level":"info","message":"GET /unvt/VT-open/zxy/UniteStreetMapVector/6/0/25.pbf 404 58 - 1.133 ms"}
{"level":"info","message":"GET /unvt/VT-open/zxy/UniteStreetMapVector/6/3/26.pbf 404 58 - 1.584 ms"}
{"level":"info","message":"GET /unvt/VT-open/zxy/UniteStreetMapVector/6/3/25.pbf 404 58 - 0.827 ms"}
{"level":"info","message":"GET /unvt/VT-open/zxy/UniteStreetMapVector/6/0/27.pbf 404 58 - 0.452 ms"}
{"level":"info","message":"GET /unvt/VT-open/zxy/UniteStreetMapVector/6/3/27.pbf 404 58 - 1.656 ms"}
{"level":"info","message":"GET /unvt/VT-open/zxy/UniteStreetMapVector/5/30/12.pbf 404 69 - 0.538 ms"}
{"level":"info","message":"GET /unvt/VT-open/zxy/UniteStreetMapVector/3/2/2.pbf 200 251464 - 7.378 ms"}
{"level":"info","message":"GET /unvt/VT-open/zxy/UniteStreetMapVector/3/2/4.pbf 200 186969 - 10.622 ms"}
{"level":"info","message":"GET /unvt/VT-open/zxy/UniteStreetMapVector/4/3/5.pbf 200 200229 - 7.984 ms"}
{"level":"info","message":"GET /unvt/VT-open/zxy/UniteStreetMapVector/4/3/6.pbf 200 150200 - 10.086 ms"}
{"level":"info","message":"GET /unvt/VT-open/zxy/UniteStreetMapVector/4/4/5.pbf 200 191808 - 6.386 ms"}
{"level":"info","message":"GET /unvt/VT-open/zxy/UniteStreetMapVector/4/3/4.pbf 200 81693 - 8.569 ms"}
{"level":"info","message":"GET /unvt/VT-open/zxy/UniteStreetMapVector/4/2/4.pbf 200 121507 - 7.657 ms"}
{"level":"info","message":"GET /unvt/VT-open/zxy/UniteStreetMapVector/4/4/6.pbf 200 134444 - 8.246 ms"}
{"level":"info","message":"GET /unvt/VT-open/zxy/UniteStreetMapVector/4/4/4.pbf 200 49985 - 2.750 ms"}
{"level":"info","message":"GET /unvt/VT-open/zxy/UniteStreetMapVector/4/1/4.pbf 200 61109 - 3.688 ms"}
{"level":"info","message":"GET /unvt/VT-open/zxy/UniteStreetMapVector/5/6/11.pbf 200 64266 - 5.008 ms"}
{"level":"info","message":"GET /unvt/VT-open/zxy/UniteStreetMapVector/5/6/10.pbf 200 47526 - 5.079 ms"}
{"level":"info","message":"GET /unvt/VT-open/zxy/UniteStreetMapVector/5/5/11.pbf 200 63274 - 5.262 ms"}
{"level":"info","message":"GET /unvt/VT-open/zxy/UniteStreetMapVector/5/7/11.pbf 200 49770 - 5.393 ms"}
{"level":"info","message":"GET /unvt/VT-open/zxy/UniteStreetMapVector/5/5/10.pbf 200 92635 - 5.980 ms"}
{"level":"info","message":"GET /unvt/VT-open/zxy/UniteStreetMapVector/5/6/12.pbf 200 52467 - 6.184 ms"}
{"level":"info","message":"GET /unvt/VT-open/zxy/UniteStreetMapVector/5/7/10.pbf 200 79126 - 1.097 ms"}
{"level":"info","message":"GET /unvt/VT-open/zxy/UniteStreetMapVector/5/5/12.pbf 200 37316 - 2.564 ms"}
{"level":"info","message":"GET /unvt/VT-open/zxy/UniteStreetMapVector/5/7/12.pbf 200 70502 - 3.137 ms"}
{"level":"info","message":"GET /unvt/VT-open/zxy/UniteStreetMapVector/6/13/22.pbf 404 59 - 0.850 ms"}
{"level":"info","message":"GET /unvt/VT-open/zxy/UniteStreetMapVector/6/13/21.pbf 404 59 - 0.278 ms"}
{"level":"info","message":"GET /unvt/VT-open/zxy/UniteStreetMapVector/6/14/22.pbf 404 59 - 0.747 ms"}
{"level":"info","message":"GET /unvt/VT-open/zxy/UniteStreetMapVector/6/12/22.pbf 404 59 - 0.861 ms"}
{"level":"info","message":"GET /unvt/VT-open/zxy/UniteStreetMapVector/6/13/23.pbf 404 59 - 0.920 ms"}
{"level":"info","message":"GET /unvt/VT-open/zxy/UniteStreetMapVector/6/14/21.pbf 404 59 - 0.999 ms"}
{"level":"info","message":"GET /unvt/VT-open/zxy/UniteStreetMapVector/6/12/21.pbf 404 59 - 0.413 ms"}
{"level":"info","message":"GET /unvt/VT-open/zxy/UniteStreetMapVector/6/14/23.pbf 404 59 - 0.546 ms"}
{"level":"info","message":"GET /unvt/VT-open/zxy/UniteStreetMapVector/6/12/23.pbf 404 59 - 0.297 ms"}
{"level":"info","message":"GET /unvt/VT-open/zxy/UniteStreetMapVector/3/0/1.pbf 200 21425 - 3.754 ms"}
{"level":"info","message":"GET /unvt/VT-open/zxy/UniteStreetMapVector/3/1/1.pbf 200 74101 - 5.048 ms"}
{"level":"info","message":"GET /unvt/VT-open/zxy/UniteStreetMapVector/3/2/1.pbf 200 49602 - 4.738 ms"}
{"level":"info","message":"GET /unvt/VT-open/zxy/UniteStreetMapVector/3/7/1.pbf 200 34971 - 4.651 ms"}
{"level":"info","message":"GET /unvt/VT-open/zxy/UniteStreetMapVector/5/4/11.pbf 200 9128 - 1.915 ms"}
{"level":"info","message":"GET /unvt/VT-open/zxy/UniteStreetMapVector/5/4/10.pbf 200 67826 - 4.172 ms"}
{"level":"info","message":"GET /unvt/VT-open/zxy/UniteStreetMapVector/5/4/12.pbf 200 1915 - 4.278 ms"}
{"level":"info","message":"GET /unvt/VT-open/zxy/UniteStreetMapVector/6/12/22.pbf 404 59 - 1.457 ms"}
{"level":"info","message":"GET /unvt/VT-open/zxy/UniteStreetMapVector/6/12/21.pbf 404 59 - 0.556 ms"}
{"level":"info","message":"GET /unvt/VT-open/zxy/UniteStreetMapVector/6/13/22.pbf 404 59 - 0.620 ms"}
{"level":"info","message":"GET /unvt/VT-open/zxy/UniteStreetMapVector/6/13/21.pbf 404 59 - 0.458 ms"}
{"level":"info","message":"GET /unvt/VT-open/zxy/UniteStreetMapVector/6/11/22.pbf 404 59 - 0.771 ms"}
{"level":"info","message":"GET /unvt/VT-open/zxy/UniteStreetMapVector/6/12/23.pbf 404 59 - 0.985 ms"}
{"level":"info","message":"GET /unvt/VT-open/zxy/UniteStreetMapVector/6/11/21.pbf 404 59 - 0.837 ms"}
{"level":"info","message":"GET /unvt/VT-open/zxy/UniteStreetMapVector/6/11/23.pbf 404 59 - 0.647 ms"}
{"level":"info","message":"GET /unvt/VT-open/zxy/UniteStreetMapVector/6/13/23.pbf 404 59 - 1.574 ms"}
{"level":"info","message":"GET /unvt/VT-open/zxy/UniteStreetMapVector/4/8/8.pbf 200 68342 - 1.788 ms"}
{"level":"info","message":"GET /unvt/VT-open/zxy/UniteStreetMapVector/4/8/7.pbf 200 83895 - 2.607 ms"}
{"level":"info","message":"GET /unvt/VT-open/zxy/UniteStreetMapVector/4/8/9.pbf 200 10633 - 1.619 ms"}
{"level":"info","message":"GET /unvt/font/NotoSans-Regular/8192-8447.pbf 200 52112 - 0.940 ms"}
{"level":"info","message":"GET /unvt/VT-open/zxy/UniteStreetMapVector/5/19/16.pbf 200 40406 - 1.758 ms"}
{"level":"info","message":"GET /unvt/VT-open/zxy/UniteStreetMapVector/5/18/16.pbf 200 51491 - 2.110 ms"}
{"level":"info","message":"GET /unvt/VT-open/zxy/UniteStreetMapVector/5/19/15.pbf 200 41207 - 3.030 ms"}
{"level":"info","message":"GET /unvt/VT-open/zxy/UniteStreetMapVector/5/18/15.pbf 200 45957 - 2.099 ms"}
{"level":"info","message":"GET /unvt/VT-open/zxy/UniteStreetMapVector/5/20/15.pbf 200 9995 - 2.890 ms"}
{"level":"info","message":"GET /unvt/VT-open/zxy/UniteStreetMapVector/5/19/17.pbf 200 46334 - 3.108 ms"}
{"level":"info","message":"GET /unvt/VT-open/zxy/UniteStreetMapVector/5/18/17.pbf 200 73505 - 3.344 ms"}
{"level":"info","message":"GET /unvt/VT-open/zxy/UniteStreetMapVector/6/38/32.pbf 404 59 - 1.109 ms"}
{"level":"info","message":"GET /unvt/VT-open/zxy/UniteStreetMapVector/6/38/33.pbf 404 59 - 2.083 ms"}
{"level":"info","message":"GET /unvt/VT-open/zxy/UniteStreetMapVector/6/39/33.pbf 404 59 - 2.602 ms"}
{"level":"info","message":"GET /unvt/VT-open/zxy/UniteStreetMapVector/6/38/31.pbf 404 59 - 2.853 ms"}
{"level":"info","message":"GET /unvt/VT-open/zxy/UniteStreetMapVector/6/37/32.pbf 404 59 - 3.093 ms"}
{"level":"info","message":"GET /unvt/VT-open/zxy/UniteStreetMapVector/6/37/33.pbf 404 59 - 0.378 ms"}
{"level":"info","message":"GET /unvt/VT-open/zxy/UniteStreetMapVector/6/37/31.pbf 404 59 - 0.422 ms"}
{"level":"info","message":"GET /unvt/VT-open/zxy/UniteStreetMapVector/6/39/31.pbf 404 59 - 0.322 ms"}
{"level":"info","message":"GET /unvt/VT-open/zxy/UniteStreetMapVector/6/39/32.pbf 200 64674 - 11.773 ms"}
{"level":"info","message":"GET /unvt/font/NotoSansDisplay-Medium/0-255.pbf 200 74619 - 0.590 ms"}
{"level":"info","message":"GET /unvt/VT-open/zxy/UniteStreetMapVector/7/77/65.pbf 404 59 - 0.477 ms"}
{"level":"info","message":"GET /unvt/VT-open/zxy/UniteStreetMapVector/7/77/64.pbf 404 59 - 0.245 ms"}
{"level":"info","message":"GET /unvt/VT-open/zxy/UniteStreetMapVector/7/78/65.pbf 200 32819 - 1.018 ms"}
{"level":"info","message":"GET /unvt/VT-open/zxy/UniteStreetMapVector/7/77/66.pbf 404 59 - 0.158 ms"}
{"level":"info","message":"GET /unvt/VT-open/zxy/UniteStreetMapVector/7/78/64.pbf 200 82224 - 0.903 ms"}
{"level":"info","message":"GET /unvt/VT-open/zxy/UniteStreetMapVector/7/78/66.pbf 404 59 - 0.225 ms"}
{"level":"info","message":"GET /unvt/VT-open/zxy/UniteStreetMapVector/7/76/65.pbf 404 59 - 0.214 ms"}
{"level":"info","message":"GET /unvt/VT-open/zxy/UniteStreetMapVector/7/76/64.pbf 404 59 - 0.480 ms"}
{"level":"info","message":"GET /unvt/VT-open/zxy/UniteStreetMapVector/7/76/66.pbf 404 59 - 0.607 ms"}
{"level":"info","message":"GET /unvt/VT-open/zxy/UniteStreetMapVector/7/79/65.pbf 404 69 - 3.153 ms"}
{"level":"info","message":"GET /unvt/VT-open/zxy/UniteStreetMapVector/7/79/66.pbf 404 59 - 0.971 ms"}
{"level":"info","message":"GET /unvt/VT-open/zxy/UniteStreetMapVector/7/79/64.pbf 200 10891 - 2.879 ms"}
{"level":"info","message":"GET /unvt/font/NotoSansDisplay-SemiBold/0-255.pbf 200 76329 - 1.131 ms"}
{"level":"info","message":"GET /unvt/font/NotoSansDisplay-Regular/0-255.pbf 200 73384 - 1.006 ms"}
{"level":"info","message":"GET /unvt/font/NotoSansDisplay-Regular/1536-1791.pbf 200 40 - 1.017 ms"}
{"level":"info","message":"GET /unvt/VT-open/zxy/UniteStreetMapVector/8/155/130.pbf 404 61 - 0.661 ms"}
{"level":"info","message":"GET /unvt/VT-open/zxy/UniteStreetMapVector/8/155/131.pbf 404 61 - 1.204 ms"}
{"level":"info","message":"GET /unvt/VT-open/zxy/UniteStreetMapVector/8/154/130.pbf 404 61 - 0.171 ms"}
{"level":"info","message":"GET /unvt/VT-open/zxy/UniteStreetMapVector/8/156/130.pbf 200 35251 - 3.382 ms"}
{"level":"info","message":"GET /unvt/VT-open/zxy/UniteStreetMapVector/8/156/131.pbf 200 17019 - 3.074 ms"}
{"level":"info","message":"GET /unvt/VT-open/zxy/UniteStreetMapVector/8/155/129.pbf 404 61 - 0.713 ms"}
{"level":"info","message":"GET /unvt/VT-open/zxy/UniteStreetMapVector/8/157/130.pbf 404 71 - 2.070 ms"}
{"level":"info","message":"GET /unvt/VT-open/zxy/UniteStreetMapVector/8/157/131.pbf 404 71 - 1.735 ms"}
{"level":"info","message":"GET /unvt/VT-open/zxy/UniteStreetMapVector/8/154/131.pbf 404 61 - 0.493 ms"}
{"level":"info","message":"GET /unvt/VT-open/zxy/UniteStreetMapVector/8/156/129.pbf 200 41479 - 2.447 ms"}
{"level":"info","message":"GET /unvt/VT-open/zxy/UniteStreetMapVector/8/154/129.pbf 404 61 - 0.981 ms"}
{"level":"info","message":"GET /unvt/VT-open/zxy/UniteStreetMapVector/8/157/129.pbf 200 45459 - 1.836 ms"}
{"level":"info","message":"GET /unvt/VT-open/zxy/UniteStreetMapVector/9/311/261.pbf 404 61 - 0.862 ms"}
{"level":"info","message":"GET /unvt/VT-open/zxy/UniteStreetMapVector/9/311/262.pbf 404 61 - 1.444 ms"}
{"level":"info","message":"GET /unvt/VT-open/zxy/UniteStreetMapVector/9/312/261.pbf 200 25772 - 3.184 ms"}
{"level":"info","message":"GET /unvt/VT-open/zxy/UniteStreetMapVector/9/312/262.pbf 200 10469 - 3.220 ms"}
{"level":"info","message":"GET /unvt/VT-open/zxy/UniteStreetMapVector/9/312/260.pbf 200 19274 - 3.455 ms"}
{"level":"info","message":"GET /unvt/VT-open/zxy/UniteStreetMapVector/9/311/260.pbf 404 61 - 1.458 ms"}
{"level":"info","message":"GET /unvt/VT-open/zxy/UniteStreetMapVector/9/313/261.pbf 404 71 - 3.979 ms"}
{"level":"info","message":"GET /unvt/VT-open/zxy/UniteStreetMapVector/9/313/262.pbf 404 71 - 3.483 ms"}
{"level":"info","message":"GET /unvt/VT-open/zxy/UniteStreetMapVector/9/313/260.pbf 200 5793 - 3.859 ms"}
{"level":"info","message":"GET /unvt/font/NotoSansDisplay-Italic/0-255.pbf 200 77446 - 1.398 ms"}
{"level":"info","message":"GET /unvt/VT-open/zxy/UniteStreetMapVector/10/623/523.pbf 404 62 - 0.291 ms"}
{"level":"info","message":"GET /unvt/VT-open/zxy/UniteStreetMapVector/10/624/522.pbf 200 15929 - 1.462 ms"}
{"level":"info","message":"GET /unvt/VT-open/zxy/UniteStreetMapVector/10/624/523.pbf 200 43415 - 2.386 ms"}
{"level":"info","message":"GET /unvt/VT-open/zxy/UniteStreetMapVector/10/625/523.pbf 200 3318 - 2.484 ms"}
{"level":"info","message":"GET /unvt/VT-open/zxy/UniteStreetMapVector/10/624/524.pbf 200 39052 - 2.416 ms"}
{"level":"info","message":"GET /unvt/VT-open/zxy/UniteStreetMapVector/10/625/522.pbf 200 12267 - 2.769 ms"}
{"level":"info","message":"GET /unvt/VT-open/zxy/UniteStreetMapVector/10/623/522.pbf 404 62 - 0.429 ms"}
{"level":"info","message":"GET /unvt/VT-open/zxy/UniteStreetMapVector/10/623/524.pbf 404 62 - 0.632 ms"}
{"level":"info","message":"GET /unvt/VT-open/zxy/UniteStreetMapVector/10/625/524.pbf 404 72 - 2.047 ms"}
{"level":"info","message":"GET /unvt/VT-open/zxy/UniteStreetMapVector/11/1249/1047.pbf 200 24685 - 1.647 ms"}
{"level":"info","message":"GET /unvt/VT-open/zxy/UniteStreetMapVector/11/1249/1046.pbf 200 29402 - 1.954 ms"}
{"level":"info","message":"GET /unvt/VT-open/zxy/UniteStreetMapVector/11/1250/1047.pbf 200 191 - 2.456 ms"}
{"level":"info","message":"GET /unvt/VT-open/zxy/UniteStreetMapVector/11/1250/1046.pbf 200 4306 - 2.564 ms"}
{"level":"info","message":"GET /unvt/VT-open/zxy/UniteStreetMapVector/11/1248/1047.pbf 200 8804 - 3.078 ms"}
{"level":"info","message":"GET /unvt/VT-open/zxy/UniteStreetMapVector/11/1248/1046.pbf 200 13138 - 3.411 ms"}
{"level":"info","message":"GET /unvt/VT-open/zxy/UniteStreetMapVector/11/1249/1048.pbf 200 22134 - 1.133 ms"}
{"level":"info","message":"GET /unvt/VT-open/zxy/UniteStreetMapVector/11/1250/1048.pbf 404 74 - 1.221 ms"}
{"level":"info","message":"GET /unvt/VT-open/zxy/UniteStreetMapVector/11/1248/1048.pbf 200 26279 - 1.801 ms"}
{"level":"info","message":"GET /unvt/VT-open/zxy/UniteStreetMapVector/12/2499/2093.pbf 200 42600 - 2.919 ms"}
{"level":"info","message":"GET /unvt/VT-open/zxy/UniteStreetMapVector/12/2499/2094.pbf 200 43441 - 3.564 ms"}
{"level":"info","message":"GET /unvt/VT-open/zxy/UniteStreetMapVector/12/2500/2094.pbf 200 191 - 3.330 ms"}
{"level":"info","message":"GET /unvt/VT-open/zxy/UniteStreetMapVector/12/2498/2094.pbf 200 21120 - 3.900 ms"}
{"level":"info","message":"GET /unvt/VT-open/zxy/UniteStreetMapVector/12/2498/2093.pbf 200 35284 - 4.169 ms"}
{"level":"info","message":"GET /unvt/VT-open/zxy/UniteStreetMapVector/12/2499/2095.pbf 200 1554 - 4.283 ms"}
{"level":"info","message":"GET /unvt/VT-open/zxy/UniteStreetMapVector/12/2500/2093.pbf 200 9447 - 0.757 ms"}
{"level":"info","message":"GET /unvt/VT-open/zxy/UniteStreetMapVector/12/2498/2095.pbf 200 10325 - 0.834 ms"}
{"level":"info","message":"GET /unvt/VT-open/zxy/UniteStreetMapVector/12/2500/2095.pbf 200 185 - 0.999 ms"}
{"level":"info","message":"GET /unvt/VT-open/zxy/UniteStreetMapVector/13/4998/4188.pbf 200 35939 - 2.578 ms"}
{"level":"info","message":"GET /unvt/VT-open/zxy/UniteStreetMapVector/13/4998/4187.pbf 200 16005 - 2.574 ms"}
{"level":"info","message":"GET /unvt/VT-open/zxy/UniteStreetMapVector/13/4999/4188.pbf 200 16644 - 3.108 ms"}
{"level":"info","message":"GET /unvt/VT-open/zxy/UniteStreetMapVector/13/4998/4189.pbf 200 15785 - 3.857 ms"}
{"level":"info","message":"GET /unvt/VT-open/zxy/UniteStreetMapVector/13/4997/4188.pbf 200 10873 - 5.618 ms"}
{"level":"info","message":"GET /unvt/VT-open/zxy/UniteStreetMapVector/13/4999/4187.pbf 200 29434 - 5.523 ms"}
{"level":"info","message":"GET /unvt/VT-open/zxy/UniteStreetMapVector/13/4997/4187.pbf 200 31265 - 2.660 ms"}
{"level":"info","message":"GET /unvt/VT-open/zxy/UniteStreetMapVector/13/4999/4189.pbf 200 180 - 3.488 ms"}
{"level":"info","message":"GET /unvt/VT-open/zxy/UniteStreetMapVector/13/4997/4189.pbf 200 14183 - 2.494 ms"}
{"level":"info","message":"GET /unvt/font/sans/0-255.pbf 200 79250 - 0.564 ms"}
{"level":"info","message":"GET /unvt/VT-open/zxy/UniteStreetMapVector/14/9996/8376.pbf 200 19299 - 1.948 ms"}
{"level":"info","message":"GET /unvt/VT-open/zxy/UniteStreetMapVector/14/9997/8377.pbf 200 21575 - 2.164 ms"}
{"level":"info","message":"GET /unvt/VT-open/zxy/UniteStreetMapVector/14/9997/8376.pbf 200 29838 - 3.434 ms"}
{"level":"info","message":"GET /unvt/VT-open/zxy/UniteStreetMapVector/14/9996/8377.pbf 200 40142 - 4.120 ms"}
{"level":"info","message":"GET /unvt/VT-open/zxy/UniteStreetMapVector/14/9997/8375.pbf 200 29493 - 4.519 ms"}
{"level":"info","message":"GET /unvt/VT-open/zxy/UniteStreetMapVector/14/9996/8375.pbf 200 36888 - 4.699 ms"}
{"level":"info","message":"GET /unvt/VT-open/zxy/UniteStreetMapVector/14/9998/8376.pbf 200 52639 - 3.209 ms"}
{"level":"info","message":"GET /unvt/VT-open/zxy/UniteStreetMapVector/14/9995/8376.pbf 200 5801 - 3.878 ms"}
{"level":"info","message":"GET /unvt/VT-open/zxy/UniteStreetMapVector/14/9998/8377.pbf 200 3474 - 3.959 ms"}
{"level":"info","message":"GET /unvt/VT-open/zxy/UniteStreetMapVector/14/9995/8377.pbf 200 16299 - 2.926 ms"}
{"level":"info","message":"GET /unvt/VT-open/zxy/UniteStreetMapVector/14/9998/8375.pbf 200 23370 - 3.115 ms"}
{"level":"info","message":"GET /unvt/VT-open/zxy/UniteStreetMapVector/14/9995/8375.pbf 200 49790 - 3.462 ms"}
{"level":"info","message":"GET /unvt/VT-open/zxy/UniteStreetMapVector/15/19994/16753.pbf 200 11433 - 1.409 ms"}
{"level":"info","message":"GET /unvt/VT-open/zxy/UniteStreetMapVector/15/19993/16753.pbf 200 7294 - 2.627 ms"}
{"level":"info","message":"GET /unvt/VT-open/zxy/UniteStreetMapVector/15/19994/16752.pbf 200 15588 - 3.132 ms"}
{"level":"info","message":"GET /unvt/VT-open/zxy/UniteStreetMapVector/15/19993/16754.pbf 200 3819 - 2.915 ms"}
{"level":"info","message":"GET /unvt/VT-open/zxy/UniteStreetMapVector/15/19994/16754.pbf 200 11576 - 3.185 ms"}
{"level":"info","message":"GET /unvt/VT-open/zxy/UniteStreetMapVector/15/19993/16752.pbf 200 9372 - 3.716 ms"}
{"level":"info","message":"GET /unvt/VT-open/zxy/UniteStreetMapVector/15/19995/16753.pbf 200 7336 - 1.455 ms"}
{"level":"info","message":"GET /unvt/VT-open/zxy/UniteStreetMapVector/15/19992/16753.pbf 200 2136 - 1.366 ms"}
{"level":"info","message":"GET /unvt/VT-open/zxy/UniteStreetMapVector/15/19995/16752.pbf 200 5819 - 1.653 ms"}
{"level":"info","message":"GET /unvt/VT-open/zxy/UniteStreetMapVector/15/19995/16754.pbf 200 8288 - 2.167 ms"}
{"level":"info","message":"GET /unvt/VT-open/zxy/UniteStreetMapVector/15/19992/16754.pbf 200 6346 - 2.354 ms"}
{"level":"info","message":"GET /unvt/VT-open/zxy/UniteStreetMapVector/15/19992/16752.pbf 200 8230 - 2.547 ms"}
{"level":"info","message":"GET /unvt/VT-open/zxy/UniteStreetMapVector/12/2497/2094.pbf 200 3080 - 2.120 ms"}
{"level":"info","message":"GET /unvt/VT-open/zxy/UniteStreetMapVector/12/2497/2093.pbf 200 6477 - 2.248 ms"}
{"level":"info","message":"GET /unvt/VT-open/zxy/UniteStreetMapVector/12/2497/2095.pbf 200 5097 - 3.290 ms"}
{"level":"info","message":"GET /unvt/VT-open/zxy/UniteStreetMapVector/11/1250/1048.pbf 404 74 - 1.186 ms"}
{"level":"info","message":"GET /unvt/VT-open/zxy/UniteStreetMapVector/7/77/65.pbf 404 59 - 0.717 ms"}
{"level":"info","message":"GET /unvt/VT-open/zxy/UniteStreetMapVector/7/77/66.pbf 404 59 - 0.630 ms"}
{"level":"info","message":"GET /unvt/VT-open/zxy/UniteStreetMapVector/7/78/66.pbf 404 59 - 0.791 ms"}
{"level":"info","message":"GET /unvt/VT-open/zxy/UniteStreetMapVector/7/76/65.pbf 404 59 - 0.970 ms"}
{"level":"info","message":"GET /unvt/VT-open/zxy/UniteStreetMapVector/7/76/64.pbf 404 59 - 1.263 ms"}
{"level":"info","message":"GET /unvt/VT-open/zxy/UniteStreetMapVector/7/76/66.pbf 404 59 - 0.373 ms"}
{"level":"info","message":"GET /unvt/VT-open/zxy/UniteStreetMapVector/7/79/66.pbf 404 59 - 0.370 ms"}
{"level":"info","message":"GET /unvt/VT-open/zxy/UniteStreetMapVector/7/79/65.pbf 404 69 - 1.615 ms"}
{"level":"info","message":"GET /unvt/VT-open/zxy/UniteStreetMapVector/6/38/32.pbf 404 59 - 1.274 ms"}
{"level":"info","message":"GET /unvt/VT-open/zxy/UniteStreetMapVector/6/38/33.pbf 404 59 - 1.603 ms"}
{"level":"info","message":"GET /unvt/VT-open/zxy/UniteStreetMapVector/6/39/33.pbf 404 59 - 1.777 ms"}
{"level":"info","message":"GET /unvt/VT-open/zxy/UniteStreetMapVector/6/37/32.pbf 404 59 - 0.583 ms"}
{"level":"info","message":"GET /unvt/VT-open/zxy/UniteStreetMapVector/6/37/33.pbf 404 59 - 0.793 ms"}
{"level":"info","message":"GET /unvt/VT-open/zxy/UniteStreetMapVector/6/38/31.pbf 404 59 - 0.232 ms"}
{"level":"info","message":"GET /unvt/VT-open/zxy/UniteStreetMapVector/6/39/31.pbf 404 59 - 0.307 ms"}
{"level":"info","message":"GET /unvt/VT-open/zxy/UniteStreetMapVector/6/37/31.pbf 404 59 - 0.486 ms"}
{"level":"info","message":"GET /unvt/VT-open/zxy/UniteStreetMapVector/4/10/5.pbf 200 102720 - 13.146 ms"}
{"level":"info","message":"GET /unvt/VT-open/zxy/UniteStreetMapVector/4/9/6.pbf 200 104624 - 3.176 ms"}
{"level":"info","message":"GET /unvt/VT-open/zxy/UniteStreetMapVector/4/9/5.pbf 200 136177 - 3.599 ms"}
{"level":"info","message":"GET /unvt/font/NotoSans-Regular/512-767.pbf 200 94502 - 1.482 ms"}
{"level":"info","message":"GET /unvt/VT-open/zxy/UniteStreetMapVector/5/20/14.pbf 200 6800 - 2.102 ms"}
{"level":"info","message":"GET /unvt/VT-open/zxy/UniteStreetMapVector/5/21/14.pbf 200 1867 - 3.572 ms"}
{"level":"info","message":"GET /unvt/VT-open/zxy/UniteStreetMapVector/5/21/13.pbf 200 17021 - 3.374 ms"}
{"level":"info","message":"GET /unvt/VT-open/zxy/UniteStreetMapVector/5/20/13.pbf 200 32385 - 3.623 ms"}
{"level":"info","message":"GET /unvt/VT-open/zxy/UniteStreetMapVector/5/21/15.pbf 404 69 - 6.991 ms"}
{"level":"info","message":"GET /unvt/VT-open/zxy/UniteStreetMapVector/5/22/14.pbf 200 39700 - 6.878 ms"}
{"level":"info","message":"GET /unvt/VT-open/zxy/UniteStreetMapVector/5/22/13.pbf 200 54312 - 7.025 ms"}
{"level":"info","message":"GET /unvt/VT-open/zxy/UniteStreetMapVector/5/19/14.pbf 200 33450 - 7.914 ms"}
{"level":"info","message":"GET /unvt/VT-open/zxy/UniteStreetMapVector/5/19/13.pbf 200 20740 - 3.325 ms"}
{"level":"info","message":"GET /unvt/VT-open/zxy/UniteStreetMapVector/5/22/15.pbf 200 9339 - 2.660 ms"}
{"level":"info","message":"GET /unvt/ 200 694 - 4.999 ms"}
{"level":"info","message":"GET /unvt/map-l 200 1392 - 47.954 ms"}
{"level":"info","message":"GET /unvt/maplibre-gl@5.3.0/maplibre-gl.css 200 69422 - 4.825 ms"}
{"level":"info","message":"GET /unvt/maplibre-gl@5.3.0/maplibre-gl.js 200 913906 - 7.541 ms"}
{"level":"info","message":"GET /unvt/styles/style-std.json 200 134113 - 1.620 ms"}
{"level":"info","message":"GET /unvt/sprite-rev/sprite_S.json 200 13660 - 2.042 ms"}
{"level":"info","message":"GET /unvt/sprite-rev/sprite_S.png 200 24866 - 3.208 ms"}
{"level":"info","message":"GET /unvt/maplibre-gl@5.3.0/maplibre-gl.js.map 200 5294603 - 1.177 ms"}
{"level":"info","message":"GET /unvt/VT-open/zxy/UniteStreetMapVector/1/1/0.pbf 200 76538 - 20.508 ms"}
{"level":"info","message":"GET /unvt/VT-open/zxy/UniteStreetMapVector/1/1/0.pbf 200 76538 - 21.580 ms"}
{"level":"info","message":"GET /unvt/VT-open/zxy/UniteStreetMapVector/1/1/1.pbf 200 25942 - 14.218 ms"}
{"level":"info","message":"GET /unvt/VT-open/zxy/UniteStreetMapVector/1/1/1.pbf 200 25942 - 15.407 ms"}
{"level":"info","message":"GET /unvt/VT-open/zxy/UniteStreetMapVector/1/0/0.pbf 200 80184 - 24.712 ms"}
{"level":"info","message":"GET /unvt/VT-open/zxy/UniteStreetMapVector/1/0/0.pbf 200 80184 - 22.003 ms"}
{"level":"info","message":"GET /unvt/VT-open/zxy/UniteStreetMapVector/1/0/1.pbf 200 22607 - 2.123 ms"}
{"level":"info","message":"GET /unvt/VT-open/zxy/UniteStreetMapVector/1/0/1.pbf 200 22607 - 2.835 ms"}
{"level":"info","message":"GET /unvt/font/Open%20Sans%20Semibold/256-511.pbf 200 68869 - 1.263 ms"}
{"level":"info","message":"GET /unvt/font/NotoSansDisplay-SemiBoldItalic/0-255.pbf 200 80270 - 1.153 ms"}
{"level":"info","message":"GET /unvt/font/Open%20Sans%20Semibold/0-255.pbf 200 77571 - 1.573 ms"}
{"level":"info","message":"GET /unvt/VT-open/zxy/UniteStreetMapVector/2/2/1.pbf 200 351876 - 5.341 ms"}
{"level":"info","message":"GET /unvt/VT-open/zxy/UniteStreetMapVector/2/2/2.pbf 200 48323 - 5.988 ms"}
{"level":"info","message":"GET /unvt/VT-open/zxy/UniteStreetMapVector/2/3/2.pbf 200 71773 - 5.772 ms"}
{"level":"info","message":"GET /unvt/VT-open/zxy/UniteStreetMapVector/2/1/1.pbf 200 195956 - 7.619 ms"}
{"level":"info","message":"GET /unvt/VT-open/zxy/UniteStreetMapVector/2/1/2.pbf 200 88039 - 8.207 ms"}
{"level":"info","message":"GET /unvt/VT-open/zxy/UniteStreetMapVector/2/3/1.pbf 200 225668 - 7.301 ms"}
{"level":"info","message":"GET /unvt/VT-open/zxy/UniteStreetMapVector/2/0/2.pbf 200 3761 - 5.844 ms"}
{"level":"info","message":"GET /unvt/VT-open/zxy/UniteStreetMapVector/2/0/1.pbf 200 237607 - 3.548 ms"}
{"level":"info","message":"GET /unvt/font/NotoSansDisplay-MediumItalic/0-255.pbf 200 78669 - 0.976 ms"}
{"level":"info","message":"GET /unvt/sprite-rev/sprite_S.json 304 - - 0.829 ms"}
{"level":"info","message":"GET /unvt/sprite-rev/sprite_S.png 304 - - 0.377 ms"}
{"level":"info","message":"GET /unvt/font/Open%20Sans%20Bold/256-511.pbf 304 - - 0.554 ms"}
{"level":"info","message":"GET /unvt/font/Open%20Sans%20Semibold%20Italic/0-255.pbf 200 80678 - 1.928 ms"}
{"level":"info","message":"GET /unvt/font/sans/0-255.pbf 304 - - 1.294 ms"}
{"level":"info","message":"GET /unvt/font/Open%20Sans%20Bold/0-255.pbf 304 - - 0.639 ms"}
{"level":"info","message":"GET /unvt/font/Open%20Sans%20Italic/0-255.pbf 200 78054 - 0.537 ms"}
{"level":"info","message":"GET /unvt/sprite-rev/sprite_S.json 304 - - 0.266 ms"}
{"level":"info","message":"GET /unvt/sprite-rev/sprite_S@2x.png 304 - - 0.371 ms"}
{"level":"info","message":"GET /unvt/font/NotoSans-Regular/0-255.pbf 304 - - 0.229 ms"}
{"level":"info","message":"GET /unvt/VT-open/zxy/UniteStreetMapVector/4/14/8.pbf 200 68575 - 3.602 ms"}
{"level":"info","message":"GET /unvt/font/NotoSans-Regular/256-511.pbf 304 - - 0.314 ms"}
{"level":"info","message":"GET /unvt/VT-open/zxy/UniteStreetMapVector/5/27/13.pbf 200 8692 - 1.740 ms"}
{"level":"info","message":"GET /unvt/VT-open/zxy/UniteStreetMapVector/5/28/13.pbf 200 786 - 2.322 ms"}
{"level":"info","message":"GET /unvt/VT-open/zxy/UniteStreetMapVector/5/27/14.pbf 200 7604 - 3.816 ms"}
{"level":"info","message":"GET /unvt/VT-open/zxy/UniteStreetMapVector/5/28/14.pbf 200 1296 - 4.351 ms"}
{"level":"info","message":"GET /unvt/VT-open/zxy/UniteStreetMapVector/5/27/12.pbf 200 81058 - 4.508 ms"}
{"level":"info","message":"GET /unvt/VT-open/zxy/UniteStreetMapVector/5/28/12.pbf 200 53386 - 4.773 ms"}
{"level":"info","message":"GET /unvt/VT-open/zxy/UniteStreetMapVector/5/29/13.pbf 200 103 - 2.427 ms"}
{"level":"info","message":"GET /unvt/VT-open/zxy/UniteStreetMapVector/5/29/14.pbf 200 67 - 2.873 ms"}
{"level":"info","message":"GET /unvt/VT-open/zxy/UniteStreetMapVector/5/29/12.pbf 404 69 - 2.862 ms"}
{"level":"info","message":"GET /unvt/VT-open/zxy/UniteStreetMapVector/6/56/27.pbf 404 59 - 1.811 ms"}
{"level":"info","message":"GET /unvt/VT-open/zxy/UniteStreetMapVector/6/56/26.pbf 404 59 - 2.121 ms"}
{"level":"info","message":"GET /unvt/VT-open/zxy/UniteStreetMapVector/6/55/27.pbf 404 59 - 2.510 ms"}
{"level":"info","message":"GET /unvt/VT-open/zxy/UniteStreetMapVector/6/57/27.pbf 404 59 - 3.182 ms"}
{"level":"info","message":"GET /unvt/VT-open/zxy/UniteStreetMapVector/6/55/26.pbf 404 59 - 3.621 ms"}
{"level":"info","message":"GET /unvt/VT-open/zxy/UniteStreetMapVector/6/55/28.pbf 404 59 - 0.762 ms"}
{"level":"info","message":"GET /unvt/VT-open/zxy/UniteStreetMapVector/6/57/28.pbf 404 59 - 1.041 ms"}
{"level":"info","message":"GET /unvt/VT-open/zxy/UniteStreetMapVector/6/56/28.pbf 404 59 - 0.429 ms"}
{"level":"info","message":"GET /unvt/VT-open/zxy/UniteStreetMapVector/6/57/26.pbf 404 59 - 1.156 ms"}
{"level":"info","message":"GET /unvt/VT-open/zxy/UniteStreetMapVector/7/113/54.pbf 404 60 - 0.447 ms"}
{"level":"info","message":"GET /unvt/VT-open/zxy/UniteStreetMapVector/7/112/54.pbf 404 60 - 0.218 ms"}
{"level":"info","message":"GET /unvt/VT-open/zxy/UniteStreetMapVector/7/113/53.pbf 404 60 - 0.185 ms"}
{"level":"info","message":"GET /unvt/VT-open/zxy/UniteStreetMapVector/7/112/53.pbf 404 60 - 0.259 ms"}
{"level":"info","message":"GET /unvt/VT-open/zxy/UniteStreetMapVector/7/113/55.pbf 404 60 - 0.726 ms"}
{"level":"info","message":"GET /unvt/VT-open/zxy/UniteStreetMapVector/7/112/55.pbf 404 60 - 0.429 ms"}
{"level":"info","message":"GET /unvt/VT-open/zxy/UniteStreetMapVector/7/114/54.pbf 404 60 - 1.546 ms"}
{"level":"info","message":"GET /unvt/VT-open/zxy/UniteStreetMapVector/7/114/53.pbf 404 60 - 1.719 ms"}
{"level":"info","message":"GET /unvt/VT-open/zxy/UniteStreetMapVector/7/111/54.pbf 404 60 - 2.047 ms"}
{"level":"info","message":"GET /unvt/VT-open/zxy/UniteStreetMapVector/7/111/53.pbf 404 60 - 2.707 ms"}
{"level":"info","message":"GET /unvt/VT-open/zxy/UniteStreetMapVector/7/114/55.pbf 404 60 - 3.129 ms"}
{"level":"info","message":"GET /unvt/VT-open/zxy/UniteStreetMapVector/7/111/55.pbf 404 60 - 0.432 ms"}
{"level":"info","message":"GET /unvt/VT-open/zxy/UniteStreetMapVector/5/29/12.pbf 404 69 - 0.560 ms"}
{"level":"info","message":"GET /unvt/VT-open/zxy/UniteStreetMapVector/4/15/6.pbf 404 68 - 0.901 ms"}
{"level":"info","message":"GET /unvt/VT-open/zxy/UniteStreetMapVector/4/15/8.pbf 200 15051 - 1.311 ms"}
{"level":"info","message":"GET /unvt/VT-open/zxy/UniteStreetMapVector/5/27/11.pbf 200 59905 - 3.297 ms"}
{"level":"info","message":"GET /unvt/VT-open/zxy/UniteStreetMapVector/5/26/11.pbf 200 46581 - 3.121 ms"}
{"level":"info","message":"GET /unvt/VT-open/zxy/UniteStreetMapVector/5/28/11.pbf 200 23286 - 3.492 ms"}
{"level":"info","message":"GET /unvt/VT-open/zxy/UniteStreetMapVector/5/29/11.pbf 200 3174 - 3.502 ms"}
{"level":"info","message":"GET /unvt/VT-open/zxy/UniteStreetMapVector/6/56/25.pbf 404 59 - 1.399 ms"}
{"level":"info","message":"GET /unvt/VT-open/zxy/UniteStreetMapVector/6/55/25.pbf 404 59 - 1.626 ms"}
{"level":"info","message":"GET /unvt/VT-open/zxy/UniteStreetMapVector/6/56/24.pbf 404 59 - 2.062 ms"}
{"level":"info","message":"GET /unvt/VT-open/zxy/UniteStreetMapVector/6/55/24.pbf 404 59 - 2.194 ms"}
{"level":"info","message":"GET /unvt/VT-open/zxy/UniteStreetMapVector/6/57/25.pbf 404 59 - 0.662 ms"}
{"level":"info","message":"GET /unvt/VT-open/zxy/UniteStreetMapVector/6/54/24.pbf 404 59 - 0.895 ms"}
{"level":"info","message":"GET /unvt/VT-open/zxy/UniteStreetMapVector/6/54/26.pbf 404 59 - 1.311 ms"}
{"level":"info","message":"GET /unvt/VT-open/zxy/UniteStreetMapVector/6/54/25.pbf 404 59 - 0.356 ms"}
{"level":"info","message":"GET /unvt/VT-open/zxy/UniteStreetMapVector/6/57/24.pbf 404 59 - 0.803 ms"}
{"level":"info","message":"GET /unvt/VT-open/zxy/UniteStreetMapVector/7/112/50.pbf 404 60 - 0.762 ms"}
{"level":"info","message":"GET /unvt/VT-open/zxy/UniteStreetMapVector/7/111/50.pbf 404 60 - 0.993 ms"}
{"level":"info","message":"GET /unvt/VT-open/zxy/UniteStreetMapVector/7/112/51.pbf 404 60 - 0.434 ms"}
{"level":"info","message":"GET /unvt/VT-open/zxy/UniteStreetMapVector/7/111/51.pbf 404 60 - 0.622 ms"}
{"level":"info","message":"GET /unvt/VT-open/zxy/UniteStreetMapVector/7/112/49.pbf 404 60 - 0.232 ms"}
{"level":"info","message":"GET /unvt/VT-open/zxy/UniteStreetMapVector/7/111/49.pbf 404 60 - 0.184 ms"}
{"level":"info","message":"GET /unvt/VT-open/zxy/UniteStreetMapVector/7/113/50.pbf 404 60 - 2.421 ms"}
{"level":"info","message":"GET /unvt/VT-open/zxy/UniteStreetMapVector/7/113/51.pbf 404 60 - 3.791 ms"}
{"level":"info","message":"GET /unvt/VT-open/zxy/UniteStreetMapVector/7/113/49.pbf 404 60 - 4.647 ms"}
{"level":"info","message":"GET /unvt/VT-open/zxy/UniteStreetMapVector/8/224/100.pbf 404 61 - 2.148 ms"}
{"level":"info","message":"GET /unvt/VT-open/zxy/UniteStreetMapVector/8/224/101.pbf 404 61 - 2.316 ms"}
{"level":"info","message":"GET /unvt/VT-open/zxy/UniteStreetMapVector/8/223/100.pbf 404 61 - 2.849 ms"}
{"level":"info","message":"GET /unvt/VT-open/zxy/UniteStreetMapVector/8/223/101.pbf 404 61 - 3.347 ms"}
{"level":"info","message":"GET /unvt/VT-open/zxy/UniteStreetMapVector/8/225/100.pbf 404 61 - 3.770 ms"}
{"level":"info","message":"GET /unvt/VT-open/zxy/UniteStreetMapVector/8/225/101.pbf 404 61 - 0.447 ms"}
{"level":"info","message":"GET /unvt/VT-open/zxy/UniteStreetMapVector/9/448/201.pbf 404 61 - 0.755 ms"}
{"level":"info","message":"GET /unvt/VT-open/zxy/UniteStreetMapVector/9/449/201.pbf 404 61 - 1.000 ms"}
{"level":"info","message":"GET /unvt/VT-open/zxy/UniteStreetMapVector/9/448/202.pbf 404 61 - 0.689 ms"}
{"level":"info","message":"GET /unvt/VT-open/zxy/UniteStreetMapVector/9/449/202.pbf 404 61 - 0.888 ms"}
{"level":"info","message":"GET /unvt/VT-open/zxy/UniteStreetMapVector/9/448/200.pbf 404 61 - 1.018 ms"}
{"level":"info","message":"GET /unvt/VT-open/zxy/UniteStreetMapVector/9/449/200.pbf 404 61 - 0.467 ms"}
{"level":"info","message":"GET /unvt/VT-open/zxy/UniteStreetMapVector/9/447/201.pbf 404 61 - 0.586 ms"}
{"level":"info","message":"GET /unvt/VT-open/zxy/UniteStreetMapVector/9/447/202.pbf 404 61 - 0.740 ms"}
{"level":"info","message":"GET /unvt/VT-open/zxy/UniteStreetMapVector/9/450/201.pbf 404 61 - 0.865 ms"}
{"level":"info","message":"GET /unvt/VT-open/zxy/UniteStreetMapVector/9/450/202.pbf 404 61 - 1.423 ms"}
{"level":"info","message":"GET /unvt/VT-open/zxy/UniteStreetMapVector/9/447/200.pbf 404 61 - 1.065 ms"}
{"level":"info","message":"GET /unvt/VT-open/zxy/UniteStreetMapVector/9/450/200.pbf 404 61 - 2.096 ms"}
{"level":"info","message":"GET /unvt/VT-open/zxy/UniteStreetMapVector/8/224/102.pbf 404 61 - 0.591 ms"}
{"level":"info","message":"GET /unvt/VT-open/zxy/UniteStreetMapVector/8/223/102.pbf 404 61 - 0.850 ms"}
{"level":"info","message":"GET /unvt/VT-open/zxy/UniteStreetMapVector/8/225/102.pbf 404 61 - 1.210 ms"}
{"level":"info","message":"GET /unvt/font/NotoSans-Regular/7936-8191.pbf 304 - - 0.235 ms"}
{"level":"info","message":"GET /unvt/font/NotoSans-Regular/8192-8447.pbf 304 - - 0.180 ms"}
{"level":"info","message":"GET /unvt/VT-open/zxy/UniteStreetMapVector/6/38/32.pbf 404 59 - 0.852 ms"}
{"level":"info","message":"GET /unvt/VT-open/zxy/UniteStreetMapVector/6/39/33.pbf 404 59 - 0.225 ms"}
{"level":"info","message":"GET /unvt/VT-open/zxy/UniteStreetMapVector/6/38/33.pbf 404 59 - 0.298 ms"}
{"level":"info","message":"GET /unvt/VT-open/zxy/UniteStreetMapVector/6/39/31.pbf 404 59 - 1.225 ms"}
{"level":"info","message":"GET /unvt/VT-open/zxy/UniteStreetMapVector/6/40/33.pbf 404 59 - 0.463 ms"}
{"level":"info","message":"GET /unvt/VT-open/zxy/UniteStreetMapVector/6/38/31.pbf 404 59 - 0.881 ms"}
{"level":"info","message":"GET /unvt/VT-open/zxy/UniteStreetMapVector/6/37/32.pbf 404 59 - 0.447 ms"}
{"level":"info","message":"GET /unvt/VT-open/zxy/UniteStreetMapVector/6/37/33.pbf 404 59 - 0.904 ms"}
{"level":"info","message":"GET /unvt/VT-open/zxy/UniteStreetMapVector/6/40/31.pbf 404 59 - 1.298 ms"}
{"level":"info","message":"GET /unvt/VT-open/zxy/UniteStreetMapVector/6/40/32.pbf 404 59 - 1.558 ms"}
{"level":"info","message":"GET /unvt/VT-open/zxy/UniteStreetMapVector/6/37/31.pbf 404 59 - 0.393 ms"}
{"level":"info","message":"GET /unvt/font/NotoSansDisplay-Medium/0-255.pbf 304 - - 0.419 ms"}
{"level":"info","message":"GET /unvt/VT-open/zxy/UniteStreetMapVector/7/77/65.pbf 404 59 - 1.934 ms"}
{"level":"info","message":"GET /unvt/VT-open/zxy/UniteStreetMapVector/7/78/66.pbf 404 59 - 2.740 ms"}
{"level":"info","message":"GET /unvt/VT-open/zxy/UniteStreetMapVector/7/77/66.pbf 404 59 - 2.094 ms"}
{"level":"info","message":"GET /unvt/VT-open/zxy/UniteStreetMapVector/7/77/64.pbf 404 59 - 2.305 ms"}
{"level":"info","message":"GET /unvt/VT-open/zxy/UniteStreetMapVector/7/79/66.pbf 404 59 - 2.916 ms"}
{"level":"info","message":"GET /unvt/VT-open/zxy/UniteStreetMapVector/7/76/65.pbf 404 59 - 3.860 ms"}
{"level":"info","message":"GET /unvt/VT-open/zxy/UniteStreetMapVector/7/76/66.pbf 404 59 - 1.400 ms"}
{"level":"info","message":"GET /unvt/VT-open/zxy/UniteStreetMapVector/7/76/64.pbf 404 59 - 0.342 ms"}
{"level":"info","message":"GET /unvt/VT-open/zxy/UniteStreetMapVector/7/79/65.pbf 404 69 - 7.630 ms"}
{"level":"info","message":"GET /unvt/font/NotoSansDisplay-Regular/0-255.pbf 304 - - 0.443 ms"}
{"level":"info","message":"GET /unvt/font/NotoSans-Bold/0-255.pbf 200 80193 - 2.578 ms"}
{"level":"info","message":"GET /unvt/font/NotoSans-Italic/0-255.pbf 200 79143 - 2.042 ms"}
{"level":"info","message":"GET /unvt/font/NotoSansDisplay-Regular/1536-1791.pbf 304 - - 0.223 ms"}
{"level":"info","message":"GET /unvt/VT-open/zxy/UniteStreetMapVector/8/155/131.pbf 404 61 - 1.130 ms"}
{"level":"info","message":"GET /unvt/VT-open/zxy/UniteStreetMapVector/8/155/130.pbf 404 61 - 2.301 ms"}
{"level":"info","message":"GET /unvt/VT-open/zxy/UniteStreetMapVector/8/156/132.pbf 404 61 - 1.004 ms"}
{"level":"info","message":"GET /unvt/VT-open/zxy/UniteStreetMapVector/8/155/132.pbf 404 61 - 2.579 ms"}
{"level":"info","message":"GET /unvt/VT-open/zxy/UniteStreetMapVector/8/155/129.pbf 404 61 - 1.721 ms"}
{"level":"info","message":"GET /unvt/VT-open/zxy/UniteStreetMapVector/8/157/132.pbf 404 61 - 2.226 ms"}
{"level":"info","message":"GET /unvt/VT-open/zxy/UniteStreetMapVector/8/157/131.pbf 404 71 - 5.946 ms"}
{"level":"info","message":"GET /unvt/VT-open/zxy/UniteStreetMapVector/8/157/130.pbf 404 71 - 6.907 ms"}
{"level":"info","message":"GET /unvt/font/NotoSansDisplay-SemiBold/0-255.pbf 304 - - 0.433 ms"}
{"level":"info","message":"GET /unvt/VT-open/zxy/UniteStreetMapVector/9/311/261.pbf 404 61 - 1.773 ms"}
{"level":"info","message":"GET /unvt/VT-open/zxy/UniteStreetMapVector/9/311/262.pbf 404 61 - 2.163 ms"}
{"level":"info","message":"GET /unvt/VT-open/zxy/UniteStreetMapVector/9/311/260.pbf 404 61 - 2.272 ms"}
{"level":"info","message":"GET /unvt/VT-open/zxy/UniteStreetMapVector/9/313/261.pbf 404 71 - 4.876 ms"}
{"level":"info","message":"GET /unvt/VT-open/zxy/UniteStreetMapVector/9/313/262.pbf 404 71 - 5.296 ms"}
{"level":"info","message":"GET /unvt/VT-open/zxy/UniteStreetMapVector/10/623/523.pbf 404 62 - 1.404 ms"}
{"level":"info","message":"GET /unvt/VT-open/zxy/UniteStreetMapVector/10/623/524.pbf 404 62 - 1.831 ms"}
{"level":"info","message":"GET /unvt/VT-open/zxy/UniteStreetMapVector/10/625/524.pbf 404 72 - 4.786 ms"}
{"level":"info","message":"GET /unvt/VT-open/zxy/UniteStreetMapVector/10/626/523.pbf 404 72 - 4.333 ms"}
{"level":"info","message":"GET /unvt/VT-open/zxy/UniteStreetMapVector/10/626/524.pbf 404 72 - 3.968 ms"}
{"level":"info","message":"GET /unvt/VT-open/zxy/UniteStreetMapVector/10/626/522.pbf 404 72 - 3.909 ms"}
{"level":"info","message":"GET /unvt/VT-open/zxy/UniteStreetMapVector/10/623/522.pbf 404 62 - 1.906 ms"}
{"level":"info","message":"GET /unvt/VT-open/zxy/UniteStreetMapVector/11/1250/1048.pbf 404 74 - 3.256 ms"}
{"level":"info","message":"GET /unvt/VT-open/zxy/UniteStreetMapVector/11/1251/1047.pbf 404 74 - 2.383 ms"}
{"level":"info","message":"GET /unvt/VT-open/zxy/UniteStreetMapVector/11/1251/1048.pbf 404 74 - 2.357 ms"}
{"level":"info","message":"GET /unvt/VT-open/zxy/UniteStreetMapVector/11/1251/1046.pbf 404 74 - 2.372 ms"}
{"level":"info","message":"GET /unvt/VT-open/zxy/UniteStreetMapVector/13/4999/4190.pbf 404 74 - 3.894 ms"}
{"level":"info","message":"GET /unvt/VT-open/zxy/UniteStreetMapVector/13/4998/4190.pbf 200 1952 - 3.963 ms"}
{"level":"info","message":"GET /unvt/VT-open/zxy/UniteStreetMapVector/13/5000/4189.pbf 200 188 - 4.117 ms"}
{"level":"info","message":"GET /unvt/VT-open/zxy/UniteStreetMapVector/13/5000/4190.pbf 200 180 - 3.769 ms"}
{"level":"info","message":"GET /unvt/VT-open/zxy/UniteStreetMapVector/13/4997/4190.pbf 200 9918 - 3.804 ms"}
{"level":"info","message":"GET /unvt/VT-open/zxy/UniteStreetMapVector/13/5000/4188.pbf 200 171 - 3.939 ms"}
{"level":"info","message":"GET /unvt/VT-open/zxy/UniteStreetMapVector/14/9998/8379.pbf 404 74 - 2.650 ms"}
{"level":"info","message":"GET /unvt/VT-open/zxy/UniteStreetMapVector/14/9997/8379.pbf 200 6017 - 2.958 ms"}
{"level":"info","message":"GET /unvt/VT-open/zxy/UniteStreetMapVector/14/9998/8380.pbf 404 74 - 3.089 ms"}
{"level":"info","message":"GET /unvt/VT-open/zxy/UniteStreetMapVector/14/9997/8380.pbf 404 74 - 3.814 ms"}
{"level":"info","message":"GET /unvt/VT-open/zxy/UniteStreetMapVector/14/9998/8378.pbf 404 74 - 4.011 ms"}
{"level":"info","message":"GET /unvt/VT-open/zxy/UniteStreetMapVector/14/9997/8378.pbf 200 62477 - 4.817 ms"}
{"level":"info","message":"GET /unvt/VT-open/zxy/UniteStreetMapVector/14/9999/8379.pbf 404 74 - 3.930 ms"}
{"level":"info","message":"GET /unvt/VT-open/zxy/UniteStreetMapVector/14/9996/8379.pbf 200 26932 - 3.406 ms"}
{"level":"info","message":"GET /unvt/VT-open/zxy/UniteStreetMapVector/14/9999/8380.pbf 404 74 - 4.168 ms"}
{"level":"info","message":"GET /unvt/VT-open/zxy/UniteStreetMapVector/14/9999/8378.pbf 200 181 - 3.604 ms"}
{"level":"info","message":"GET /unvt/VT-open/zxy/UniteStreetMapVector/14/9996/8380.pbf 200 3411 - 4.832 ms"}
{"level":"info","message":"GET /unvt/VT-open/zxy/UniteStreetMapVector/14/9996/8378.pbf 200 124340 - 5.306 ms"}
{"level":"info","message":"GET /unvt/VT-open/zxy/UniteStreetMapVector/14/9999/8380.pbf 404 74 - 0.580 ms"}
{"level":"info","message":"GET /unvt/VT-open/zxy/UniteStreetMapVector/11/1251/1047.pbf 404 74 - 1.415 ms"}
{"level":"info","message":"GET /unvt/VT-open/zxy/UniteStreetMapVector/11/1251/1048.pbf 404 74 - 1.690 ms"}
{"level":"info","message":"GET /unvt/VT-open/zxy/UniteStreetMapVector/11/1251/1046.pbf 404 74 - 1.663 ms"}
{"level":"info","message":"GET /unvt/VT-open/zxy/UniteStreetMapVector/10/623/523.pbf 404 62 - 1.148 ms"}
{"level":"info","message":"GET /unvt/VT-open/zxy/UniteStreetMapVector/10/623/524.pbf 404 62 - 1.903 ms"}
{"level":"info","message":"GET /unvt/VT-open/zxy/UniteStreetMapVector/10/623/522.pbf 404 62 - 2.278 ms"}
{"level":"info","message":"GET /unvt/VT-open/zxy/UniteStreetMapVector/10/626/523.pbf 404 72 - 4.373 ms"}
{"level":"info","message":"GET /unvt/VT-open/zxy/UniteStreetMapVector/10/626/524.pbf 404 72 - 3.747 ms"}
{"level":"info","message":"GET /unvt/VT-open/zxy/UniteStreetMapVector/10/626/522.pbf 404 72 - 3.993 ms"}
{"level":"info","message":"GET /unvt/VT-open/zxy/UniteStreetMapVector/8/156/132.pbf 404 61 - 0.731 ms"}
{"level":"info","message":"GET /unvt/VT-open/zxy/UniteStreetMapVector/8/155/132.pbf 404 61 - 1.269 ms"}
{"level":"info","message":"GET /unvt/VT-open/zxy/UniteStreetMapVector/8/157/132.pbf 404 61 - 1.463 ms"}
{"level":"info","message":"GET /unvt/VT-open/zxy/UniteStreetMapVector/7/79/66.pbf 404 59 - 0.360 ms"}
{"level":"info","message":"GET /unvt/VT-open/zxy/UniteStreetMapVector/7/79/65.pbf 404 69 - 1.511 ms"}
{"level":"info","message":"GET /unvt/VT-open/zxy/UniteStreetMapVector/6/39/31.pbf 404 59 - 0.547 ms"}
{"level":"info","message":"GET /unvt/VT-open/zxy/UniteStreetMapVector/6/38/31.pbf 404 59 - 1.579 ms"}
{"level":"info","message":"GET /unvt/VT-open/zxy/UniteStreetMapVector/6/40/31.pbf 404 59 - 2.089 ms"}
{"level":"info","message":"GET /unvt/sprite-rev/sprite_S.png 304 - - 1.162 ms"}
{"level":"info","message":"GET /unvt/sprite-rev/sprite_S.json 304 - - 1.649 ms"}
{"level":"info","message":"GET /unvt/font/Open%20Sans%20Bold/0-255.pbf 304 - - 0.397 ms"}
{"level":"info","message":"GET /unvt/font/Open%20Sans%20Italic/0-255.pbf 304 - - 0.630 ms"}
{"level":"info","message":"GET /unvt/font/Open%20Sans%20Semibold%20Italic/0-255.pbf 304 - - 0.934 ms"}
{"level":"info","message":"GET /unvt/font/sans/0-255.pbf 304 - - 0.790 ms"}
{"level":"info","message":"GET /unvt/font/Open%20Sans%20Bold/256-511.pbf 304 - - 0.209 ms"}
{"level":"info","message":"GET /unvt/sprite-rev/sprite_S.json 304 - - 0.215 ms"}
{"level":"info","message":"GET /unvt/sprite-rev/sprite_S@2x.png 304 - - 0.179 ms"}
{"level":"info","message":"GET /unvt/sprite-rev/sprite_S.json 304 - - 0.843 ms"}
{"level":"info","message":"GET /unvt/sprite-rev/sprite_S.png 304 - - 1.298 ms"}
{"level":"info","message":"GET /unvt/sprite-rev/sprite_S.json 304 - - 0.314 ms"}
{"level":"info","message":"GET /unvt/sprite-rev/sprite_S@2x.png 304 - - 1.815 ms"}
{"level":"info","message":"GET /unvt/VT-open/zxy/UniteStreetMapVector/2/0/2.pbf 200 3761 - 2.312 ms"}
{"level":"info","message":"GET /unvt/VT-open/zxy/UniteStreetMapVector/2/0/1.pbf 200 237607 - 2.835 ms"}
{"level":"info","message":"GET /unvt/VT-open/zxy/UniteStreetMapVector/3/3/4.pbf 200 45683 - 6.821 ms"}
{"level":"info","message":"GET /unvt/VT-open/zxy/UniteStreetMapVector/3/5/4.pbf 200 10206 - 7.565 ms"}
{"level":"info","message":"GET /unvt/VT-open/zxy/UniteStreetMapVector/3/4/4.pbf 200 183936 - 9.788 ms"}
{"level":"info","message":"GET /unvt/VT-open/zxy/UniteStreetMapVector/3/4/3.pbf 200 182650 - 12.227 ms"}
{"level":"info","message":"GET /unvt/VT-open/zxy/UniteStreetMapVector/3/3/3.pbf 200 58525 - 12.596 ms"}
{"level":"info","message":"GET /unvt/VT-open/zxy/UniteStreetMapVector/3/5/3.pbf 200 144363 - 13.763 ms"}
{"level":"info","message":"GET /unvt/VT-open/zxy/UniteStreetMapVector/4/8/7.pbf 200 83895 - 8.177 ms"}
{"level":"info","message":"GET /unvt/VT-open/zxy/UniteStreetMapVector/4/9/8.pbf 200 159148 - 10.054 ms"}
{"level":"info","message":"GET /unvt/VT-open/zxy/UniteStreetMapVector/4/9/7.pbf 200 100218 - 12.924 ms"}
{"level":"info","message":"GET /unvt/VT-open/zxy/UniteStreetMapVector/4/10/8.pbf 200 12931 - 14.387 ms"}
{"level":"info","message":"GET /unvt/VT-open/zxy/UniteStreetMapVector/4/10/7.pbf 200 11769 - 15.555 ms"}
{"level":"info","message":"GET /unvt/VT-open/zxy/UniteStreetMapVector/4/8/8.pbf 200 68342 - 15.878 ms"}
{"level":"info","message":"GET /unvt/sprite-rev/sprite_S.json 304 - - 0.701 ms"}
{"level":"info","message":"GET /unvt/sprite-rev/sprite_S.png 304 - - 0.503 ms"}
{"level":"info","message":"GET /unvt/sprite-rev/sprite_S.json 304 - - 0.243 ms"}
{"level":"info","message":"GET /unvt/sprite-rev/sprite_S@2x.png 304 - - 0.189 ms"}
{"level":"info","message":"GET /unvt/sprite-rev/sprite_S.json 200 13660 - 2.431 ms"}
{"level":"info","message":"GET /unvt/sprite-rev/sprite_S.png 200 24866 - 3.744 ms"}
{"level":"info","message":"GET /unvt/VT-open/zxy/UniteStreetMapVector/1/1/0.pbf 200 76538 - 5.207 ms"}
{"level":"info","message":"GET /unvt/VT-open/zxy/UniteStreetMapVector/1/1/0.pbf 200 76538 - 5.787 ms"}
{"level":"info","message":"GET /unvt/VT-open/zxy/UniteStreetMapVector/1/1/1.pbf 200 25942 - 5.854 ms"}
{"level":"info","message":"GET /unvt/VT-open/zxy/UniteStreetMapVector/1/0/1.pbf 200 22607 - 5.922 ms"}
{"level":"info","message":"GET /unvt/VT-open/zxy/UniteStreetMapVector/1/1/1.pbf 200 25942 - 7.839 ms"}
{"level":"info","message":"GET /unvt/VT-open/zxy/UniteStreetMapVector/1/0/1.pbf 200 22607 - 7.712 ms"}
{"level":"info","message":"GET /unvt/VT-open/zxy/UniteStreetMapVector/1/0/0.pbf 200 80184 - 1.431 ms"}
{"level":"info","message":"GET /unvt/VT-open/zxy/UniteStreetMapVector/1/0/0.pbf 200 80184 - 1.662 ms"}
{"level":"info","message":"GET /unvt/sprite-rev/sprite_S.json 200 13660 - 0.679 ms"}
{"level":"info","message":"GET /unvt/sprite-rev/sprite_S@2x.png 200 47497 - 1.101 ms"}
{"level":"info","message":"GET /unvt 301 154 - 19.866 ms"}
{"level":"info","message":"GET /unvt/ 200 694 - 2.525 ms"}
{"level":"info","message":"GET /favicon.ico 404 9 - 6.045 ms"}
{"level":"info","message":"GET /unvt/ 304 - - 1.596 ms"}
