{"level":"info","message":"GET /unvt/ 304 - - 3.829 ms"}
{"level":"info","message":"GET /favicon.ico 404 9 - 0.916 ms"}
{"level":"info","message":"GET /unvt/map-l 304 - - 29.872 ms"}
{"level":"info","message":"GET /unvt/maplibre-gl@5.3.0/maplibre-gl.css 200 69422 - 2.729 ms"}
{"level":"info","message":"GET /unvt/maplibre-gl@5.3.0/maplibre-gl.js 200 913906 - 2.876 ms"}
{"level":"info","message":"GET /unvt/styles/style-std.json 200 134113 - 0.793 ms"}
{"level":"info","message":"GET /unvt/sprite-rev/sprite_S.png 304 - - 0.841 ms"}
{"level":"info","message":"GET /unvt/sprite-rev/sprite_S.json 304 - - 1.369 ms"}
{"level":"info","message":"GET /unvt/VT-open/zxy/UniteStreetMapVector/1/0/0.pbf 200 80184 - 15.244 ms"}
{"level":"info","message":"GET /unvt/VT-open/zxy/UniteStreetMapVector/1/1/0.pbf 200 76538 - 18.971 ms"}
{"level":"info","message":"GET /unvt/font/NotoSansDisplay-SemiBoldItalic/0-255.pbf 200 80270 - 2.155 ms"}
{"level":"info","message":"GET /unvt/font/Open%20Sans%20Semibold/0-255.pbf 200 77571 - 2.009 ms"}
{"level":"info","message":"GET /unvt/font/Open%20Sans%20Semibold/256-511.pbf 200 68869 - 0.953 ms"}
{"level":"info","message":"GET /unvt/VT-open/zxy/UniteStreetMapVector/2/2/2.pbf 200 48323 - 3.395 ms"}
{"level":"info","message":"GET /unvt/VT-open/zxy/UniteStreetMapVector/2/2/1.pbf 200 351876 - 4.299 ms"}
{"level":"info","message":"GET /unvt/VT-open/zxy/UniteStreetMapVector/2/1/2.pbf 200 88039 - 5.298 ms"}
{"level":"info","message":"GET /unvt/VT-open/zxy/UniteStreetMapVector/2/1/1.pbf 200 195956 - 5.279 ms"}
{"level":"info","message":"GET /unvt/VT-open/zxy/UniteStreetMapVector/2/3/2.pbf 200 71773 - 3.999 ms"}
{"level":"info","message":"GET /unvt/VT-open/zxy/UniteStreetMapVector/2/3/1.pbf 200 225668 - 4.029 ms"}
{"level":"info","message":"GET /unvt/font/NotoSansDisplay-MediumItalic/0-255.pbf 200 78669 - 0.774 ms"}
{"level":"info","message":"GET /unvt/VT-open/zxy/UniteStreetMapVector/3/4/4.pbf 200 183936 - 2.890 ms"}
{"level":"info","message":"GET /unvt/VT-open/zxy/UniteStreetMapVector/3/4/3.pbf 200 182650 - 3.655 ms"}
{"level":"info","message":"GET /unvt/VT-open/zxy/UniteStreetMapVector/3/5/3.pbf 200 144363 - 3.500 ms"}
{"level":"info","message":"GET /unvt/VT-open/zxy/UniteStreetMapVector/3/3/4.pbf 200 45683 - 3.582 ms"}
{"level":"info","message":"GET /unvt/VT-open/zxy/UniteStreetMapVector/3/3/3.pbf 200 58525 - 3.642 ms"}
{"level":"info","message":"GET /unvt/font/Open%20Sans%20Bold/0-255.pbf 200 80025 - 1.111 ms"}
{"level":"info","message":"GET /unvt/font/Open%20Sans%20Bold/256-511.pbf 200 70900 - 1.076 ms"}
{"level":"info","message":"GET /unvt/VT-open/zxy/UniteStreetMapVector/4/9/8.pbf 200 159148 - 4.094 ms"}
{"level":"info","message":"GET /unvt/VT-open/zxy/UniteStreetMapVector/4/8/8.pbf 200 68342 - 4.610 ms"}
{"level":"info","message":"GET /unvt/VT-open/zxy/UniteStreetMapVector/4/9/7.pbf 200 100218 - 5.315 ms"}
{"level":"info","message":"GET /unvt/VT-open/zxy/UniteStreetMapVector/4/8/7.pbf 200 83895 - 5.261 ms"}
{"level":"info","message":"GET /unvt/font/Open%20Sans%20Regular/0-255.pbf 200 74696 - 1.402 ms"}
{"level":"info","message":"GET /unvt/font/NotoSans-Regular/0-255.pbf 200 75736 - 1.275 ms"}
{"level":"info","message":"GET /unvt/font/NotoSans-Regular/256-511.pbf 200 126528 - 2.287 ms"}
{"level":"info","message":"GET /unvt/font/NotoSans-Regular/7936-8191.pbf 200 126152 - 0.924 ms"}
{"level":"info","message":"GET /unvt/font/NotoSans-Regular/8192-8447.pbf 200 52112 - 0.906 ms"}
{"level":"info","message":"GET /unvt/VT-open/zxy/UniteStreetMapVector/5/18/16.pbf 200 51491 - 2.640 ms"}
{"level":"info","message":"GET /unvt/VT-open/zxy/UniteStreetMapVector/5/19/17.pbf 200 46334 - 3.579 ms"}
{"level":"info","message":"GET /unvt/VT-open/zxy/UniteStreetMapVector/5/18/15.pbf 200 45957 - 4.855 ms"}
{"level":"info","message":"GET /unvt/VT-open/zxy/UniteStreetMapVector/5/18/17.pbf 200 73505 - 3.811 ms"}
{"level":"info","message":"GET /unvt/VT-open/zxy/UniteStreetMapVector/6/38/32.pbf 404 59 - 1.074 ms"}
{"level":"info","message":"GET /unvt/VT-open/zxy/UniteStreetMapVector/6/38/33.pbf 404 59 - 1.216 ms"}
{"level":"info","message":"GET /unvt/VT-open/zxy/UniteStreetMapVector/6/39/33.pbf 404 59 - 1.523 ms"}
{"level":"info","message":"GET /unvt/VT-open/zxy/UniteStreetMapVector/6/38/31.pbf 404 59 - 0.401 ms"}
{"level":"info","message":"GET /unvt/VT-open/zxy/UniteStreetMapVector/6/37/32.pbf 404 59 - 1.968 ms"}
{"level":"info","message":"GET /unvt/VT-open/zxy/UniteStreetMapVector/6/37/33.pbf 404 59 - 2.634 ms"}
{"level":"info","message":"GET /unvt/VT-open/zxy/UniteStreetMapVector/6/37/31.pbf 404 59 - 3.293 ms"}
{"level":"info","message":"GET /unvt/VT-open/zxy/UniteStreetMapVector/6/39/31.pbf 404 59 - 3.476 ms"}
{"level":"info","message":"GET /unvt/VT-open/zxy/UniteStreetMapVector/6/39/32.pbf 200 64674 - 13.980 ms"}
{"level":"info","message":"GET /unvt/font/NotoSansDisplay-Medium/0-255.pbf 200 74619 - 0.670 ms"}
{"level":"info","message":"GET /unvt/VT-open/zxy/UniteStreetMapVector/7/77/65.pbf 404 59 - 0.764 ms"}
{"level":"info","message":"GET /unvt/VT-open/zxy/UniteStreetMapVector/7/77/64.pbf 404 59 - 1.032 ms"}
{"level":"info","message":"GET /unvt/VT-open/zxy/UniteStreetMapVector/7/77/66.pbf 404 59 - 1.528 ms"}
{"level":"info","message":"GET /unvt/VT-open/zxy/UniteStreetMapVector/7/78/64.pbf 200 82224 - 5.374 ms"}
{"level":"info","message":"GET /unvt/VT-open/zxy/UniteStreetMapVector/7/78/66.pbf 404 59 - 5.268 ms"}
{"level":"info","message":"GET /unvt/VT-open/zxy/UniteStreetMapVector/7/76/65.pbf 404 59 - 0.957 ms"}
{"level":"info","message":"GET /unvt/VT-open/zxy/UniteStreetMapVector/7/76/64.pbf 404 59 - 1.228 ms"}
{"level":"info","message":"GET /unvt/VT-open/zxy/UniteStreetMapVector/7/76/66.pbf 404 59 - 1.806 ms"}
{"level":"info","message":"GET /unvt/VT-open/zxy/UniteStreetMapVector/7/79/66.pbf 404 59 - 2.278 ms"}
{"level":"info","message":"GET /unvt/VT-open/zxy/UniteStreetMapVector/7/79/65.pbf 404 69 - 3.831 ms"}
{"level":"info","message":"GET /unvt/font/NotoSansDisplay-SemiBold/0-255.pbf 200 76329 - 0.810 ms"}
{"level":"info","message":"GET /unvt/font/NotoSansDisplay-Regular/0-255.pbf 200 73384 - 0.662 ms"}
{"level":"info","message":"GET /unvt/font/NotoSansDisplay-Regular/1536-1791.pbf 304 - - 0.508 ms"}
{"level":"info","message":"GET /unvt/VT-open/zxy/UniteStreetMapVector/8/155/130.pbf 404 61 - 1.752 ms"}
{"level":"info","message":"GET /unvt/VT-open/zxy/UniteStreetMapVector/8/155/131.pbf 404 61 - 1.480 ms"}
{"level":"info","message":"GET /unvt/VT-open/zxy/UniteStreetMapVector/8/157/130.pbf 404 71 - 1.577 ms"}
{"level":"info","message":"GET /unvt/VT-open/zxy/UniteStreetMapVector/8/157/131.pbf 404 71 - 1.753 ms"}
{"level":"info","message":"GET /unvt/VT-open/zxy/UniteStreetMapVector/9/311/261.pbf 404 61 - 1.311 ms"}
{"level":"info","message":"GET /unvt/VT-open/zxy/UniteStreetMapVector/9/311/262.pbf 404 61 - 2.209 ms"}
{"level":"info","message":"GET /unvt/VT-open/zxy/UniteStreetMapVector/9/310/260.pbf 404 61 - 0.946 ms"}
{"level":"info","message":"GET /unvt/VT-open/zxy/UniteStreetMapVector/9/311/260.pbf 404 61 - 1.367 ms"}
{"level":"info","message":"GET /unvt/VT-open/zxy/UniteStreetMapVector/9/310/261.pbf 404 61 - 1.870 ms"}
{"level":"info","message":"GET /unvt/VT-open/zxy/UniteStreetMapVector/9/310/262.pbf 404 61 - 2.320 ms"}
{"level":"info","message":"GET /unvt/VT-open/zxy/UniteStreetMapVector/9/313/261.pbf 404 71 - 3.635 ms"}
{"level":"info","message":"GET /unvt/VT-open/zxy/UniteStreetMapVector/9/313/262.pbf 404 71 - 3.970 ms"}
{"level":"info","message":"GET /unvt/font/NotoSansDisplay-Italic/0-255.pbf 200 77446 - 0.466 ms"}
{"level":"info","message":"GET /unvt/VT-open/zxy/UniteStreetMapVector/10/623/523.pbf 404 62 - 1.402 ms"}
{"level":"info","message":"GET /unvt/VT-open/zxy/UniteStreetMapVector/10/623/524.pbf 404 62 - 1.871 ms"}
{"level":"info","message":"GET /unvt/VT-open/zxy/UniteStreetMapVector/10/623/522.pbf 404 62 - 1.569 ms"}
{"level":"info","message":"GET /unvt/VT-open/zxy/UniteStreetMapVector/10/624/523.pbf 200 43415 - 4.049 ms"}
{"level":"info","message":"GET /unvt/VT-open/zxy/UniteStreetMapVector/10/625/524.pbf 404 72 - 3.422 ms"}
{"level":"info","message":"GET /unvt/VT-open/zxy/UniteStreetMapVector/11/1247/1047.pbf 404 64 - 1.885 ms"}
{"level":"info","message":"GET /unvt/VT-open/zxy/UniteStreetMapVector/11/1247/1046.pbf 404 64 - 1.950 ms"}
{"level":"info","message":"GET /unvt/VT-open/zxy/UniteStreetMapVector/11/1247/1048.pbf 404 64 - 1.650 ms"}
{"level":"info","message":"GET /unvt/VT-open/zxy/UniteStreetMapVector/11/1250/1048.pbf 404 74 - 2.450 ms"}
{"level":"info","message":"GET /unvt/VT-open/zxy/UniteStreetMapVector/12/2499/2094.pbf 200 43441 - 4.038 ms"}
{"level":"info","message":"GET /unvt/VT-open/zxy/UniteStreetMapVector/12/2499/2093.pbf 200 42600 - 3.794 ms"}
{"level":"info","message":"GET /unvt/VT-open/zxy/UniteStreetMapVector/8/154/130.pbf 404 61 - 0.580 ms"}
{"level":"info","message":"GET /unvt/VT-open/zxy/UniteStreetMapVector/8/154/131.pbf 404 61 - 0.878 ms"}
{"level":"info","message":"GET /unvt/sprite-rev/sprite_S.png 304 - - 1.848 ms"}
{"level":"info","message":"GET /unvt/sprite-rev/sprite_S.json 304 - - 1.003 ms"}
{"level":"info","message":"GET /unvt/VT-open/zxy/UniteStreetMapVector/0/0/0.pbf 200 100708 - 6.335 ms"}
{"level":"info","message":"GET /unvt/sprite-rev/sprite_S.json 304 - - 0.314 ms"}
{"level":"info","message":"GET /unvt/sprite-rev/sprite_S@2x.png 200 47497 - 1.225 ms"}
{"level":"info","message":"GET /unvt/VT-open/zxy/UniteStreetMapVector/1/0/0.pbf 200 80184 - 5.935 ms"}
{"level":"info","message":"GET /unvt/VT-open/zxy/UniteStreetMapVector/1/1/0.pbf 200 76538 - 7.906 ms"}
{"level":"info","message":"GET /unvt/font/Open%20Sans%20Semibold/0-255.pbf 200 77571 - 1.078 ms"}
{"level":"info","message":"GET /unvt/font/NotoSansDisplay-SemiBoldItalic/0-255.pbf 200 80270 - 1.558 ms"}
{"level":"info","message":"GET /unvt/font/Open%20Sans%20Semibold/256-511.pbf 200 68869 - 0.908 ms"}
{"level":"info","message":"GET /unvt/VT-open/zxy/UniteStreetMapVector/2/1/1.pbf 200 195956 - 7.912 ms"}
{"level":"info","message":"GET /unvt/VT-open/zxy/UniteStreetMapVector/2/1/2.pbf 200 88039 - 8.058 ms"}
{"level":"info","message":"GET /unvt/VT-open/zxy/UniteStreetMapVector/2/2/2.pbf 200 48323 - 13.047 ms"}
{"level":"info","message":"GET /unvt/VT-open/zxy/UniteStreetMapVector/2/2/1.pbf 200 351876 - 13.547 ms"}
{"level":"info","message":"GET /unvt/VT-open/zxy/UniteStreetMapVector/2/0/1.pbf 200 237607 - 12.988 ms"}
{"level":"info","message":"GET /unvt/font/NotoSansDisplay-MediumItalic/0-255.pbf 200 78669 - 0.826 ms"}
{"level":"info","message":"GET /unvt/VT-open/zxy/UniteStreetMapVector/3/4/3.pbf 200 182650 - 6.935 ms"}
{"level":"info","message":"GET /unvt/VT-open/zxy/UniteStreetMapVector/3/3/3.pbf 200 58525 - 8.125 ms"}
{"level":"info","message":"GET /unvt/VT-open/zxy/UniteStreetMapVector/3/3/2.pbf 200 47421 - 7.980 ms"}
{"level":"info","message":"GET /unvt/VT-open/zxy/UniteStreetMapVector/3/4/2.pbf 200 432203 - 8.461 ms"}
{"level":"info","message":"GET /unvt/font/Open%20Sans%20Bold/0-255.pbf 200 80025 - 0.555 ms"}
{"level":"info","message":"GET /unvt/font/Open%20Sans%20Bold/256-511.pbf 200 70900 - 1.016 ms"}
{"level":"info","message":"GET /unvt/VT-open/zxy/UniteStreetMapVector/3/2/3.pbf 200 130962 - 1.465 ms"}
{"level":"info","message":"GET /unvt/VT-open/zxy/UniteStreetMapVector/3/2/2.pbf 200 251464 - 1.797 ms"}
{"level":"info","message":"GET /unvt/VT-open/zxy/UniteStreetMapVector/3/3/4.pbf 200 45683 - 2.436 ms"}
{"level":"info","message":"GET /unvt/VT-open/zxy/UniteStreetMapVector/3/2/4.pbf 200 186969 - 2.772 ms"}
{"level":"info","message":"GET /unvt/VT-open/zxy/UniteStreetMapVector/3/4/4.pbf 200 183936 - 3.529 ms"}
