{"level":"info","message":"GET /unvt/ 200 694 - 6.676 ms"}
{"level":"info","message":"GET /favicon.ico 404 9 - 3.499 ms"}
{"level":"info","message":"GET /unvt/map-l 200 1392 - 42.184 ms"}
{"level":"info","message":"GET /unvt/maplibre-gl@5.3.0/maplibre-gl.css 200 69422 - 2.044 ms"}
{"level":"info","message":"GET /unvt/maplibre-gl@5.3.0/maplibre-gl.js 200 913906 - 1.485 ms"}
{"level":"info","message":"GET /unvt/styles/style-std.json 200 134113 - 0.585 ms"}
{"level":"info","message":"GET /unvt/sprite-rev/sprite_S.json 200 13660 - 0.975 ms"}
{"level":"info","message":"GET /unvt/sprite-rev/sprite_S.png 200 24866 - 1.573 ms"}
{"level":"info","message":"GET /unvt/VT-open/zxy/UniteStreetMapVector/1/1/1.pbf 200 25942 - 3.252 ms"}
{"level":"info","message":"GET /unvt/VT-open/zxy/UniteStreetMapVector/1/0/1.pbf 200 22607 - 5.169 ms"}
{"level":"info","message":"GET /unvt/VT-open/zxy/UniteStreetMapVector/1/1/0.pbf 200 76538 - 8.514 ms"}
{"level":"info","message":"GET /unvt/VT-open/zxy/UniteStreetMapVector/1/0/0.pbf 200 80184 - 8.847 ms"}
{"level":"info","message":"GET /unvt/font/Open%20Sans%20Semibold/0-255.pbf 200 77571 - 2.337 ms"}
{"level":"info","message":"GET /unvt/font/NotoSansDisplay-SemiBoldItalic/0-255.pbf 200 80270 - 2.887 ms"}
{"level":"info","message":"GET /unvt/font/Open%20Sans%20Semibold/256-511.pbf 200 68869 - 1.619 ms"}
{"level":"info","message":"GET /unvt/VT-open/zxy/UniteStreetMapVector/2/2/1.pbf 200 351876 - 6.059 ms"}
{"level":"info","message":"GET /unvt/VT-open/zxy/UniteStreetMapVector/2/2/2.pbf 200 48323 - 6.401 ms"}
{"level":"info","message":"GET /unvt/VT-open/zxy/UniteStreetMapVector/2/1/1.pbf 200 195956 - 6.069 ms"}
{"level":"info","message":"GET /unvt/VT-open/zxy/UniteStreetMapVector/2/1/2.pbf 200 88039 - 5.638 ms"}
{"level":"info","message":"GET /unvt/VT-open/zxy/UniteStreetMapVector/2/3/1.pbf 200 225668 - 6.015 ms"}
{"level":"info","message":"GET /unvt/VT-open/zxy/UniteStreetMapVector/2/3/2.pbf 200 71773 - 7.105 ms"}
{"level":"info","message":"GET /unvt/VT-open/zxy/UniteStreetMapVector/2/0/1.pbf 200 237607 - 11.713 ms"}
{"level":"info","message":"GET /unvt/VT-open/zxy/UniteStreetMapVector/2/0/2.pbf 200 3761 - 2.288 ms"}
{"level":"info","message":"GET /unvt/font/NotoSansDisplay-MediumItalic/0-255.pbf 200 78669 - 1.425 ms"}
{"level":"info","message":"GET /unvt/VT-open/zxy/UniteStreetMapVector/3/4/3.pbf 200 182650 - 7.770 ms"}
{"level":"info","message":"GET /unvt/VT-open/zxy/UniteStreetMapVector/3/5/3.pbf 200 144363 - 7.855 ms"}
{"level":"info","message":"GET /unvt/VT-open/zxy/UniteStreetMapVector/3/4/4.pbf 200 183936 - 8.653 ms"}
{"level":"info","message":"GET /unvt/VT-open/zxy/UniteStreetMapVector/3/5/4.pbf 200 10206 - 8.536 ms"}
{"level":"info","message":"GET /unvt/VT-open/zxy/UniteStreetMapVector/3/3/3.pbf 200 58525 - 8.423 ms"}
{"level":"info","message":"GET /unvt/VT-open/zxy/UniteStreetMapVector/3/3/4.pbf 200 45683 - 7.064 ms"}
{"level":"info","message":"GET /unvt/VT-open/zxy/UniteStreetMapVector/3/4/2.pbf 200 432203 - 4.199 ms"}
{"level":"info","message":"GET /unvt/VT-open/zxy/UniteStreetMapVector/3/5/2.pbf 200 364293 - 4.868 ms"}
{"level":"info","message":"GET /unvt/VT-open/zxy/UniteStreetMapVector/3/3/2.pbf 200 47421 - 5.189 ms"}
{"level":"info","message":"GET /unvt/font/Open%20Sans%20Bold/0-255.pbf 200 80025 - 3.980 ms"}
{"level":"info","message":"GET /unvt/font/Open%20Sans%20Bold/256-511.pbf 200 70900 - 1.467 ms"}
{"level":"info","message":"GET /unvt/VT-open/zxy/UniteStreetMapVector/4/9/7.pbf 200 100218 - 4.227 ms"}
{"level":"info","message":"GET /unvt/VT-open/zxy/UniteStreetMapVector/4/9/8.pbf 200 159148 - 4.976 ms"}
{"level":"info","message":"GET /unvt/VT-open/zxy/UniteStreetMapVector/4/8/8.pbf 200 68342 - 4.994 ms"}
{"level":"info","message":"GET /unvt/VT-open/zxy/UniteStreetMapVector/4/8/7.pbf 200 83895 - 6.316 ms"}
{"level":"info","message":"GET /unvt/VT-open/zxy/UniteStreetMapVector/4/10/7.pbf 200 11769 - 6.803 ms"}
{"level":"info","message":"GET /unvt/VT-open/zxy/UniteStreetMapVector/4/9/6.pbf 200 104624 - 6.527 ms"}
{"level":"info","message":"GET /unvt/VT-open/zxy/UniteStreetMapVector/4/10/8.pbf 200 12931 - 1.443 ms"}
{"level":"info","message":"GET /unvt/VT-open/zxy/UniteStreetMapVector/4/8/6.pbf 200 45889 - 4.311 ms"}
{"level":"info","message":"GET /unvt/VT-open/zxy/UniteStreetMapVector/4/10/6.pbf 200 85052 - 4.734 ms"}
{"level":"info","message":"GET /unvt/font/NotoSans-Regular/256-511.pbf 200 126528 - 1.439 ms"}
{"level":"info","message":"GET /unvt/font/NotoSans-Regular/0-255.pbf 200 75736 - 2.461 ms"}
{"level":"info","message":"GET /unvt/font/NotoSans-Regular/7936-8191.pbf 200 126152 - 1.588 ms"}
{"level":"info","message":"GET /unvt/font/NotoSans-Regular/8192-8447.pbf 200 52112 - 1.122 ms"}
{"level":"info","message":"GET /unvt/font/NotoSans-Regular/512-767.pbf 200 94502 - 1.148 ms"}
{"level":"info","message":"GET /unvt/font/Open%20Sans%20Regular/0-255.pbf 200 74696 - 0.865 ms"}
{"level":"info","message":"GET /unvt/font/NotoSans-Regular/11264-11519.pbf 200 14443 - 0.700 ms"}
{"level":"info","message":"GET /unvt/font/NotoSans-Regular/7680-7935.pbf 200 134219 - 1.652 ms"}
{"level":"info","message":"GET /unvt/sprite-rev/sprite_S.json 200 13660 - 4.728 ms"}
{"level":"info","message":"GET /unvt/sprite-rev/sprite_S.png 200 24866 - 6.533 ms"}
{"level":"info","message":"GET /unvt/VT-open/zxy/UniteStreetMapVector/1/0/1.pbf 200 22607 - 6.537 ms"}
{"level":"info","message":"GET /unvt/VT-open/zxy/UniteStreetMapVector/1/1/1.pbf 200 25942 - 8.398 ms"}
{"level":"info","message":"GET /unvt/VT-open/zxy/UniteStreetMapVector/1/1/0.pbf 200 76538 - 12.329 ms"}
{"level":"info","message":"GET /unvt/VT-open/zxy/UniteStreetMapVector/1/0/0.pbf 200 80184 - 11.371 ms"}
{"level":"info","message":"GET /unvt/font/Open%20Sans%20Bold/0-255.pbf 200 80025 - 0.997 ms"}
{"level":"info","message":"GET /unvt/font/Open%20Sans%20Semibold%20Italic/0-255.pbf 200 80678 - 1.962 ms"}
{"level":"info","message":"GET /unvt/font/sans/0-255.pbf 200 79250 - 1.788 ms"}
{"level":"info","message":"GET /unvt/font/Open%20Sans%20Italic/0-255.pbf 200 78054 - 1.608 ms"}
{"level":"info","message":"GET /unvt/font/Open%20Sans%20Bold/256-511.pbf 200 70900 - 0.818 ms"}
{"level":"info","message":"GET /unvt/sprite-rev/sprite_S@2x.png 200 47497 - 1.253 ms"}
{"level":"info","message":"GET /unvt/sprite-rev/sprite_S.json 304 - - 1.194 ms"}
{"level":"info","message":"GET /unvt/VT-open/zxy/UniteStreetMapVector/2/2/2.pbf 200 48323 - 8.607 ms"}
{"level":"info","message":"GET /unvt/VT-open/zxy/UniteStreetMapVector/2/2/1.pbf 200 351876 - 9.482 ms"}
{"level":"info","message":"GET /unvt/VT-open/zxy/UniteStreetMapVector/2/3/2.pbf 200 71773 - 8.971 ms"}
{"level":"info","message":"GET /unvt/VT-open/zxy/UniteStreetMapVector/2/1/1.pbf 200 195956 - 10.470 ms"}
{"level":"info","message":"GET /unvt/VT-open/zxy/UniteStreetMapVector/2/1/2.pbf 200 88039 - 11.660 ms"}
{"level":"info","message":"GET /unvt/VT-open/zxy/UniteStreetMapVector/2/3/1.pbf 200 225668 - 9.727 ms"}
{"level":"info","message":"GET /unvt/VT-open/zxy/UniteStreetMapVector/3/4/4.pbf 200 183936 - 3.173 ms"}
{"level":"info","message":"GET /unvt/VT-open/zxy/UniteStreetMapVector/3/4/3.pbf 200 182650 - 7.066 ms"}
{"level":"info","message":"GET /unvt/VT-open/zxy/UniteStreetMapVector/3/5/4.pbf 200 10206 - 7.950 ms"}
{"level":"info","message":"GET /unvt/VT-open/zxy/UniteStreetMapVector/3/5/3.pbf 200 144363 - 8.678 ms"}
{"level":"info","message":"GET /unvt/VT-open/zxy/UniteStreetMapVector/3/3/4.pbf 200 45683 - 9.338 ms"}
{"level":"info","message":"GET /unvt/VT-open/zxy/UniteStreetMapVector/3/3/3.pbf 200 58525 - 7.608 ms"}
{"level":"info","message":"GET /unvt/VT-open/zxy/UniteStreetMapVector/4/9/8.pbf 200 159148 - 6.192 ms"}
{"level":"info","message":"GET /unvt/VT-open/zxy/UniteStreetMapVector/4/10/8.pbf 200 12931 - 6.098 ms"}
{"level":"info","message":"GET /unvt/VT-open/zxy/UniteStreetMapVector/4/9/7.pbf 200 100218 - 7.906 ms"}
{"level":"info","message":"GET /unvt/VT-open/zxy/UniteStreetMapVector/4/8/8.pbf 200 68342 - 8.827 ms"}
{"level":"info","message":"GET /unvt/VT-open/zxy/UniteStreetMapVector/4/10/7.pbf 200 11769 - 8.987 ms"}
{"level":"info","message":"GET /unvt/VT-open/zxy/UniteStreetMapVector/4/8/7.pbf 200 83895 - 9.110 ms"}
{"level":"info","message":"GET /unvt/VT-open/zxy/UniteStreetMapVector/4/9/9.pbf 200 50727 - 2.249 ms"}
{"level":"info","message":"GET /unvt/VT-open/zxy/UniteStreetMapVector/4/10/9.pbf 200 2403 - 2.202 ms"}
{"level":"info","message":"GET /unvt/VT-open/zxy/UniteStreetMapVector/4/8/9.pbf 200 10633 - 2.650 ms"}
{"level":"info","message":"GET /unvt/font/NotoSans-Regular/0-255.pbf 200 75736 - 0.922 ms"}
{"level":"info","message":"GET /unvt/font/NotoSans-Regular/7936-8191.pbf 200 126152 - 1.466 ms"}
{"level":"info","message":"GET /unvt/font/NotoSans-Regular/256-511.pbf 200 126528 - 2.112 ms"}
{"level":"info","message":"GET /unvt/font/NotoSans-Regular/8192-8447.pbf 200 52112 - 1.072 ms"}
{"level":"info","message":"GET /unvt/VT-open/zxy/UniteStreetMapVector/5/19/16.pbf 200 40406 - 4.108 ms"}
{"level":"info","message":"GET /unvt/VT-open/zxy/UniteStreetMapVector/5/19/15.pbf 200 41207 - 6.352 ms"}
{"level":"info","message":"GET /unvt/VT-open/zxy/UniteStreetMapVector/5/18/16.pbf 200 51491 - 7.665 ms"}
{"level":"info","message":"GET /unvt/VT-open/zxy/UniteStreetMapVector/5/19/17.pbf 200 46334 - 7.816 ms"}
{"level":"info","message":"GET /unvt/VT-open/zxy/UniteStreetMapVector/5/20/16.pbf 200 1897 - 8.172 ms"}
{"level":"info","message":"GET /unvt/VT-open/zxy/UniteStreetMapVector/5/18/15.pbf 200 45957 - 8.898 ms"}
{"level":"info","message":"GET /unvt/VT-open/zxy/UniteStreetMapVector/5/18/17.pbf 200 73505 - 3.761 ms"}
{"level":"info","message":"GET /unvt/VT-open/zxy/UniteStreetMapVector/5/20/15.pbf 200 9995 - 1.642 ms"}
{"level":"info","message":"GET /unvt/VT-open/zxy/UniteStreetMapVector/5/20/17.pbf 200 15927 - 1.547 ms"}
{"level":"info","message":"GET /unvt/VT-open/zxy/UniteStreetMapVector/6/38/32.pbf 404 59 - 1.960 ms"}
{"level":"info","message":"GET /unvt/VT-open/zxy/UniteStreetMapVector/6/38/33.pbf 404 59 - 2.219 ms"}
{"level":"info","message":"GET /unvt/VT-open/zxy/UniteStreetMapVector/6/39/33.pbf 404 59 - 0.880 ms"}
{"level":"info","message":"GET /unvt/VT-open/zxy/UniteStreetMapVector/6/38/31.pbf 404 59 - 1.272 ms"}
{"level":"info","message":"GET /unvt/VT-open/zxy/UniteStreetMapVector/6/37/32.pbf 404 59 - 2.183 ms"}
{"level":"info","message":"GET /unvt/VT-open/zxy/UniteStreetMapVector/6/39/31.pbf 404 59 - 2.801 ms"}
{"level":"info","message":"GET /unvt/VT-open/zxy/UniteStreetMapVector/6/37/33.pbf 404 59 - 0.628 ms"}
{"level":"info","message":"GET /unvt/VT-open/zxy/UniteStreetMapVector/6/40/32.pbf 404 59 - 1.292 ms"}
{"level":"info","message":"GET /unvt/VT-open/zxy/UniteStreetMapVector/6/40/33.pbf 404 59 - 1.817 ms"}
{"level":"info","message":"GET /unvt/VT-open/zxy/UniteStreetMapVector/6/37/31.pbf 404 59 - 2.068 ms"}
{"level":"info","message":"GET /unvt/VT-open/zxy/UniteStreetMapVector/6/40/31.pbf 404 59 - 2.167 ms"}
{"level":"info","message":"GET /unvt/VT-open/zxy/UniteStreetMapVector/6/39/32.pbf 200 64674 - 11.524 ms"}
{"level":"info","message":"GET /unvt/font/NotoSansDisplay-Medium/0-255.pbf 200 74619 - 1.776 ms"}
{"level":"info","message":"GET /unvt/VT-open/zxy/UniteStreetMapVector/7/77/65.pbf 404 59 - 2.518 ms"}
{"level":"info","message":"GET /unvt/VT-open/zxy/UniteStreetMapVector/7/77/64.pbf 404 59 - 0.916 ms"}
{"level":"info","message":"GET /unvt/VT-open/zxy/UniteStreetMapVector/7/76/65.pbf 404 59 - 0.734 ms"}
{"level":"info","message":"GET /unvt/VT-open/zxy/UniteStreetMapVector/7/78/65.pbf 200 32819 - 6.166 ms"}
{"level":"info","message":"GET /unvt/VT-open/zxy/UniteStreetMapVector/7/77/66.pbf 404 59 - 0.901 ms"}
{"level":"info","message":"GET /unvt/VT-open/zxy/UniteStreetMapVector/7/76/64.pbf 404 59 - 0.986 ms"}
{"level":"info","message":"GET /unvt/VT-open/zxy/UniteStreetMapVector/7/78/66.pbf 404 59 - 2.257 ms"}
{"level":"info","message":"GET /unvt/VT-open/zxy/UniteStreetMapVector/7/78/64.pbf 200 82224 - 6.443 ms"}
{"level":"info","message":"GET /unvt/VT-open/zxy/UniteStreetMapVector/7/79/65.pbf 404 69 - 6.792 ms"}
{"level":"info","message":"GET /unvt/VT-open/zxy/UniteStreetMapVector/7/76/66.pbf 404 59 - 1.349 ms"}
{"level":"info","message":"GET /unvt/VT-open/zxy/UniteStreetMapVector/7/79/66.pbf 404 59 - 1.442 ms"}
{"level":"info","message":"GET /unvt/VT-open/zxy/UniteStreetMapVector/7/79/64.pbf 200 10891 - 2.861 ms"}
{"level":"info","message":"GET /unvt/font/NotoSans-Italic/0-255.pbf 200 79143 - 0.847 ms"}
{"level":"info","message":"GET /unvt/font/NotoSansDisplay-Regular/0-255.pbf 200 73384 - 1.549 ms"}
{"level":"info","message":"GET /unvt/font/NotoSans-Bold/0-255.pbf 200 80193 - 1.351 ms"}
{"level":"info","message":"GET /unvt/font/NotoSansDisplay-Regular/1536-1791.pbf 200 40 - 1.412 ms"}
{"level":"info","message":"GET /unvt/VT-open/zxy/UniteStreetMapVector/8/155/130.pbf 404 61 - 0.494 ms"}
{"level":"info","message":"GET /unvt/VT-open/zxy/UniteStreetMapVector/8/156/130.pbf 200 35251 - 2.849 ms"}
{"level":"info","message":"GET /unvt/VT-open/zxy/UniteStreetMapVector/8/155/131.pbf 404 61 - 1.436 ms"}
{"level":"info","message":"GET /unvt/VT-open/zxy/UniteStreetMapVector/8/155/129.pbf 404 61 - 0.556 ms"}
{"level":"info","message":"GET /unvt/VT-open/zxy/UniteStreetMapVector/8/156/131.pbf 200 17019 - 4.413 ms"}
{"level":"info","message":"GET /unvt/VT-open/zxy/UniteStreetMapVector/8/156/129.pbf 200 41479 - 4.573 ms"}
{"level":"info","message":"GET /unvt/VT-open/zxy/UniteStreetMapVector/8/154/130.pbf 404 61 - 1.706 ms"}
{"level":"info","message":"GET /unvt/VT-open/zxy/UniteStreetMapVector/8/157/130.pbf 404 71 - 5.773 ms"}
{"level":"info","message":"GET /unvt/VT-open/zxy/UniteStreetMapVector/8/154/131.pbf 404 61 - 0.756 ms"}
{"level":"info","message":"GET /unvt/VT-open/zxy/UniteStreetMapVector/8/157/131.pbf 404 71 - 3.965 ms"}
{"level":"info","message":"GET /unvt/VT-open/zxy/UniteStreetMapVector/8/154/129.pbf 404 61 - 0.235 ms"}
{"level":"info","message":"GET /unvt/VT-open/zxy/UniteStreetMapVector/8/157/129.pbf 200 45459 - 1.898 ms"}
{"level":"info","message":"GET /unvt/font/NotoSansDisplay-SemiBold/0-255.pbf 200 76329 - 1.026 ms"}
{"level":"info","message":"GET /unvt/VT-open/zxy/UniteStreetMapVector/9/311/261.pbf 404 61 - 0.912 ms"}
{"level":"info","message":"GET /unvt/VT-open/zxy/UniteStreetMapVector/9/312/261.pbf 200 25772 - 3.904 ms"}
{"level":"info","message":"GET /unvt/VT-open/zxy/UniteStreetMapVector/9/312/262.pbf 200 10469 - 4.212 ms"}
{"level":"info","message":"GET /unvt/VT-open/zxy/UniteStreetMapVector/9/311/262.pbf 404 61 - 2.477 ms"}
{"level":"info","message":"GET /unvt/VT-open/zxy/UniteStreetMapVector/9/313/262.pbf 404 71 - 4.171 ms"}
{"level":"info","message":"GET /unvt/VT-open/zxy/UniteStreetMapVector/9/313/261.pbf 404 71 - 5.195 ms"}
{"level":"info","message":"GET /unvt/VT-open/zxy/UniteStreetMapVector/9/312/260.pbf 200 19274 - 5.449 ms"}
{"level":"info","message":"GET /unvt/VT-open/zxy/UniteStreetMapVector/9/311/260.pbf 404 61 - 1.980 ms"}
{"level":"info","message":"GET /unvt/VT-open/zxy/UniteStreetMapVector/9/310/261.pbf 404 61 - 2.071 ms"}
{"level":"info","message":"GET /unvt/VT-open/zxy/UniteStreetMapVector/9/310/262.pbf 404 61 - 0.503 ms"}
{"level":"info","message":"GET /unvt/VT-open/zxy/UniteStreetMapVector/9/313/260.pbf 200 5793 - 3.622 ms"}
{"level":"info","message":"GET /unvt/VT-open/zxy/UniteStreetMapVector/9/310/260.pbf 404 61 - 0.657 ms"}
{"level":"info","message":"GET /unvt/VT-open/zxy/UniteStreetMapVector/10/624/523.pbf 200 43415 - 1.489 ms"}
{"level":"info","message":"GET /unvt/VT-open/zxy/UniteStreetMapVector/10/625/523.pbf 200 3318 - 1.611 ms"}
{"level":"info","message":"GET /unvt/VT-open/zxy/UniteStreetMapVector/10/623/523.pbf 404 62 - 0.521 ms"}
{"level":"info","message":"GET /unvt/VT-open/zxy/UniteStreetMapVector/10/624/524.pbf 200 39052 - 3.681 ms"}
{"level":"info","message":"GET /unvt/VT-open/zxy/UniteStreetMapVector/10/623/524.pbf 404 62 - 0.867 ms"}
{"level":"info","message":"GET /unvt/VT-open/zxy/UniteStreetMapVector/10/624/522.pbf 200 15929 - 4.649 ms"}
{"level":"info","message":"GET /unvt/VT-open/zxy/UniteStreetMapVector/10/623/522.pbf 404 62 - 1.218 ms"}
{"level":"info","message":"GET /unvt/VT-open/zxy/UniteStreetMapVector/10/625/524.pbf 404 72 - 4.119 ms"}
{"level":"info","message":"GET /unvt/VT-open/zxy/UniteStreetMapVector/10/625/522.pbf 200 12267 - 3.728 ms"}
{"level":"info","message":"GET /unvt/VT-open/zxy/UniteStreetMapVector/11/1249/1047.pbf 200 24685 - 2.035 ms"}
{"level":"info","message":"GET /unvt/VT-open/zxy/UniteStreetMapVector/11/1249/1046.pbf 200 29402 - 2.414 ms"}
{"level":"info","message":"GET /unvt/VT-open/zxy/UniteStreetMapVector/11/1250/1047.pbf 200 191 - 3.263 ms"}
{"level":"info","message":"GET /unvt/VT-open/zxy/UniteStreetMapVector/11/1248/1047.pbf 200 8804 - 3.674 ms"}
{"level":"info","message":"GET /unvt/VT-open/zxy/UniteStreetMapVector/11/1250/1046.pbf 200 4306 - 3.881 ms"}
{"level":"info","message":"GET /unvt/VT-open/zxy/UniteStreetMapVector/11/1248/1046.pbf 200 13138 - 4.660 ms"}
{"level":"info","message":"GET /unvt/VT-open/zxy/UniteStreetMapVector/11/1249/1048.pbf 200 22134 - 2.463 ms"}
{"level":"info","message":"GET /unvt/VT-open/zxy/UniteStreetMapVector/11/1248/1048.pbf 200 26279 - 1.830 ms"}
{"level":"info","message":"GET /unvt/VT-open/zxy/UniteStreetMapVector/11/1250/1048.pbf 404 74 - 2.599 ms"}
{"level":"info","message":"GET /unvt/VT-open/zxy/UniteStreetMapVector/12/2499/2094.pbf 200 43441 - 2.898 ms"}
{"level":"info","message":"GET /unvt/VT-open/zxy/UniteStreetMapVector/12/2498/2094.pbf 200 21120 - 3.638 ms"}
{"level":"info","message":"GET /unvt/VT-open/zxy/UniteStreetMapVector/12/2499/2093.pbf 200 42600 - 4.189 ms"}
{"level":"info","message":"GET /unvt/VT-open/zxy/UniteStreetMapVector/12/2500/2094.pbf 200 191 - 4.068 ms"}
{"level":"info","message":"GET /unvt/VT-open/zxy/UniteStreetMapVector/12/2498/2093.pbf 200 35284 - 4.725 ms"}
{"level":"info","message":"GET /unvt/VT-open/zxy/UniteStreetMapVector/12/2499/2095.pbf 200 1554 - 5.119 ms"}
{"level":"info","message":"GET /unvt/VT-open/zxy/UniteStreetMapVector/12/2498/2095.pbf 200 10325 - 3.029 ms"}
{"level":"info","message":"GET /unvt/VT-open/zxy/UniteStreetMapVector/12/2500/2093.pbf 200 9447 - 2.168 ms"}
{"level":"info","message":"GET /unvt/VT-open/zxy/UniteStreetMapVector/12/2497/2094.pbf 200 3080 - 3.122 ms"}
{"level":"info","message":"GET /unvt/VT-open/zxy/UniteStreetMapVector/12/2500/2095.pbf 200 185 - 3.167 ms"}
{"level":"info","message":"GET /unvt/VT-open/zxy/UniteStreetMapVector/12/2497/2093.pbf 200 6477 - 3.085 ms"}
{"level":"info","message":"GET /unvt/VT-open/zxy/UniteStreetMapVector/12/2497/2095.pbf 200 5097 - 2.937 ms"}
{"level":"info","message":"GET /unvt/VT-open/zxy/UniteStreetMapVector/13/4998/4188.pbf 200 35939 - 3.119 ms"}
{"level":"info","message":"GET /unvt/VT-open/zxy/UniteStreetMapVector/13/4997/4188.pbf 200 10873 - 3.768 ms"}
{"level":"info","message":"GET /unvt/VT-open/zxy/UniteStreetMapVector/13/4999/4188.pbf 200 16644 - 3.507 ms"}
{"level":"info","message":"GET /unvt/VT-open/zxy/UniteStreetMapVector/13/4998/4187.pbf 200 16005 - 4.829 ms"}
{"level":"info","message":"GET /unvt/VT-open/zxy/UniteStreetMapVector/13/4998/4189.pbf 200 15785 - 4.942 ms"}
{"level":"info","message":"GET /unvt/VT-open/zxy/UniteStreetMapVector/13/4997/4187.pbf 200 31265 - 3.995 ms"}
{"level":"info","message":"GET /unvt/VT-open/zxy/UniteStreetMapVector/13/4997/4189.pbf 200 14183 - 2.460 ms"}
{"level":"info","message":"GET /unvt/VT-open/zxy/UniteStreetMapVector/13/4999/4187.pbf 200 29434 - 1.870 ms"}
{"level":"info","message":"GET /unvt/VT-open/zxy/UniteStreetMapVector/13/4999/4189.pbf 200 180 - 1.843 ms"}
{"level":"info","message":"GET /unvt/VT-open/zxy/UniteStreetMapVector/10/626/523.pbf 404 72 - 1.776 ms"}
{"level":"info","message":"GET /unvt/VT-open/zxy/UniteStreetMapVector/10/626/524.pbf 404 72 - 1.648 ms"}
{"level":"info","message":"GET /unvt/VT-open/zxy/UniteStreetMapVector/10/626/522.pbf 404 72 - 1.618 ms"}
{"level":"info","message":"GET /unvt/VT-open/zxy/UniteStreetMapVector/9/311/263.pbf 404 61 - 1.408 ms"}
{"level":"info","message":"GET /unvt/VT-open/zxy/UniteStreetMapVector/9/312/263.pbf 200 14871 - 6.685 ms"}
{"level":"info","message":"GET /unvt/VT-open/zxy/UniteStreetMapVector/9/313/263.pbf 404 71 - 6.723 ms"}
{"level":"info","message":"GET /unvt/font/sans/8448-8703.pbf 200 38181 - 1.700 ms"}
