{"level":"info","message":"GET /unvt/ 200 698 - 9.779 ms"}
{"level":"info","message":"GET /unvt/map-l 304 - - 45.759 ms"}
{"level":"info","message":"GET /unvt/maplibre-gl@5.3.0/maplibre-gl.js 304 - - 1.268 ms"}
{"level":"info","message":"GET /unvt/maplibre-gl@5.3.0/maplibre-gl.css 304 - - 0.428 ms"}
{"level":"info","message":"GET /unvt/styles/style-std.json 304 - - 0.352 ms"}
{"level":"info","message":"GET /unvt/sprite-rev/sprite_S.png 304 - - 0.455 ms"}
{"level":"info","message":"GET /unvt/sprite-rev/sprite_S.json 304 - - 0.797 ms"}
{"level":"info","message":"GET /unvt/font/NotoSansDisplay-SemiBoldItalic/0-255.pbf 304 - - 0.986 ms"}
{"level":"info","message":"GET /unvt/font/Open%20Sans%20Semibold/0-255.pbf 304 - - 2.408 ms"}
{"level":"info","message":"GET /unvt/font/Open%20Sans%20Semibold/256-511.pbf 304 - - 0.709 ms"}
{"level":"info","message":"GET /unvt/geoportal.html 200 2315 - 1.902 ms"}
{"level":"info","message":"GET /unvt/watergis/maplibre-gl-export@4.0.1/maplibre-gl-export.css 200 1847 - 3.670 ms"}
{"level":"info","message":"GET /unvt/maplibre-gl@5.3.0/maplibre-gl.js 304 - - 2.097 ms"}
{"level":"info","message":"GET /unvt/watergis/maplibre-gl-legend@2.0.5/maplibre-gl-legend.css 200 2618 - 5.879 ms"}
{"level":"info","message":"GET /unvt/maplibre-gl@5.3.0/maplibre-gl.css 304 - - 3.043 ms"}
{"level":"info","message":"GET /unvt/watergis/maplibre-gl-legend@2.0.5/maplibre-gl-legend.umd.js 200 252685 - 6.693 ms"}
{"level":"info","message":"GET /unvt/watergis/maplibre-gl-export@4.0.1/maplibre-gl-export.umd.js 200 767494 - 4.340 ms"}
{"level":"info","message":"GET /unvt/styles/style-charites.json 200 215773 - 1.228 ms"}
{"level":"info","message":"GET /unvt/sprite-rev/sprite_S.json 304 - - 0.655 ms"}
{"level":"info","message":"GET /unvt/sprite-rev/sprite_S.png 304 - - 1.147 ms"}
{"level":"info","message":"GET /unvt/font/Open%20Sans%20Bold/0-255.pbf 304 - - 0.391 ms"}
{"level":"info","message":"GET /unvt/font/sans/0-255.pbf 200 79250 - 2.183 ms"}
{"level":"info","message":"GET /unvt/font/Open%20Sans%20Semibold%20Italic/0-255.pbf 200 80678 - 2.961 ms"}
{"level":"info","message":"GET /unvt/font/Open%20Sans%20Italic/0-255.pbf 200 78054 - 1.361 ms"}
{"level":"info","message":"GET /unvt/font/Open%20Sans%20Bold/256-511.pbf 304 - - 0.835 ms"}
{"level":"info","message":"GET /unvt/sprite-rev/sprite_S.json 304 - - 0.439 ms"}
{"level":"info","message":"GET /unvt/sprite-rev/sprite_S@2x.png 200 47497 - 1.929 ms"}
{"level":"info","message":"GET /unvt/watergis/maplibre-gl-export@4.0.1/maplibre-gl-export.css 304 - - 0.804 ms"}
{"level":"info","message":"GET /unvt/maplibre-gl@5.3.0/maplibre-gl.css 304 - - 0.938 ms"}
{"level":"info","message":"GET /unvt/watergis/maplibre-gl-legend@2.0.5/maplibre-gl-legend.css 304 - - 0.421 ms"}
{"level":"info","message":"GET /.well-known/appspecific/com.chrome.devtools.json 404 9 - 1.646 ms"}
{"level":"info","message":"GET /unvt/watergis/maplibre-gl-export@4.0.1/maplibre-gl-export.umd.js.map 404 9 - 1.868 ms"}
{"level":"info","message":"GET /unvt/watergis/maplibre-gl-legend@2.0.5/maplibre-gl-legend.umd.js.map 404 9 - 2.774 ms"}
{"level":"info","message":"GET /unvt/maplibre-gl@5.3.0/maplibre-gl.js.map 200 5294603 - 6.847 ms"}
{"level":"info","message":"GET /unvt/VT-open/zxy/UniteStreetMapVector/2/3/2.pbf 200 71773 - 12.085 ms"}
{"level":"info","message":"GET /unvt/VT-open/zxy/UniteStreetMapVector/2/1/2.pbf 200 88039 - 10.389 ms"}
{"level":"info","message":"GET /unvt/VT-open/zxy/UniteStreetMapVector/2/3/1.pbf 200 225668 - 14.648 ms"}
{"level":"info","message":"GET /unvt/VT-open/zxy/UniteStreetMapVector/2/2/2.pbf 200 48323 - 11.404 ms"}
{"level":"info","message":"GET /unvt/VT-open/zxy/UniteStreetMapVector/2/2/1.pbf 200 351876 - 17.189 ms"}
{"level":"info","message":"GET /unvt/VT-open/zxy/UniteStreetMapVector/2/1/1.pbf 200 195956 - 17.921 ms"}
{"level":"info","message":"GET /unvt/geoportal.html 200 2315 - 1.210 ms"}
{"level":"info","message":"GET /.well-known/appspecific/com.chrome.devtools.json 404 9 - 0.205 ms"}
{"level":"info","message":"GET /unvt/watergis/maplibre-gl-export@4.0.1/maplibre-gl-export.css 200 1847 - 8.370 ms"}
{"level":"info","message":"GET /unvt/watergis/maplibre-gl-legend@2.0.5/maplibre-gl-legend.css 200 2618 - 9.552 ms"}
{"level":"info","message":"GET /unvt/maplibre-gl@5.3.0/maplibre-gl.css 200 69422 - 10.571 ms"}
{"level":"info","message":"GET /unvt/watergis/maplibre-gl-legend@2.0.5/maplibre-gl-legend.umd.js 200 252685 - 0.608 ms"}
{"level":"info","message":"GET /unvt/watergis/maplibre-gl-export@4.0.1/maplibre-gl-export.umd.js 200 767494 - 1.642 ms"}
{"level":"info","message":"GET /unvt/maplibre-gl@5.3.0/maplibre-gl.js 200 913906 - 5.868 ms"}
{"level":"info","message":"GET /unvt/maplibre-gl@5.3.0/maplibre-gl.js.map 200 5294603 - 1.436 ms"}
{"level":"info","message":"GET /unvt/watergis/maplibre-gl-export@4.0.1/maplibre-gl-export.umd.js.map 404 9 - 0.586 ms"}
{"level":"info","message":"GET /unvt/watergis/maplibre-gl-legend@2.0.5/maplibre-gl-legend.umd.js.map 404 9 - 0.954 ms"}
{"level":"info","message":"GET /unvt/styles/style-charites.json 200 215773 - 1.124 ms"}
{"level":"info","message":"GET /unvt/sprite-rev/sprite_S.json 200 13660 - 1.541 ms"}
{"level":"info","message":"GET /unvt/sprite-rev/sprite_S.png 200 24866 - 2.349 ms"}
{"level":"info","message":"GET /unvt/VT-open/zxy/UniteStreetMapVector/2/2/2.pbf 200 48323 - 2.784 ms"}
{"level":"info","message":"GET /unvt/VT-open/zxy/UniteStreetMapVector/2/2/1.pbf 200 351876 - 3.922 ms"}
{"level":"info","message":"GET /unvt/VT-open/zxy/UniteStreetMapVector/2/1/2.pbf 200 88039 - 4.252 ms"}
{"level":"info","message":"GET /unvt/VT-open/zxy/UniteStreetMapVector/2/1/1.pbf 200 195956 - 5.365 ms"}
{"level":"info","message":"GET /unvt/VT-open/zxy/UniteStreetMapVector/2/3/2.pbf 200 71773 - 5.605 ms"}
{"level":"info","message":"GET /unvt/VT-open/zxy/UniteStreetMapVector/2/3/1.pbf 200 225668 - 5.829 ms"}
{"level":"info","message":"GET /unvt/font/Open%20Sans%20Semibold%20Italic/0-255.pbf 200 80678 - 1.075 ms"}
{"level":"info","message":"GET /unvt/font/Open%20Sans%20Bold/0-255.pbf 200 80025 - 2.048 ms"}
{"level":"info","message":"GET /unvt/font/sans/0-255.pbf 200 79250 - 1.539 ms"}
{"level":"info","message":"GET /unvt/font/Open%20Sans%20Bold/256-511.pbf 200 70900 - 0.821 ms"}
{"level":"info","message":"GET /unvt/sprite-rev/sprite_S.json 200 13660 - 1.789 ms"}
{"level":"info","message":"GET /unvt/sprite-rev/sprite_S@2x.png 200 47497 - 1.756 ms"}
{"level":"info","message":"GET /unvt/VT-open/zxy/UniteStreetMapVector/1/1/1.pbf 200 25942 - 2.368 ms"}
{"level":"info","message":"GET /unvt/VT-open/zxy/UniteStreetMapVector/1/0/0.pbf 200 80184 - 4.195 ms"}
{"level":"info","message":"GET /unvt/VT-open/zxy/UniteStreetMapVector/1/0/1.pbf 200 22607 - 3.469 ms"}
{"level":"info","message":"GET /unvt/VT-open/zxy/UniteStreetMapVector/1/1/0.pbf 200 76538 - 4.637 ms"}
{"level":"info","message":"GET /unvt/font/Open%20Sans%20Italic/0-255.pbf 200 78054 - 6.393 ms"}
{"level":"info","message":"GET /unvt/VT-open/zxy/UniteStreetMapVector/1/0/1.pbf 200 22607 - 0.991 ms"}
{"level":"info","message":"GET /unvt/VT-open/zxy/UniteStreetMapVector/1/0/0.pbf 200 80184 - 1.287 ms"}
{"level":"info","message":"GET /unvt/VT-open/zxy/UniteStreetMapVector/0/0/0.pbf 200 100708 - 8.406 ms"}
{"level":"info","message":"GET /unvt/VT-open/zxy/UniteStreetMapVector/0/0/0.pbf 200 100708 - 3.338 ms"}
{"level":"info","message":"GET /unvt/VT-open/zxy/UniteStreetMapVector/0/0/0.pbf 200 100708 - 3.474 ms"}
{"level":"info","message":"GET /unvt/ 304 - - 1.002 ms"}
{"level":"info","message":"GET /unvt/geoportal.html 304 - - 0.819 ms"}
{"level":"info","message":"GET /unvt/watergis/maplibre-gl-export@4.0.1/maplibre-gl-export.css 304 - - 1.028 ms"}
{"level":"info","message":"GET /unvt/maplibre-gl@5.3.0/maplibre-gl.css 304 - - 1.064 ms"}
{"level":"info","message":"GET /unvt/maplibre-gl@5.3.0/maplibre-gl.js 304 - - 0.268 ms"}
{"level":"info","message":"GET /unvt/watergis/maplibre-gl-legend@2.0.5/maplibre-gl-legend.umd.js 304 - - 0.303 ms"}
{"level":"info","message":"GET /unvt/watergis/maplibre-gl-legend@2.0.5/maplibre-gl-legend.css 304 - - 0.579 ms"}
{"level":"info","message":"GET /unvt/watergis/maplibre-gl-export@4.0.1/maplibre-gl-export.umd.js 304 - - 0.363 ms"}
{"level":"info","message":"GET /unvt/styles/style-charites.json 304 - - 0.333 ms"}
{"level":"info","message":"GET /unvt/sprite-rev/sprite_S.png 304 - - 0.507 ms"}
{"level":"info","message":"GET /unvt/sprite-rev/sprite_S.json 304 - - 0.620 ms"}
{"level":"info","message":"GET /unvt/font/sans/0-255.pbf 304 - - 1.969 ms"}
{"level":"info","message":"GET /unvt/font/Open%20Sans%20Bold/0-255.pbf 304 - - 2.536 ms"}
{"level":"info","message":"GET /unvt/font/Open%20Sans%20Semibold%20Italic/0-255.pbf 304 - - 2.014 ms"}
{"level":"info","message":"GET /unvt/font/Open%20Sans%20Italic/0-255.pbf 304 - - 0.249 ms"}
{"level":"info","message":"GET /unvt/font/Open%20Sans%20Bold/256-511.pbf 304 - - 0.307 ms"}
{"level":"info","message":"GET /unvt/sprite-rev/sprite_S.json 304 - - 1.289 ms"}
{"level":"info","message":"GET /unvt/sprite-rev/sprite_S@2x.png 304 - - 4.928 ms"}
{"level":"info","message":"GET /unvt/font/NotoSans-Regular/0-255.pbf 304 - - 0.572 ms"}
{"level":"info","message":"GET /unvt/font/NotoSans-Regular/256-511.pbf 304 - - 1.086 ms"}
{"level":"info","message":"GET /unvt/font/NotoSans-Regular/7936-8191.pbf 304 - - 0.362 ms"}
{"level":"info","message":"GET /unvt/font/NotoSans-Regular/8192-8447.pbf 304 - - 0.352 ms"}
{"level":"info","message":"GET /unvt/VT-open/zxy/UniteStreetMapVector/5/19/16.pbf 200 40406 - 6.992 ms"}
{"level":"info","message":"GET /unvt/VT-open/zxy/UniteStreetMapVector/5/19/15.pbf 200 41207 - 6.725 ms"}
{"level":"info","message":"GET /unvt/VT-open/zxy/UniteStreetMapVector/5/18/16.pbf 200 51491 - 4.964 ms"}
{"level":"info","message":"GET /unvt/VT-open/zxy/UniteStreetMapVector/5/18/15.pbf 200 45957 - 4.839 ms"}
{"level":"info","message":"GET /unvt/VT-open/zxy/UniteStreetMapVector/5/20/16.pbf 200 1897 - 4.979 ms"}
{"level":"info","message":"GET /unvt/VT-open/zxy/UniteStreetMapVector/5/20/15.pbf 200 9995 - 5.115 ms"}
{"level":"info","message":"GET /unvt/VT-open/zxy/UniteStreetMapVector/6/38/32.pbf 404 59 - 1.835 ms"}
{"level":"info","message":"GET /unvt/VT-open/zxy/UniteStreetMapVector/6/38/33.pbf 404 59 - 0.374 ms"}
{"level":"info","message":"GET /unvt/VT-open/zxy/UniteStreetMapVector/6/39/33.pbf 404 59 - 0.801 ms"}
{"level":"info","message":"GET /unvt/VT-open/zxy/UniteStreetMapVector/6/37/32.pbf 404 59 - 1.267 ms"}
{"level":"info","message":"GET /unvt/VT-open/zxy/UniteStreetMapVector/6/40/32.pbf 404 59 - 1.706 ms"}
{"level":"info","message":"GET /unvt/VT-open/zxy/UniteStreetMapVector/6/37/33.pbf 404 59 - 2.187 ms"}
{"level":"info","message":"GET /unvt/VT-open/zxy/UniteStreetMapVector/6/40/33.pbf 404 59 - 0.567 ms"}
{"level":"info","message":"GET /unvt/VT-open/zxy/UniteStreetMapVector/6/39/32.pbf 200 64674 - 9.372 ms"}
{"level":"info","message":"GET /unvt/font/NotoSansDisplay-Medium/0-255.pbf 200 74619 - 1.406 ms"}
{"level":"info","message":"GET /unvt/VT-open/zxy/UniteStreetMapVector/7/77/65.pbf 404 59 - 1.631 ms"}
{"level":"info","message":"GET /unvt/VT-open/zxy/UniteStreetMapVector/7/77/64.pbf 404 59 - 1.211 ms"}
{"level":"info","message":"GET /unvt/VT-open/zxy/UniteStreetMapVector/7/77/66.pbf 404 59 - 1.466 ms"}
{"level":"info","message":"GET /unvt/VT-open/zxy/UniteStreetMapVector/7/78/66.pbf 404 59 - 1.884 ms"}
{"level":"info","message":"GET /unvt/VT-open/zxy/UniteStreetMapVector/7/78/65.pbf 200 32819 - 4.875 ms"}
{"level":"info","message":"GET /unvt/VT-open/zxy/UniteStreetMapVector/7/76/65.pbf 404 59 - 0.828 ms"}
{"level":"info","message":"GET /unvt/VT-open/zxy/UniteStreetMapVector/7/78/64.pbf 200 82224 - 5.869 ms"}
{"level":"info","message":"GET /unvt/VT-open/zxy/UniteStreetMapVector/7/76/64.pbf 404 59 - 1.920 ms"}
{"level":"info","message":"GET /unvt/VT-open/zxy/UniteStreetMapVector/7/76/66.pbf 404 59 - 0.800 ms"}
{"level":"info","message":"GET /unvt/VT-open/zxy/UniteStreetMapVector/7/79/66.pbf 404 59 - 1.156 ms"}
{"level":"info","message":"GET /unvt/VT-open/zxy/UniteStreetMapVector/7/79/65.pbf 404 69 - 5.489 ms"}
{"level":"info","message":"GET /unvt/VT-open/zxy/UniteStreetMapVector/7/79/64.pbf 200 10891 - 5.300 ms"}
{"level":"info","message":"GET /unvt/font/NotoSans-Italic/0-255.pbf 200 79143 - 0.987 ms"}
{"level":"info","message":"GET /unvt/font/NotoSansDisplay-Regular/0-255.pbf 200 73384 - 2.572 ms"}
{"level":"info","message":"GET /unvt/font/NotoSans-Bold/0-255.pbf 200 80193 - 2.343 ms"}
{"level":"info","message":"GET /unvt/font/NotoSansDisplay-Regular/1536-1791.pbf 200 40 - 0.919 ms"}
{"level":"info","message":"GET /unvt/VT-open/zxy/UniteStreetMapVector/8/155/130.pbf 404 61 - 0.914 ms"}
{"level":"info","message":"GET /unvt/VT-open/zxy/UniteStreetMapVector/8/155/131.pbf 404 61 - 0.642 ms"}
{"level":"info","message":"GET /unvt/VT-open/zxy/UniteStreetMapVector/8/154/130.pbf 404 61 - 1.130 ms"}
{"level":"info","message":"GET /unvt/VT-open/zxy/UniteStreetMapVector/8/156/130.pbf 200 35251 - 4.562 ms"}
{"level":"info","message":"GET /unvt/VT-open/zxy/UniteStreetMapVector/8/156/131.pbf 200 17019 - 4.275 ms"}
{"level":"info","message":"GET /unvt/VT-open/zxy/UniteStreetMapVector/8/154/131.pbf 404 61 - 0.311 ms"}
{"level":"info","message":"GET /unvt/VT-open/zxy/UniteStreetMapVector/8/157/130.pbf 404 71 - 2.439 ms"}
{"level":"info","message":"GET /unvt/VT-open/zxy/UniteStreetMapVector/8/157/131.pbf 404 71 - 2.758 ms"}
{"level":"info","message":"GET /unvt/font/NotoSansDisplay-SemiBold/0-255.pbf 200 76329 - 0.959 ms"}
{"level":"info","message":"GET /unvt/VT-open/zxy/UniteStreetMapVector/9/311/261.pbf 404 61 - 0.444 ms"}
{"level":"info","message":"GET /unvt/VT-open/zxy/UniteStreetMapVector/9/312/261.pbf 200 25772 - 2.962 ms"}
{"level":"info","message":"GET /unvt/VT-open/zxy/UniteStreetMapVector/9/312/262.pbf 200 10469 - 2.949 ms"}
{"level":"info","message":"GET /unvt/VT-open/zxy/UniteStreetMapVector/9/311/262.pbf 404 61 - 1.016 ms"}
{"level":"info","message":"GET /unvt/VT-open/zxy/UniteStreetMapVector/9/311/260.pbf 404 61 - 0.310 ms"}
{"level":"info","message":"GET /unvt/VT-open/zxy/UniteStreetMapVector/9/313/261.pbf 404 71 - 2.375 ms"}
{"level":"info","message":"GET /unvt/VT-open/zxy/UniteStreetMapVector/9/312/260.pbf 200 19274 - 2.598 ms"}
{"level":"info","message":"GET /unvt/VT-open/zxy/UniteStreetMapVector/9/313/262.pbf 404 71 - 3.054 ms"}
{"level":"info","message":"GET /unvt/VT-open/zxy/UniteStreetMapVector/9/313/260.pbf 200 5793 - 3.479 ms"}
{"level":"info","message":"GET /unvt/VT-open/zxy/UniteStreetMapVector/10/624/523.pbf 200 43415 - 2.445 ms"}
{"level":"info","message":"GET /unvt/VT-open/zxy/UniteStreetMapVector/10/625/523.pbf 200 3318 - 2.919 ms"}
{"level":"info","message":"GET /unvt/VT-open/zxy/UniteStreetMapVector/10/624/522.pbf 200 15929 - 7.001 ms"}
{"level":"info","message":"GET /unvt/VT-open/zxy/UniteStreetMapVector/10/624/524.pbf 200 39052 - 6.923 ms"}
{"level":"info","message":"GET /unvt/VT-open/zxy/UniteStreetMapVector/10/623/522.pbf 404 62 - 5.166 ms"}
{"level":"info","message":"GET /unvt/VT-open/zxy/UniteStreetMapVector/10/623/523.pbf 404 62 - 5.765 ms"}
{"level":"info","message":"GET /unvt/VT-open/zxy/UniteStreetMapVector/10/625/522.pbf 200 12267 - 8.184 ms"}
{"level":"info","message":"GET /unvt/VT-open/zxy/UniteStreetMapVector/10/625/524.pbf 404 72 - 8.572 ms"}
{"level":"info","message":"GET /unvt/VT-open/zxy/UniteStreetMapVector/10/623/524.pbf 404 62 - 0.583 ms"}
{"level":"info","message":"GET /unvt/ 304 - - 5.480 ms"}
{"level":"info","message":"GET /unvt/geoportal.html 304 - - 1.339 ms"}
{"level":"info","message":"GET /unvt/watergis/maplibre-gl-export@4.0.1/maplibre-gl-export.css 304 - - 1.008 ms"}
{"level":"info","message":"GET /unvt/watergis/maplibre-gl-legend@2.0.5/maplibre-gl-legend.umd.js 304 - - 1.460 ms"}
{"level":"info","message":"GET /unvt/maplibre-gl@5.3.0/maplibre-gl.css 304 - - 0.976 ms"}
{"level":"info","message":"GET /unvt/watergis/maplibre-gl-export@4.0.1/maplibre-gl-export.umd.js 304 - - 0.456 ms"}
{"level":"info","message":"GET /unvt/maplibre-gl@5.3.0/maplibre-gl.js 304 - - 0.892 ms"}
{"level":"info","message":"GET /unvt/watergis/maplibre-gl-legend@2.0.5/maplibre-gl-legend.css 304 - - 0.416 ms"}
{"level":"info","message":"GET /unvt/styles/style-charites.json 304 - - 1.482 ms"}
{"level":"info","message":"GET /unvt/sprite-rev/sprite_S.json 304 - - 0.789 ms"}
{"level":"info","message":"GET /unvt/sprite-rev/sprite_S.png 304 - - 1.695 ms"}
{"level":"info","message":"GET /unvt/font/Open%20Sans%20Italic/0-255.pbf 304 - - 2.742 ms"}
{"level":"info","message":"GET /unvt/font/sans/0-255.pbf 304 - - 3.295 ms"}
{"level":"info","message":"GET /unvt/font/Open%20Sans%20Bold/0-255.pbf 304 - - 3.221 ms"}
{"level":"info","message":"GET /unvt/font/Open%20Sans%20Semibold%20Italic/0-255.pbf 304 - - 4.187 ms"}
{"level":"info","message":"GET /unvt/font/Open%20Sans%20Bold/256-511.pbf 304 - - 0.601 ms"}
{"level":"info","message":"GET /unvt/sprite-rev/sprite_S.json 304 - - 0.958 ms"}
{"level":"info","message":"GET /unvt/sprite-rev/sprite_S@2x.png 304 - - 1.058 ms"}
{"level":"info","message":"GET /unvt/watergis/maplibre-gl-legend@2.0.5/maplibre-gl-legend.css 304 - - 1.302 ms"}
{"level":"info","message":"GET /unvt/maplibre-gl@5.3.0/maplibre-gl.css 304 - - 1.309 ms"}
{"level":"info","message":"GET /unvt/watergis/maplibre-gl-export@4.0.1/maplibre-gl-export.css 304 - - 1.433 ms"}
{"level":"info","message":"GET /.well-known/appspecific/com.chrome.devtools.json 404 9 - 2.994 ms"}
{"level":"info","message":"GET /unvt/watergis/maplibre-gl-legend@2.0.5/maplibre-gl-legend.umd.js.map 404 9 - 2.811 ms"}
{"level":"info","message":"GET /unvt/watergis/maplibre-gl-export@4.0.1/maplibre-gl-export.umd.js.map 404 9 - 3.261 ms"}
{"level":"info","message":"GET /unvt/maplibre-gl@5.3.0/maplibre-gl.js.map 200 5294603 - 7.144 ms"}
{"level":"info","message":"GET /unvt/geoportal.html 200 2315 - 1.848 ms"}
{"level":"info","message":"GET /.well-known/appspecific/com.chrome.devtools.json 404 9 - 0.414 ms"}
{"level":"info","message":"GET /unvt/watergis/maplibre-gl-export@4.0.1/maplibre-gl-export.css 200 1847 - 3.440 ms"}
{"level":"info","message":"GET /unvt/maplibre-gl@5.3.0/maplibre-gl.css 200 69422 - 3.641 ms"}
{"level":"info","message":"GET /unvt/watergis/maplibre-gl-legend@2.0.5/maplibre-gl-legend.css 200 2618 - 3.840 ms"}
{"level":"info","message":"GET /unvt/watergis/maplibre-gl-legend@2.0.5/maplibre-gl-legend.umd.js 200 252685 - 3.379 ms"}
{"level":"info","message":"GET /unvt/watergis/maplibre-gl-export@4.0.1/maplibre-gl-export.umd.js 200 767494 - 4.349 ms"}
{"level":"info","message":"GET /unvt/maplibre-gl@5.3.0/maplibre-gl.js 200 913906 - 2.816 ms"}
{"level":"info","message":"GET /unvt/maplibre-gl@5.3.0/maplibre-gl.js.map 200 5294603 - 1.882 ms"}
{"level":"info","message":"GET /unvt/watergis/maplibre-gl-export@4.0.1/maplibre-gl-export.umd.js.map 404 9 - 0.917 ms"}
{"level":"info","message":"GET /unvt/watergis/maplibre-gl-legend@2.0.5/maplibre-gl-legend.umd.js.map 404 9 - 1.646 ms"}
{"level":"info","message":"GET /unvt/styles/style-charites.json 200 215773 - 1.806 ms"}
{"level":"info","message":"GET /unvt/sprite-rev/sprite_S.json 200 13660 - 1.283 ms"}
{"level":"info","message":"GET /unvt/sprite-rev/sprite_S.png 200 24866 - 6.320 ms"}
{"level":"info","message":"GET /unvt/VT-open/zxy/UniteStreetMapVector/1/1/1.pbf 200 25942 - 25.349 ms"}
{"level":"info","message":"GET /unvt/VT-open/zxy/UniteStreetMapVector/1/0/1.pbf 200 22607 - 19.752 ms"}
{"level":"info","message":"GET /unvt/VT-open/zxy/UniteStreetMapVector/1/0/1.pbf 200 22607 - 19.050 ms"}
{"level":"info","message":"GET /unvt/VT-open/zxy/UniteStreetMapVector/1/1/1.pbf 200 25942 - 28.206 ms"}
{"level":"info","message":"GET /unvt/VT-open/zxy/UniteStreetMapVector/1/0/0.pbf 200 80184 - 21.287 ms"}
{"level":"info","message":"GET /unvt/VT-open/zxy/UniteStreetMapVector/1/0/0.pbf 200 80184 - 22.239 ms"}
{"level":"info","message":"GET /unvt/VT-open/zxy/UniteStreetMapVector/1/1/0.pbf 200 76538 - 4.398 ms"}
{"level":"info","message":"GET /unvt/VT-open/zxy/UniteStreetMapVector/1/1/0.pbf 200 76538 - 4.474 ms"}
{"level":"info","message":"GET /unvt/font/Open%20Sans%20Italic/0-255.pbf 200 78054 - 0.660 ms"}
{"level":"info","message":"GET /unvt/font/Open%20Sans%20Semibold%20Italic/0-255.pbf 200 80678 - 1.157 ms"}
{"level":"info","message":"GET /unvt/font/sans/0-255.pbf 200 79250 - 0.963 ms"}
{"level":"info","message":"GET /unvt/font/Open%20Sans%20Bold/0-255.pbf 200 80025 - 1.062 ms"}
{"level":"info","message":"GET /unvt/font/Open%20Sans%20Bold/256-511.pbf 200 70900 - 1.010 ms"}
{"level":"info","message":"GET /unvt/sprite-rev/sprite_S.json 200 13660 - 1.818 ms"}
{"level":"info","message":"GET /unvt/sprite-rev/sprite_S@2x.png 200 47497 - 3.302 ms"}
{"level":"info","message":"GET /unvt/VT-open/zxy/UniteStreetMapVector/0/0/0.pbf 200 100708 - 2.319 ms"}
{"level":"info","message":"GET /unvt/VT-open/zxy/UniteStreetMapVector/0/0/0.pbf 200 100708 - 2.438 ms"}
{"level":"info","message":"GET /unvt/VT-open/zxy/UniteStreetMapVector/0/0/0.pbf 200 100708 - 3.792 ms"}
{"level":"info","message":"GET /unvt/sprite-rev/sprite_S.json 200 13660 - 4.707 ms"}
{"level":"info","message":"GET /unvt/sprite-rev/sprite_S.png 200 24866 - 5.095 ms"}
{"level":"info","message":"GET /unvt/VT-open/zxy/UniteStreetMapVector/0/0/0.pbf 200 100708 - 3.253 ms"}
{"level":"info","message":"GET /unvt/sprite-rev/sprite_S.json 304 - - 1.132 ms"}
{"level":"info","message":"GET /unvt/sprite-rev/sprite_S@2x.png 200 47497 - 3.287 ms"}
{"level":"info","message":"GET /unvt/font/Open%20Sans%20Semibold%20Italic/0-255.pbf 304 - - 0.605 ms"}
{"level":"info","message":"GET /unvt/font/Open%20Sans%20Italic/0-255.pbf 304 - - 0.666 ms"}
{"level":"info","message":"GET /unvt/font/Open%20Sans%20Bold/0-255.pbf 304 - - 1.590 ms"}
{"level":"info","message":"GET /unvt/font/sans/0-255.pbf 304 - - 1.957 ms"}
{"level":"info","message":"GET /unvt/font/Open%20Sans%20Bold/256-511.pbf 304 - - 1.145 ms"}
{"level":"info","message":"GET /unvt/font/NotoSans-Regular/0-255.pbf 304 - - 0.584 ms"}
{"level":"info","message":"GET /unvt/font/NotoSans-Regular/8192-8447.pbf 304 - - 0.648 ms"}
{"level":"info","message":"GET /unvt/font/NotoSans-Regular/256-511.pbf 304 - - 0.537 ms"}
{"level":"info","message":"GET /unvt/font/NotoSans-Regular/7936-8191.pbf 304 - - 0.366 ms"}
{"level":"info","message":"GET /unvt/VT-open/zxy/UniteStreetMapVector/6/38/32.pbf 404 59 - 2.915 ms"}
{"level":"info","message":"GET /unvt/VT-open/zxy/UniteStreetMapVector/6/38/33.pbf 404 59 - 3.170 ms"}
{"level":"info","message":"GET /unvt/VT-open/zxy/UniteStreetMapVector/6/39/33.pbf 404 59 - 0.747 ms"}
{"level":"info","message":"GET /unvt/VT-open/zxy/UniteStreetMapVector/6/37/32.pbf 404 59 - 0.448 ms"}
{"level":"info","message":"GET /unvt/VT-open/zxy/UniteStreetMapVector/6/37/33.pbf 404 59 - 0.446 ms"}
{"level":"info","message":"GET /unvt/font/NotoSansDisplay-Medium/0-255.pbf 304 - - 0.743 ms"}
{"level":"info","message":"GET /unvt/VT-open/zxy/UniteStreetMapVector/7/77/65.pbf 404 59 - 1.210 ms"}
{"level":"info","message":"GET /unvt/VT-open/zxy/UniteStreetMapVector/7/77/64.pbf 404 59 - 1.769 ms"}
{"level":"info","message":"GET /unvt/VT-open/zxy/UniteStreetMapVector/7/77/66.pbf 404 59 - 1.373 ms"}
{"level":"info","message":"GET /unvt/VT-open/zxy/UniteStreetMapVector/7/78/66.pbf 404 59 - 2.461 ms"}
{"level":"info","message":"GET /unvt/VT-open/zxy/UniteStreetMapVector/7/76/65.pbf 404 59 - 3.096 ms"}
{"level":"info","message":"GET /unvt/VT-open/zxy/UniteStreetMapVector/7/76/64.pbf 404 59 - 0.903 ms"}
{"level":"info","message":"GET /unvt/VT-open/zxy/UniteStreetMapVector/7/76/66.pbf 404 59 - 1.284 ms"}
{"level":"info","message":"GET /unvt/VT-open/zxy/UniteStreetMapVector/7/79/66.pbf 404 59 - 1.615 ms"}
{"level":"info","message":"GET /unvt/VT-open/zxy/UniteStreetMapVector/7/79/65.pbf 404 69 - 4.616 ms"}
{"level":"info","message":"GET /unvt/font/NotoSansDisplay-Regular/0-255.pbf 304 - - 0.914 ms"}
{"level":"info","message":"GET /unvt/font/NotoSans-Bold/0-255.pbf 304 - - 1.075 ms"}
{"level":"info","message":"GET /unvt/font/NotoSans-Italic/0-255.pbf 304 - - 1.426 ms"}
{"level":"info","message":"GET /unvt/font/NotoSansDisplay-Regular/1536-1791.pbf 304 - - 1.225 ms"}
{"level":"info","message":"GET /unvt/VT-open/zxy/UniteStreetMapVector/8/155/130.pbf 404 61 - 1.435 ms"}
{"level":"info","message":"GET /unvt/VT-open/zxy/UniteStreetMapVector/8/155/131.pbf 404 61 - 1.886 ms"}
{"level":"info","message":"GET /unvt/VT-open/zxy/UniteStreetMapVector/8/157/130.pbf 404 71 - 2.990 ms"}
{"level":"info","message":"GET /unvt/VT-open/zxy/UniteStreetMapVector/8/157/131.pbf 404 71 - 3.462 ms"}
{"level":"info","message":"GET /unvt/font/NotoSansDisplay-SemiBold/0-255.pbf 304 - - 0.623 ms"}
{"level":"info","message":"GET /unvt/VT-open/zxy/UniteStreetMapVector/9/311/261.pbf 404 61 - 1.315 ms"}
{"level":"info","message":"GET /unvt/VT-open/zxy/UniteStreetMapVector/9/311/262.pbf 404 61 - 2.045 ms"}
{"level":"info","message":"GET /unvt/VT-open/zxy/UniteStreetMapVector/9/313/261.pbf 404 71 - 2.776 ms"}
{"level":"info","message":"GET /unvt/VT-open/zxy/UniteStreetMapVector/9/313/262.pbf 404 71 - 2.964 ms"}
{"level":"info","message":"GET /unvt/VT-open/zxy/UniteStreetMapVector/10/623/523.pbf 404 62 - 0.699 ms"}
{"level":"info","message":"GET /unvt/VT-open/zxy/UniteStreetMapVector/10/623/524.pbf 404 62 - 0.711 ms"}
{"level":"info","message":"GET /unvt/VT-open/zxy/UniteStreetMapVector/10/625/524.pbf 404 72 - 2.795 ms"}
{"level":"info","message":"GET /unvt/VT-open/zxy/UniteStreetMapVector/10/623/522.pbf 404 62 - 0.807 ms"}
{"level":"info","message":"GET /unvt/sprite-rev/sprite_S.json 304 - - 1.839 ms"}
{"level":"info","message":"GET /unvt/sprite-rev/sprite_S.png 304 - - 0.372 ms"}
{"level":"info","message":"GET /unvt/sprite-rev/sprite_S.json 304 - - 1.152 ms"}
{"level":"info","message":"GET /unvt/sprite-rev/sprite_S@2x.png 304 - - 1.371 ms"}
{"level":"info","message":"GET /unvt/font/Open%20Sans%20Italic/0-255.pbf 304 - - 1.034 ms"}
{"level":"info","message":"GET /unvt/font/Open%20Sans%20Semibold%20Italic/0-255.pbf 304 - - 1.517 ms"}
{"level":"info","message":"GET /unvt/font/sans/0-255.pbf 304 - - 0.428 ms"}
{"level":"info","message":"GET /unvt/font/Open%20Sans%20Bold/0-255.pbf 304 - - 0.371 ms"}
{"level":"info","message":"GET /unvt/font/Open%20Sans%20Bold/256-511.pbf 304 - - 2.422 ms"}
{"level":"info","message":"GET /unvt/font/NotoSans-Regular/0-255.pbf 304 - - 0.959 ms"}
{"level":"info","message":"GET /unvt/font/NotoSans-Regular/256-511.pbf 304 - - 1.266 ms"}
{"level":"info","message":"GET /unvt/font/NotoSans-Regular/7936-8191.pbf 304 - - 1.841 ms"}
{"level":"info","message":"GET /unvt/font/NotoSans-Regular/8192-8447.pbf 304 - - 0.359 ms"}
{"level":"info","message":"GET /unvt/VT-open/zxy/UniteStreetMapVector/5/17/17.pbf 200 43555 - 11.419 ms"}
{"level":"info","message":"GET /unvt/VT-open/zxy/UniteStreetMapVector/5/17/16.pbf 200 41761 - 13.452 ms"}
{"level":"info","message":"GET /unvt/VT-open/zxy/UniteStreetMapVector/5/17/15.pbf 200 41234 - 13.279 ms"}
{"level":"info","message":"GET /unvt/sprite-rev/sprite_S.json 304 - - 4.568 ms"}
{"level":"info","message":"GET /unvt/sprite-rev/sprite_S.png 304 - - 1.741 ms"}
{"level":"info","message":"GET /unvt/sprite-rev/sprite_S.json 304 - - 0.801 ms"}
{"level":"info","message":"GET /unvt/sprite-rev/sprite_S@2x.png 304 - - 0.237 ms"}
{"level":"info","message":"GET /unvt/font/sans/0-255.pbf 304 - - 1.044 ms"}
{"level":"info","message":"GET /unvt/font/Open%20Sans%20Semibold%20Italic/0-255.pbf 304 - - 2.292 ms"}
{"level":"info","message":"GET /unvt/font/Open%20Sans%20Italic/0-255.pbf 304 - - 2.895 ms"}
{"level":"info","message":"GET /unvt/font/Open%20Sans%20Bold/0-255.pbf 304 - - 3.772 ms"}
{"level":"info","message":"GET /unvt/font/Open%20Sans%20Bold/256-511.pbf 304 - - 0.545 ms"}
{"level":"info","message":"GET /unvt/sprite-rev/sprite_S.json 304 - - 0.864 ms"}
{"level":"info","message":"GET /unvt/sprite-rev/sprite_S.png 304 - - 1.573 ms"}
{"level":"info","message":"GET /unvt/sprite-rev/sprite_S.json 304 - - 0.279 ms"}
{"level":"info","message":"GET /unvt/sprite-rev/sprite_S@2x.png 304 - - 0.125 ms"}
{"level":"info","message":"GET /unvt/sprite-rev/sprite_S.png 304 - - 3.526 ms"}
{"level":"info","message":"GET /unvt/sprite-rev/sprite_S.json 304 - - 6.038 ms"}
{"level":"info","message":"GET /unvt/sprite-rev/sprite_S.json 304 - - 1.151 ms"}
{"level":"info","message":"GET /unvt/sprite-rev/sprite_S@2x.png 304 - - 0.296 ms"}
{"level":"info","message":"GET /unvt/font/Open%20Sans%20Semibold%20Italic/0-255.pbf 304 - - 1.808 ms"}
{"level":"info","message":"GET /unvt/font/Open%20Sans%20Italic/0-255.pbf 304 - - 0.885 ms"}
{"level":"info","message":"GET /unvt/font/sans/0-255.pbf 304 - - 1.280 ms"}
{"level":"info","message":"GET /unvt/font/Open%20Sans%20Bold/0-255.pbf 304 - - 0.573 ms"}
{"level":"info","message":"GET /unvt/font/Open%20Sans%20Bold/256-511.pbf 304 - - 1.429 ms"}
{"level":"info","message":"GET /unvt/font/NotoSans-Regular/0-255.pbf 304 - - 0.572 ms"}
{"level":"info","message":"GET /unvt/font/NotoSans-Regular/8192-8447.pbf 304 - - 0.648 ms"}
{"level":"info","message":"GET /unvt/font/NotoSans-Regular/7936-8191.pbf 304 - - 0.806 ms"}
{"level":"info","message":"GET /unvt/font/NotoSans-Regular/256-511.pbf 304 - - 0.516 ms"}
{"level":"info","message":"GET /unvt/VT-open/zxy/UniteStreetMapVector/6/38/31.pbf 404 59 - 4.262 ms"}
{"level":"info","message":"GET /unvt/VT-open/zxy/UniteStreetMapVector/6/39/31.pbf 404 59 - 5.558 ms"}
{"level":"info","message":"GET /unvt/VT-open/zxy/UniteStreetMapVector/6/38/32.pbf 404 59 - 0.456 ms"}
{"level":"info","message":"GET /unvt/VT-open/zxy/UniteStreetMapVector/6/40/32.pbf 404 59 - 0.583 ms"}
{"level":"info","message":"GET /unvt/VT-open/zxy/UniteStreetMapVector/6/37/31.pbf 404 59 - 0.854 ms"}
{"level":"info","message":"GET /unvt/VT-open/zxy/UniteStreetMapVector/6/40/31.pbf 404 59 - 0.661 ms"}
{"level":"info","message":"GET /unvt/VT-open/zxy/UniteStreetMapVector/6/37/32.pbf 404 59 - 0.512 ms"}
{"level":"info","message":"GET /unvt/font/NotoSansDisplay-Medium/0-255.pbf 304 - - 0.479 ms"}
{"level":"info","message":"GET /unvt/VT-open/zxy/UniteStreetMapVector/7/78/63.pbf 404 59 - 1.472 ms"}
{"level":"info","message":"GET /unvt/VT-open/zxy/UniteStreetMapVector/7/77/63.pbf 404 59 - 2.497 ms"}
{"level":"info","message":"GET /unvt/VT-open/zxy/UniteStreetMapVector/7/78/62.pbf 404 59 - 1.396 ms"}
{"level":"info","message":"GET /unvt/VT-open/zxy/UniteStreetMapVector/7/79/63.pbf 404 59 - 2.076 ms"}
{"level":"info","message":"GET /unvt/VT-open/zxy/UniteStreetMapVector/7/77/64.pbf 404 59 - 2.460 ms"}
{"level":"info","message":"GET /unvt/VT-open/zxy/UniteStreetMapVector/7/77/62.pbf 404 59 - 3.057 ms"}
{"level":"info","message":"GET /unvt/VT-open/zxy/UniteStreetMapVector/7/79/62.pbf 404 59 - 3.392 ms"}
{"level":"info","message":"GET /unvt/font/NotoSansDisplay-Regular/0-255.pbf 304 - - 0.817 ms"}
{"level":"info","message":"GET /unvt/font/NotoSans-Bold/0-255.pbf 304 - - 0.920 ms"}
{"level":"info","message":"GET /unvt/font/NotoSansDisplay-Regular/1536-1791.pbf 304 - - 1.002 ms"}
{"level":"info","message":"GET /unvt/sprite-rev/sprite_S.json 304 - - 0.485 ms"}
{"level":"info","message":"GET /unvt/sprite-rev/sprite_S.png 304 - - 0.439 ms"}
{"level":"info","message":"GET /unvt/font/Open%20Sans%20Bold/0-255.pbf 304 - - 0.355 ms"}
{"level":"info","message":"GET /unvt/font/Open%20Sans%20Semibold%20Italic/0-255.pbf 304 - - 0.826 ms"}
{"level":"info","message":"GET /unvt/font/sans/0-255.pbf 304 - - 0.355 ms"}
{"level":"info","message":"GET /unvt/font/Open%20Sans%20Bold/256-511.pbf 304 - - 0.638 ms"}
{"level":"info","message":"GET /unvt/sprite-rev/sprite_S.json 304 - - 0.355 ms"}
{"level":"info","message":"GET /unvt/sprite-rev/sprite_S@2x.png 304 - - 0.426 ms"}
{"level":"info","message":"GET /unvt/VT-open/zxy/UniteStreetMapVector/3/6/4.pbf - - - - ms"}
{"level":"info","message":"GET /unvt/VT-open/zxy/UniteStreetMapVector/3/6/3.pbf 200 239239 - 17.845 ms"}
{"level":"info","message":"GET /unvt/font/Open%20Sans%20Italic/0-255.pbf 304 - - 0.968 ms"}
{"level":"info","message":"GET /unvt/VT-open/zxy/UniteStreetMapVector/3/6/3.pbf 200 239239 - 2.873 ms"}
{"level":"info","message":"GET /unvt/VT-open/zxy/UniteStreetMapVector/3/6/4.pbf 200 95754 - 3.636 ms"}
{"level":"info","message":"GET /unvt/font/NotoSans-Regular/0-255.pbf 304 - - 0.919 ms"}
{"level":"info","message":"GET /unvt/font/NotoSans-Regular/8192-8447.pbf 304 - - 0.614 ms"}
{"level":"info","message":"GET /unvt/font/NotoSans-Regular/256-511.pbf 304 - - 0.718 ms"}
{"level":"info","message":"GET /unvt/font/NotoSans-Regular/7936-8191.pbf 304 - - 1.213 ms"}
{"level":"info","message":"GET /unvt/VT-open/zxy/UniteStreetMapVector/6/38/32.pbf 404 59 - 2.120 ms"}
{"level":"info","message":"GET /unvt/VT-open/zxy/UniteStreetMapVector/6/38/33.pbf 404 59 - 0.741 ms"}
{"level":"info","message":"GET /unvt/VT-open/zxy/UniteStreetMapVector/6/40/32.pbf 404 59 - 0.694 ms"}
{"level":"info","message":"GET /unvt/VT-open/zxy/UniteStreetMapVector/6/38/31.pbf 404 59 - 1.311 ms"}
{"level":"info","message":"GET /unvt/VT-open/zxy/UniteStreetMapVector/6/37/33.pbf 404 59 - 0.740 ms"}
{"level":"info","message":"GET /unvt/VT-open/zxy/UniteStreetMapVector/6/39/33.pbf 404 59 - 1.354 ms"}
{"level":"info","message":"GET /unvt/VT-open/zxy/UniteStreetMapVector/6/37/31.pbf 404 59 - 1.146 ms"}
{"level":"info","message":"GET /unvt/VT-open/zxy/UniteStreetMapVector/6/40/33.pbf 404 59 - 1.822 ms"}
{"level":"info","message":"GET /unvt/VT-open/zxy/UniteStreetMapVector/6/39/31.pbf 404 59 - 2.358 ms"}
{"level":"info","message":"GET /unvt/VT-open/zxy/UniteStreetMapVector/6/40/31.pbf 404 59 - 0.479 ms"}
{"level":"info","message":"GET /unvt/VT-open/zxy/UniteStreetMapVector/6/37/32.pbf 404 59 - 0.843 ms"}
{"level":"info","message":"GET /unvt/font/NotoSansDisplay-Medium/0-255.pbf 304 - - 0.315 ms"}
{"level":"info","message":"GET /unvt/sprite-rev/sprite_S.png 304 - - 1.019 ms"}
{"level":"info","message":"GET /unvt/sprite-rev/sprite_S.json 304 - - 2.933 ms"}
{"level":"info","message":"GET /unvt/sprite-rev/sprite_S.json 304 - - 1.137 ms"}
{"level":"info","message":"GET /unvt/sprite-rev/sprite_S@2x.png 304 - - 1.343 ms"}
{"level":"info","message":"GET /unvt/sprite-rev/sprite_S.json 304 - - 0.244 ms"}
{"level":"info","message":"GET /unvt/sprite-rev/sprite_S.png 304 - - 0.403 ms"}
{"level":"info","message":"GET /unvt/sprite-rev/sprite_S.json 304 - - 1.136 ms"}
{"level":"info","message":"GET /unvt/sprite-rev/sprite_S@2x.png 304 - - 1.284 ms"}
{"level":"info","message":"GET /unvt/font/sans/0-255.pbf 304 - - 0.963 ms"}
{"level":"info","message":"GET /unvt/font/Open%20Sans%20Bold/0-255.pbf 304 - - 1.205 ms"}
{"level":"info","message":"GET /unvt/font/Open%20Sans%20Semibold%20Italic/0-255.pbf 304 - - 0.336 ms"}
{"level":"info","message":"GET /unvt/font/Open%20Sans%20Italic/0-255.pbf 304 - - 0.572 ms"}
{"level":"info","message":"GET /unvt/font/Open%20Sans%20Bold/256-511.pbf 304 - - 0.268 ms"}
{"level":"info","message":"GET /unvt/VT-open/zxy/UniteStreetMapVector/2/3/0.pbf 200 58857 - 9.898 ms"}
{"level":"info","message":"GET /unvt/VT-open/zxy/UniteStreetMapVector/2/0/2.pbf 200 3761 - 8.067 ms"}
{"level":"info","message":"GET /unvt/VT-open/zxy/UniteStreetMapVector/2/2/0.pbf 200 67572 - 9.497 ms"}
{"level":"info","message":"GET /unvt/VT-open/zxy/UniteStreetMapVector/2/0/1.pbf 200 237607 - 9.994 ms"}
{"level":"info","message":"GET /unvt/VT-open/zxy/UniteStreetMapVector/2/0/0.pbf 200 49525 - 10.172 ms"}
{"level":"info","message":"GET /unvt/VT-open/zxy/UniteStreetMapVector/2/1/0.pbf 200 41461 - 0.603 ms"}
{"level":"info","message":"GET /unvt/VT-open/zxy/UniteStreetMapVector/3/5/2.pbf 200 364293 - 5.367 ms"}
{"level":"info","message":"GET /unvt/VT-open/zxy/UniteStreetMapVector/3/4/2.pbf 200 432203 - 6.487 ms"}
{"level":"info","message":"GET /unvt/VT-open/zxy/UniteStreetMapVector/3/6/2.pbf 200 336230 - 6.903 ms"}
{"level":"info","message":"GET /unvt/VT-open/zxy/UniteStreetMapVector/3/3/2.pbf 200 47421 - 4.710 ms"}
{"level":"info","message":"GET /unvt/VT-open/zxy/UniteStreetMapVector/4/9/6.pbf 200 104624 - 4.372 ms"}
{"level":"info","message":"GET /unvt/VT-open/zxy/UniteStreetMapVector/4/9/5.pbf 200 136177 - 7.097 ms"}
{"level":"info","message":"GET /unvt/VT-open/zxy/UniteStreetMapVector/4/10/6.pbf 200 85052 - 7.572 ms"}
{"level":"info","message":"GET /unvt/VT-open/zxy/UniteStreetMapVector/4/8/6.pbf 200 45889 - 7.486 ms"}
{"level":"info","message":"GET /unvt/VT-open/zxy/UniteStreetMapVector/4/10/5.pbf 200 102720 - 8.301 ms"}
{"level":"info","message":"GET /unvt/VT-open/zxy/UniteStreetMapVector/4/8/5.pbf 200 167628 - 5.669 ms"}
{"level":"info","message":"GET /unvt/font/NotoSans-Regular/0-255.pbf 304 - - 1.418 ms"}
{"level":"info","message":"GET /unvt/font/NotoSans-Regular/8192-8447.pbf 304 - - 0.716 ms"}
{"level":"info","message":"GET /unvt/font/NotoSans-Regular/256-511.pbf 304 - - 0.532 ms"}
{"level":"info","message":"GET /unvt/font/NotoSans-Regular/7936-8191.pbf 304 - - 0.926 ms"}
{"level":"info","message":"GET /unvt/font/NotoSans-Regular/512-767.pbf 200 94502 - 3.305 ms"}
{"level":"info","message":"GET /unvt/font/NotoSans-Regular/11264-11519.pbf 200 14443 - 3.105 ms"}
{"level":"info","message":"GET /unvt/font/NotoSans-Regular/7680-7935.pbf 200 134219 - 2.702 ms"}
{"level":"info","message":"GET /unvt/VT-open/zxy/UniteStreetMapVector/5/18/12.pbf 200 59294 - 3.857 ms"}
{"level":"info","message":"GET /unvt/VT-open/zxy/UniteStreetMapVector/5/18/13.pbf 200 16156 - 4.441 ms"}
{"level":"info","message":"GET /unvt/VT-open/zxy/UniteStreetMapVector/5/19/12.pbf 200 56041 - 4.746 ms"}
{"level":"info","message":"GET /unvt/VT-open/zxy/UniteStreetMapVector/5/19/13.pbf 200 20740 - 5.683 ms"}
{"level":"info","message":"GET /unvt/VT-open/zxy/UniteStreetMapVector/5/17/12.pbf 200 25434 - 5.686 ms"}
{"level":"info","message":"GET /unvt/VT-open/zxy/UniteStreetMapVector/5/17/13.pbf 200 5129 - 5.694 ms"}
{"level":"info","message":"GET /unvt/sprite-rev/sprite_S.png 304 - - 2.053 ms"}
{"level":"info","message":"GET /unvt/sprite-rev/sprite_S.json 304 - - 1.740 ms"}
{"level":"info","message":"GET /unvt/font/sans/0-255.pbf 304 - - 0.493 ms"}
{"level":"info","message":"GET /unvt/font/Open%20Sans%20Bold/0-255.pbf 304 - - 0.989 ms"}
{"level":"info","message":"GET /unvt/font/Open%20Sans%20Semibold%20Italic/0-255.pbf 304 - - 1.546 ms"}
{"level":"info","message":"GET /unvt/font/Open%20Sans%20Bold/256-511.pbf 304 - - 1.239 ms"}
{"level":"info","message":"GET /unvt/sprite-rev/sprite_S.json 304 - - 0.462 ms"}
{"level":"info","message":"GET /unvt/sprite-rev/sprite_S@2x.png 304 - - 0.219 ms"}
{"level":"info","message":"GET /unvt/font/NotoSans-Regular/256-511.pbf 304 - - 0.630 ms"}
{"level":"info","message":"GET /unvt/font/NotoSans-Regular/0-255.pbf 304 - - 1.175 ms"}
{"level":"info","message":"GET /unvt/font/NotoSans-Regular/7680-7935.pbf 304 - - 0.695 ms"}
{"level":"info","message":"GET /unvt/font/NotoSans-Regular/11264-11519.pbf 304 - - 1.978 ms"}
{"level":"info","message":"GET /unvt/font/NotoSans-Regular/512-767.pbf 304 - - 0.366 ms"}
{"level":"info","message":"GET /unvt/font/NotoSans-Regular/7936-8191.pbf 304 - - 0.301 ms"}
{"level":"info","message":"GET /unvt/font/NotoSans-Regular/8192-8447.pbf 304 - - 0.300 ms"}
{"level":"info","message":"GET /unvt/VT-open/zxy/UniteStreetMapVector/5/20/12.pbf 200 42158 - 5.042 ms"}
{"level":"info","message":"GET /unvt/VT-open/zxy/UniteStreetMapVector/5/20/13.pbf 200 32385 - 5.520 ms"}
{"level":"info","message":"GET /unvt/VT-open/zxy/UniteStreetMapVector/6/38/25.pbf 404 59 - 1.543 ms"}
{"level":"info","message":"GET /unvt/VT-open/zxy/UniteStreetMapVector/6/38/26.pbf 404 59 - 0.997 ms"}
{"level":"info","message":"GET /unvt/VT-open/zxy/UniteStreetMapVector/6/39/26.pbf 404 59 - 1.559 ms"}
{"level":"info","message":"GET /unvt/VT-open/zxy/UniteStreetMapVector/6/37/25.pbf 404 59 - 1.875 ms"}
{"level":"info","message":"GET /unvt/VT-open/zxy/UniteStreetMapVector/6/37/26.pbf 404 59 - 0.520 ms"}
{"level":"info","message":"GET /unvt/VT-open/zxy/UniteStreetMapVector/6/37/24.pbf 404 59 - 0.694 ms"}
{"level":"info","message":"GET /unvt/VT-open/zxy/UniteStreetMapVector/6/39/24.pbf 404 59 - 1.141 ms"}
{"level":"info","message":"GET /unvt/VT-open/zxy/UniteStreetMapVector/6/39/25.pbf 404 59 - 1.670 ms"}
{"level":"info","message":"GET /unvt/VT-open/zxy/UniteStreetMapVector/6/38/24.pbf 404 59 - 0.389 ms"}
{"level":"info","message":"GET /unvt/VT-open/zxy/UniteStreetMapVector/6/38/24.pbf 404 59 - 0.664 ms"}
{"level":"info","message":"GET /unvt/VT-open/zxy/UniteStreetMapVector/5/19/11.pbf 200 37599 - 2.701 ms"}
{"level":"info","message":"GET /unvt/VT-open/zxy/UniteStreetMapVector/5/18/11.pbf 200 43868 - 4.242 ms"}
{"level":"info","message":"GET /unvt/font/Open%20Sans%20Italic/0-255.pbf 304 - - 1.108 ms"}
{"level":"info","message":"GET /unvt/sprite-rev/sprite_S.png 304 - - 0.258 ms"}
{"level":"info","message":"GET /unvt/sprite-rev/sprite_S.json 304 - - 0.503 ms"}
{"level":"info","message":"GET /unvt/sprite-rev/sprite_S.json 304 - - 1.193 ms"}
{"level":"info","message":"GET /unvt/sprite-rev/sprite_S@2x.png 304 - - 1.283 ms"}
{"level":"info","message":"GET /unvt/font/Open%20Sans%20Semibold%20Italic/0-255.pbf 304 - - 0.767 ms"}
{"level":"info","message":"GET /unvt/font/Open%20Sans%20Italic/0-255.pbf 304 - - 0.453 ms"}
{"level":"info","message":"GET /unvt/font/Open%20Sans%20Bold/256-511.pbf 304 - - 0.623 ms"}
{"level":"info","message":"GET /unvt/font/sans/0-255.pbf 304 - - 0.512 ms"}
{"level":"info","message":"GET /unvt/font/Open%20Sans%20Bold/0-255.pbf 304 - - 0.273 ms"}
{"level":"info","message":"GET /unvt/VT-open/zxy/UniteStreetMapVector/4/11/6.pbf 200 153900 - 5.586 ms"}
{"level":"info","message":"GET /unvt/VT-open/zxy/UniteStreetMapVector/4/11/5.pbf 200 120242 - 5.197 ms"}
{"level":"info","message":"GET /unvt/VT-open/zxy/UniteStreetMapVector/4/11/7.pbf 200 62678 - 5.191 ms"}
{"level":"info","message":"GET /unvt/font/NotoSans-Regular/0-255.pbf 304 - - 0.321 ms"}
{"level":"info","message":"GET /unvt/font/NotoSans-Regular/7680-7935.pbf 304 - - 0.673 ms"}
{"level":"info","message":"GET /unvt/font/NotoSans-Regular/11264-11519.pbf 304 - - 0.908 ms"}
{"level":"info","message":"GET /unvt/font/NotoSans-Regular/256-511.pbf 304 - - 1.230 ms"}
{"level":"info","message":"GET /unvt/VT-open/zxy/UniteStreetMapVector/5/22/12.pbf 200 62129 - 11.037 ms"}
{"level":"info","message":"GET /unvt/VT-open/zxy/UniteStreetMapVector/5/22/13.pbf 200 54312 - 10.179 ms"}
{"level":"info","message":"GET /unvt/VT-open/zxy/UniteStreetMapVector/5/21/12.pbf 200 33718 - 10.304 ms"}
{"level":"info","message":"GET /unvt/VT-open/zxy/UniteStreetMapVector/5/21/13.pbf 200 17021 - 9.741 ms"}
{"level":"info","message":"GET /unvt/VT-open/zxy/UniteStreetMapVector/5/23/12.pbf 200 23704 - 10.084 ms"}
{"level":"info","message":"GET /unvt/VT-open/zxy/UniteStreetMapVector/5/23/13.pbf 200 71841 - 10.394 ms"}
{"level":"info","message":"GET /unvt/VT-open/zxy/UniteStreetMapVector/6/45/25.pbf 404 59 - 5.187 ms"}
{"level":"info","message":"GET /unvt/VT-open/zxy/UniteStreetMapVector/6/44/25.pbf 404 59 - 6.412 ms"}
{"level":"info","message":"GET /unvt/VT-open/zxy/UniteStreetMapVector/6/45/26.pbf 404 59 - 0.676 ms"}
{"level":"info","message":"GET /unvt/VT-open/zxy/UniteStreetMapVector/6/44/26.pbf 404 59 - 0.357 ms"}
{"level":"info","message":"GET /unvt/sprite-rev/sprite_S.json 304 - - 0.289 ms"}
{"level":"info","message":"GET /unvt/sprite-rev/sprite_S.png 304 - - 0.718 ms"}
{"level":"info","message":"GET /unvt/sprite-rev/sprite_S@2x.png 304 - - 0.827 ms"}
{"level":"info","message":"GET /unvt/sprite-rev/sprite_S.json 304 - - 0.932 ms"}
{"level":"info","message":"GET /unvt/font/Open%20Sans%20Italic/0-255.pbf 304 - - 0.859 ms"}
{"level":"info","message":"GET /unvt/font/Open%20Sans%20Semibold%20Italic/0-255.pbf 304 - - 0.350 ms"}
{"level":"info","message":"GET /unvt/font/sans/0-255.pbf 304 - - 0.312 ms"}
{"level":"info","message":"GET /unvt/font/Open%20Sans%20Bold/0-255.pbf 304 - - 0.211 ms"}
{"level":"info","message":"GET /unvt/font/Open%20Sans%20Bold/256-511.pbf 304 - - 0.326 ms"}
{"level":"info","message":"GET /unvt/sprite-rev/sprite_S.json 304 - - 0.993 ms"}
{"level":"info","message":"GET /unvt/sprite-rev/sprite_S.png 304 - - 0.366 ms"}
{"level":"info","message":"GET /unvt/font/Open%20Sans%20Semibold%20Italic/0-255.pbf 304 - - 0.472 ms"}
{"level":"info","message":"GET /unvt/font/Open%20Sans%20Bold/0-255.pbf 304 - - 1.285 ms"}
{"level":"info","message":"GET /unvt/font/sans/0-255.pbf 304 - - 1.091 ms"}
{"level":"info","message":"GET /unvt/font/Open%20Sans%20Bold/256-511.pbf 304 - - 0.557 ms"}
{"level":"info","message":"GET /unvt/sprite-rev/sprite_S.json 304 - - 2.040 ms"}
{"level":"info","message":"GET /unvt/sprite-rev/sprite_S@2x.png 304 - - 2.047 ms"}
{"level":"info","message":"GET /unvt/font/Open%20Sans%20Italic/0-255.pbf 304 - - 0.324 ms"}
{"level":"info","message":"GET /unvt/VT-open/zxy/UniteStreetMapVector/4/12/6.pbf 200 240846 - 7.244 ms"}
{"level":"info","message":"GET /unvt/VT-open/zxy/UniteStreetMapVector/4/12/5.pbf 200 109126 - 7.756 ms"}
{"level":"info","message":"GET /unvt/VT-open/zxy/UniteStreetMapVector/4/12/7.pbf 200 107899 - 8.432 ms"}
{"level":"info","message":"GET /unvt/font/NotoSans-Regular/0-255.pbf 304 - - 0.765 ms"}
{"level":"info","message":"GET /unvt/font/NotoSans-Regular/7680-7935.pbf 304 - - 0.697 ms"}
{"level":"info","message":"GET /unvt/font/NotoSans-Regular/256-511.pbf 304 - - 0.860 ms"}
{"level":"info","message":"GET /unvt/font/NotoSans-Regular/11264-11519.pbf 304 - - 0.954 ms"}
{"level":"info","message":"GET /unvt/VT-open/zxy/UniteStreetMapVector/6/45/25.pbf 404 59 - 1.940 ms"}
{"level":"info","message":"GET /unvt/VT-open/zxy/UniteStreetMapVector/6/44/25.pbf 404 59 - 0.920 ms"}
{"level":"info","message":"GET /unvt/VT-open/zxy/UniteStreetMapVector/6/46/25.pbf 404 59 - 1.157 ms"}
{"level":"info","message":"GET /unvt/VT-open/zxy/UniteStreetMapVector/6/45/26.pbf 404 59 - 2.934 ms"}
{"level":"info","message":"GET /unvt/VT-open/zxy/UniteStreetMapVector/6/46/26.pbf 404 59 - 2.307 ms"}
{"level":"info","message":"GET /unvt/VT-open/zxy/UniteStreetMapVector/6/44/26.pbf 404 59 - 4.710 ms"}
{"level":"info","message":"GET /unvt/VT-open/zxy/UniteStreetMapVector/6/46/24.pbf 404 59 - 1.518 ms"}
{"level":"info","message":"GET /unvt/VT-open/zxy/UniteStreetMapVector/6/45/24.pbf 404 59 - 3.240 ms"}
{"level":"info","message":"GET /unvt/VT-open/zxy/UniteStreetMapVector/6/44/24.pbf 404 59 - 2.561 ms"}
{"level":"info","message":"GET /unvt/sprite-rev/sprite_S.png 304 - - 2.395 ms"}
{"level":"info","message":"GET /unvt/sprite-rev/sprite_S.json 304 - - 2.372 ms"}
{"level":"info","message":"GET /unvt/sprite-rev/sprite_S.json 304 - - 1.145 ms"}
{"level":"info","message":"GET /unvt/sprite-rev/sprite_S@2x.png 304 - - 1.316 ms"}
{"level":"info","message":"GET /unvt/sprite-rev/sprite_S.json 304 - - 0.293 ms"}
{"level":"info","message":"GET /unvt/sprite-rev/sprite_S.png 304 - - 0.637 ms"}
{"level":"info","message":"GET /unvt/sprite-rev/sprite_S.json 304 - - 0.938 ms"}
{"level":"info","message":"GET /unvt/sprite-rev/sprite_S@2x.png 304 - - 1.114 ms"}
{"level":"info","message":"GET /unvt/sprite-rev/sprite_S.json 304 - - 1.105 ms"}
{"level":"info","message":"GET /unvt/sprite-rev/sprite_S.png 304 - - 1.887 ms"}
{"level":"info","message":"GET /unvt/sprite-rev/sprite_S.json 304 - - 0.628 ms"}
{"level":"info","message":"GET /unvt/sprite-rev/sprite_S@2x.png 304 - - 0.216 ms"}
{"level":"info","message":"GET /unvt/sprite-rev/sprite_S.json 304 - - 0.679 ms"}
{"level":"info","message":"GET /unvt/sprite-rev/sprite_S.png 304 - - 1.948 ms"}
{"level":"info","message":"GET /unvt/sprite-rev/sprite_S.json 304 - - 1.200 ms"}
{"level":"info","message":"GET /unvt/sprite-rev/sprite_S@2x.png 304 - - 1.348 ms"}
{"level":"info","message":"GET /unvt/font/Open%20Sans%20Semibold%20Italic/0-255.pbf 304 - - 1.400 ms"}
{"level":"info","message":"GET /unvt/font/Open%20Sans%20Italic/0-255.pbf 304 - - 1.170 ms"}
{"level":"info","message":"GET /unvt/font/sans/0-255.pbf 304 - - 0.739 ms"}
{"level":"info","message":"GET /unvt/font/Open%20Sans%20Bold/0-255.pbf 304 - - 0.228 ms"}
{"level":"info","message":"GET /unvt/font/Open%20Sans%20Bold/256-511.pbf 304 - - 0.506 ms"}
{"level":"info","message":"GET /unvt/VT-open/zxy/UniteStreetMapVector/3/5/5.pbf 200 2477 - 12.139 ms"}
{"level":"info","message":"GET /unvt/VT-open/zxy/UniteStreetMapVector/3/6/5.pbf 200 2292 - 9.778 ms"}
{"level":"info","message":"GET /unvt/VT-open/zxy/UniteStreetMapVector/3/4/5.pbf 200 420 - 10.667 ms"}
{"level":"info","message":"GET /unvt/VT-open/zxy/UniteStreetMapVector/4/11/8.pbf 200 789 - 2.816 ms"}
{"level":"info","message":"GET /unvt/VT-open/zxy/UniteStreetMapVector/4/11/9.pbf 200 159 - 3.027 ms"}
{"level":"info","message":"GET /unvt/VT-open/zxy/UniteStreetMapVector/4/12/8.pbf 200 26642 - 2.879 ms"}
{"level":"info","message":"GET /unvt/VT-open/zxy/UniteStreetMapVector/4/12/9.pbf 200 98 - 1.825 ms"}
{"level":"info","message":"GET /unvt/font/NotoSans-Regular/0-255.pbf 304 - - 1.591 ms"}
{"level":"info","message":"GET /unvt/font/NotoSans-Regular/7680-7935.pbf 304 - - 0.590 ms"}
{"level":"info","message":"GET /unvt/VT-open/zxy/UniteStreetMapVector/5/22/17.pbf 200 200 - 1.898 ms"}
{"level":"info","message":"GET /unvt/VT-open/zxy/UniteStreetMapVector/5/22/16.pbf 200 1014 - 2.179 ms"}
{"level":"info","message":"GET /unvt/VT-open/zxy/UniteStreetMapVector/5/21/17.pbf 200 1284 - 2.802 ms"}
{"level":"info","message":"GET /unvt/VT-open/zxy/UniteStreetMapVector/5/23/17.pbf 404 69 - 2.717 ms"}
{"level":"info","message":"GET /unvt/VT-open/zxy/UniteStreetMapVector/5/23/16.pbf 404 69 - 3.426 ms"}
{"level":"info","message":"GET /unvt/VT-open/zxy/UniteStreetMapVector/5/21/18.pbf 404 69 - 3.889 ms"}
{"level":"info","message":"GET /unvt/VT-open/zxy/UniteStreetMapVector/5/22/18.pbf 404 69 - 4.689 ms"}
{"level":"info","message":"GET /unvt/VT-open/zxy/UniteStreetMapVector/5/21/16.pbf 200 321 - 4.914 ms"}
{"level":"info","message":"GET /unvt/VT-open/zxy/UniteStreetMapVector/5/23/18.pbf 404 69 - 3.779 ms"}
{"level":"info","message":"GET /unvt/VT-open/zxy/UniteStreetMapVector/6/45/34.pbf 404 59 - 1.390 ms"}
{"level":"info","message":"GET /unvt/VT-open/zxy/UniteStreetMapVector/6/44/34.pbf 404 59 - 1.790 ms"}
{"level":"info","message":"GET /unvt/VT-open/zxy/UniteStreetMapVector/6/45/33.pbf 404 59 - 1.985 ms"}
{"level":"info","message":"GET /unvt/VT-open/zxy/UniteStreetMapVector/6/44/33.pbf 404 59 - 0.762 ms"}
{"level":"info","message":"GET /unvt/VT-open/zxy/UniteStreetMapVector/6/45/35.pbf 404 59 - 1.085 ms"}
{"level":"info","message":"GET /unvt/VT-open/zxy/UniteStreetMapVector/6/44/35.pbf 404 59 - 1.378 ms"}
{"level":"info","message":"GET /unvt/VT-open/zxy/UniteStreetMapVector/6/46/34.pbf 404 59 - 1.645 ms"}
{"level":"info","message":"GET /unvt/VT-open/zxy/UniteStreetMapVector/6/46/33.pbf 404 59 - 0.599 ms"}
{"level":"info","message":"GET /unvt/VT-open/zxy/UniteStreetMapVector/6/46/35.pbf 404 59 - 0.848 ms"}
{"level":"info","message":"GET /unvt/font/NotoSans-Regular/256-511.pbf 304 - - 0.409 ms"}
{"level":"info","message":"GET /unvt/font/NotoSans-Regular/7936-8191.pbf 304 - - 0.506 ms"}
{"level":"info","message":"GET /unvt/VT-open/zxy/UniteStreetMapVector/6/39/33.pbf 404 59 - 0.836 ms"}
{"level":"info","message":"GET /unvt/VT-open/zxy/UniteStreetMapVector/6/38/32.pbf 404 59 - 1.192 ms"}
{"level":"info","message":"GET /unvt/VT-open/zxy/UniteStreetMapVector/6/38/33.pbf 404 59 - 0.361 ms"}
{"level":"info","message":"GET /unvt/VT-open/zxy/UniteStreetMapVector/6/40/32.pbf 404 59 - 0.257 ms"}
{"level":"info","message":"GET /unvt/VT-open/zxy/UniteStreetMapVector/6/40/33.pbf 404 59 - 0.254 ms"}
{"level":"info","message":"GET /unvt/font/NotoSansDisplay-Medium/0-255.pbf 304 - - 0.866 ms"}
{"level":"info","message":"GET /unvt/VT-open/zxy/UniteStreetMapVector/7/78/66.pbf 404 59 - 1.655 ms"}
{"level":"info","message":"GET /unvt/VT-open/zxy/UniteStreetMapVector/7/77/65.pbf 404 59 - 3.126 ms"}
{"level":"info","message":"GET /unvt/VT-open/zxy/UniteStreetMapVector/7/77/66.pbf 404 59 - 4.674 ms"}
{"level":"info","message":"GET /unvt/VT-open/zxy/UniteStreetMapVector/7/79/66.pbf 404 59 - 5.080 ms"}
{"level":"info","message":"GET /unvt/VT-open/zxy/UniteStreetMapVector/7/79/65.pbf 404 69 - 9.696 ms"}
{"level":"info","message":"GET /unvt/font/NotoSansDisplay-Regular/0-255.pbf 304 - - 0.883 ms"}
{"level":"info","message":"GET /unvt/font/NotoSans-Italic/0-255.pbf 304 - - 0.918 ms"}
{"level":"info","message":"GET /unvt/font/NotoSans-Bold/0-255.pbf 304 - - 1.571 ms"}
{"level":"info","message":"GET /unvt/VT-open/zxy/UniteStreetMapVector/8/155/131.pbf 404 61 - 0.547 ms"}
{"level":"info","message":"GET /unvt/VT-open/zxy/UniteStreetMapVector/8/157/131.pbf 404 71 - 1.845 ms"}
{"level":"info","message":"GET /unvt/VT-open/zxy/UniteStreetMapVector/8/156/132.pbf 404 61 - 0.609 ms"}
{"level":"info","message":"GET /unvt/VT-open/zxy/UniteStreetMapVector/8/155/130.pbf 404 61 - 1.021 ms"}
{"level":"info","message":"GET /unvt/VT-open/zxy/UniteStreetMapVector/8/155/132.pbf 404 61 - 0.613 ms"}
{"level":"info","message":"GET /unvt/VT-open/zxy/UniteStreetMapVector/8/157/132.pbf 404 61 - 0.921 ms"}
{"level":"info","message":"GET /unvt/VT-open/zxy/UniteStreetMapVector/8/157/130.pbf 404 71 - 3.585 ms"}
{"level":"info","message":"GET /unvt/font/NotoSansDisplay-SemiBold/0-255.pbf 304 - - 0.381 ms"}
{"level":"info","message":"GET /unvt/VT-open/zxy/UniteStreetMapVector/9/311/263.pbf 404 61 - 0.839 ms"}
{"level":"info","message":"GET /unvt/VT-open/zxy/UniteStreetMapVector/9/312/264.pbf 404 61 - 0.460 ms"}
{"level":"info","message":"GET /unvt/VT-open/zxy/UniteStreetMapVector/9/311/262.pbf 404 61 - 0.383 ms"}
{"level":"info","message":"GET /unvt/VT-open/zxy/UniteStreetMapVector/9/313/263.pbf 404 71 - 2.490 ms"}
{"level":"info","message":"GET /unvt/VT-open/zxy/UniteStreetMapVector/9/313/264.pbf 404 61 - 0.943 ms"}
{"level":"info","message":"GET /unvt/VT-open/zxy/UniteStreetMapVector/9/311/264.pbf 404 61 - 0.372 ms"}
{"level":"info","message":"GET /unvt/VT-open/zxy/UniteStreetMapVector/9/313/262.pbf 404 71 - 2.482 ms"}
{"level":"info","message":"GET /unvt/font/sans/8448-8703.pbf 304 - - 0.373 ms"}
{"level":"info","message":"GET /unvt/VT-open/zxy/UniteStreetMapVector/7/77/64.pbf 404 59 - 0.700 ms"}
{"level":"info","message":"GET /unvt/font/NotoSansDisplay-Regular/1536-1791.pbf 304 - - 0.977 ms"}
{"level":"info","message":"GET /unvt/sprite-rev/sprite_S.png 304 - - 2.919 ms"}
{"level":"info","message":"GET /unvt/sprite-rev/sprite_S.json 304 - - 0.845 ms"}
{"level":"info","message":"GET /unvt/sprite-rev/sprite_S.json 304 - - 1.781 ms"}
{"level":"info","message":"GET /unvt/sprite-rev/sprite_S@2x.png 304 - - 1.746 ms"}
{"level":"info","message":"GET /unvt/sprite-rev/sprite_S.png 304 - - 1.485 ms"}
{"level":"info","message":"GET /unvt/sprite-rev/sprite_S.json 304 - - 0.654 ms"}
{"level":"info","message":"GET /unvt/font/NotoSans-Regular/0-255.pbf 304 - - 0.286 ms"}
{"level":"info","message":"GET /unvt/font/Open%20Sans%20Bold/0-255.pbf 304 - - 0.278 ms"}
{"level":"info","message":"GET /unvt/font/NotoSans-Regular/256-511.pbf 304 - - 1.700 ms"}
{"level":"info","message":"GET /unvt/font/NotoSans-Regular/7936-8191.pbf 304 - - 2.008 ms"}
{"level":"info","message":"GET /unvt/sprite-rev/sprite_S@2x.png 304 - - 0.988 ms"}
{"level":"info","message":"GET /unvt/sprite-rev/sprite_S.json 304 - - 1.540 ms"}
{"level":"info","message":"GET /unvt/sprite-rev/sprite_S.png 304 - - 2.345 ms"}
{"level":"info","message":"GET /unvt/sprite-rev/sprite_S.json 304 - - 0.666 ms"}
{"level":"info","message":"GET /unvt/sprite-rev/sprite_S.json 304 - - 1.245 ms"}
{"level":"info","message":"GET /unvt/sprite-rev/sprite_S@2x.png 304 - - 1.615 ms"}
{"level":"info","message":"GET /unvt/font/Open%20Sans%20Semibold%20Italic/0-255.pbf 304 - - 2.144 ms"}
{"level":"info","message":"GET /unvt/font/sans/0-255.pbf 304 - - 2.748 ms"}
{"level":"info","message":"GET /unvt/font/Open%20Sans%20Bold/0-255.pbf 304 - - 0.794 ms"}
{"level":"info","message":"GET /unvt/font/Open%20Sans%20Italic/0-255.pbf 304 - - 0.855 ms"}
{"level":"info","message":"GET /unvt/font/Open%20Sans%20Bold/256-511.pbf 304 - - 0.534 ms"}
{"level":"info","message":"GET /unvt/font/NotoSans-Regular/0-255.pbf 304 - - 0.924 ms"}
{"level":"info","message":"GET /unvt/font/NotoSans-Regular/7936-8191.pbf 304 - - 0.700 ms"}
{"level":"info","message":"GET /unvt/font/NotoSans-Regular/256-511.pbf 304 - - 1.182 ms"}
{"level":"info","message":"GET /unvt/font/NotoSans-Regular/8192-8447.pbf 304 - - 0.725 ms"}
{"level":"info","message":"GET /unvt/VT-open/zxy/UniteStreetMapVector/6/38/32.pbf 404 59 - 3.318 ms"}
{"level":"info","message":"GET /unvt/VT-open/zxy/UniteStreetMapVector/6/38/33.pbf 404 59 - 0.725 ms"}
{"level":"info","message":"GET /unvt/VT-open/zxy/UniteStreetMapVector/6/37/33.pbf 404 59 - 1.406 ms"}
{"level":"info","message":"GET /unvt/VT-open/zxy/UniteStreetMapVector/6/39/33.pbf 404 59 - 2.122 ms"}
{"level":"info","message":"GET /unvt/VT-open/zxy/UniteStreetMapVector/6/37/31.pbf 404 59 - 0.906 ms"}
{"level":"info","message":"GET /unvt/VT-open/zxy/UniteStreetMapVector/6/38/31.pbf 404 59 - 1.578 ms"}
{"level":"info","message":"GET /unvt/VT-open/zxy/UniteStreetMapVector/6/39/31.pbf 404 59 - 0.661 ms"}
{"level":"info","message":"GET /unvt/VT-open/zxy/UniteStreetMapVector/6/37/32.pbf 404 59 - 0.596 ms"}
{"level":"info","message":"GET /unvt/font/NotoSansDisplay-Medium/0-255.pbf 304 - - 1.309 ms"}
{"level":"info","message":"GET /unvt/VT-open/zxy/UniteStreetMapVector/7/77/64.pbf 404 59 - 1.553 ms"}
{"level":"info","message":"GET /unvt/VT-open/zxy/UniteStreetMapVector/7/77/65.pbf 404 59 - 2.476 ms"}
{"level":"info","message":"GET /unvt/VT-open/zxy/UniteStreetMapVector/7/78/63.pbf 404 59 - 2.868 ms"}
{"level":"info","message":"GET /unvt/VT-open/zxy/UniteStreetMapVector/7/77/63.pbf 404 59 - 0.986 ms"}
{"level":"info","message":"GET /unvt/VT-open/zxy/UniteStreetMapVector/7/79/63.pbf 404 59 - 4.748 ms"}
{"level":"info","message":"GET /unvt/font/NotoSansDisplay-Regular/0-255.pbf 304 - - 0.582 ms"}
{"level":"info","message":"GET /unvt/font/NotoSans-Bold/0-255.pbf 304 - - 1.970 ms"}
{"level":"info","message":"GET /unvt/VT-open/zxy/UniteStreetMapVector/7/79/65.pbf 404 69 - 13.812 ms"}
{"level":"info","message":"GET /unvt/font/NotoSansDisplay-Regular/1536-1791.pbf 304 - - 0.829 ms"}
{"level":"info","message":"GET /unvt/font/NotoSans-Italic/0-255.pbf 304 - - 0.698 ms"}
{"level":"info","message":"GET /unvt/VT-open/zxy/UniteStreetMapVector/8/155/129.pbf 404 61 - 0.885 ms"}
{"level":"info","message":"GET /unvt/VT-open/zxy/UniteStreetMapVector/8/155/128.pbf 404 61 - 1.361 ms"}
{"level":"info","message":"GET /unvt/VT-open/zxy/UniteStreetMapVector/8/156/128.pbf 200 21557 - 6.029 ms"}
{"level":"info","message":"GET /unvt/VT-open/zxy/UniteStreetMapVector/8/157/128.pbf 200 43652 - 6.245 ms"}
{"level":"info","message":"GET /unvt/font/NotoSansDisplay-SemiBold/0-255.pbf 304 - - 0.377 ms"}
{"level":"info","message":"GET /unvt/VT-open/zxy/UniteStreetMapVector/9/314/258.pbf 200 55040 - 3.433 ms"}
{"level":"info","message":"GET /unvt/VT-open/zxy/UniteStreetMapVector/9/314/257.pbf 200 22425 - 3.625 ms"}
{"level":"info","message":"GET /unvt/VT-open/zxy/UniteStreetMapVector/9/315/258.pbf 200 8453 - 3.386 ms"}
{"level":"info","message":"GET /unvt/VT-open/zxy/UniteStreetMapVector/9/313/258.pbf 200 21280 - 4.139 ms"}
{"level":"info","message":"GET /unvt/VT-open/zxy/UniteStreetMapVector/9/313/257.pbf 200 6012 - 4.184 ms"}
{"level":"info","message":"GET /unvt/VT-open/zxy/UniteStreetMapVector/9/315/257.pbf 200 27004 - 4.556 ms"}
{"level":"info","message":"GET /unvt/VT-open/zxy/UniteStreetMapVector/10/629/516.pbf 200 32640 - 4.662 ms"}
{"level":"info","message":"GET /unvt/VT-open/zxy/UniteStreetMapVector/10/630/516.pbf 200 13850 - 5.188 ms"}
{"level":"info","message":"GET /unvt/VT-open/zxy/UniteStreetMapVector/10/629/517.pbf 200 19193 - 5.614 ms"}
{"level":"info","message":"GET /unvt/VT-open/zxy/UniteStreetMapVector/10/629/515.pbf 200 17483 - 5.787 ms"}
{"level":"info","message":"GET /unvt/VT-open/zxy/UniteStreetMapVector/10/628/516.pbf 200 12498 - 6.062 ms"}
{"level":"info","message":"GET /unvt/VT-open/zxy/UniteStreetMapVector/10/630/517.pbf 200 1333 - 6.221 ms"}
{"level":"info","message":"GET /unvt/VT-open/zxy/UniteStreetMapVector/10/630/515.pbf 200 21768 - 1.677 ms"}
{"level":"info","message":"GET /unvt/VT-open/zxy/UniteStreetMapVector/10/628/517.pbf 200 31180 - 2.020 ms"}
{"level":"info","message":"GET /unvt/VT-open/zxy/UniteStreetMapVector/10/628/515.pbf 200 8014 - 1.364 ms"}
{"level":"info","message":"GET /unvt/VT-open/zxy/UniteStreetMapVector/11/1259/1033.pbf 200 18343 - 3.553 ms"}
{"level":"info","message":"GET /unvt/VT-open/zxy/UniteStreetMapVector/11/1260/1033.pbf 200 9618 - 3.782 ms"}
{"level":"info","message":"GET /unvt/VT-open/zxy/UniteStreetMapVector/11/1258/1033.pbf 200 12824 - 3.793 ms"}
{"level":"info","message":"GET /unvt/VT-open/zxy/UniteStreetMapVector/11/1260/1032.pbf 200 15426 - 4.345 ms"}
{"level":"info","message":"GET /unvt/VT-open/zxy/UniteStreetMapVector/11/1258/1032.pbf 200 6591 - 4.480 ms"}
{"level":"info","message":"GET /unvt/VT-open/zxy/UniteStreetMapVector/11/1259/1032.pbf 200 15176 - 5.239 ms"}
{"level":"info","message":"GET /unvt/VT-open/zxy/UniteStreetMapVector/12/2520/2066.pbf 200 4611 - 2.458 ms"}
{"level":"info","message":"GET /unvt/VT-open/zxy/UniteStreetMapVector/12/2519/2066.pbf 200 4314 - 2.689 ms"}
{"level":"info","message":"GET /unvt/VT-open/zxy/UniteStreetMapVector/12/2520/2065.pbf 200 5049 - 2.723 ms"}
{"level":"info","message":"GET /unvt/VT-open/zxy/UniteStreetMapVector/12/2519/2065.pbf 200 5803 - 2.803 ms"}
{"level":"info","message":"GET /unvt/VT-open/zxy/UniteStreetMapVector/12/2521/2066.pbf 200 5783 - 2.936 ms"}
{"level":"info","message":"GET /unvt/VT-open/zxy/UniteStreetMapVector/12/2521/2065.pbf 200 5557 - 3.046 ms"}
{"level":"info","message":"GET /unvt/VT-open/zxy/UniteStreetMapVector/13/5041/4132.pbf 200 2788 - 4.127 ms"}
{"level":"info","message":"GET /unvt/VT-open/zxy/UniteStreetMapVector/13/5040/4132.pbf 200 910 - 3.333 ms"}
{"level":"info","message":"GET /unvt/VT-open/zxy/UniteStreetMapVector/13/5041/4133.pbf 200 2723 - 3.992 ms"}
{"level":"info","message":"GET /unvt/VT-open/zxy/UniteStreetMapVector/13/5041/4131.pbf 200 3119 - 4.547 ms"}
{"level":"info","message":"GET /unvt/VT-open/zxy/UniteStreetMapVector/13/5040/4133.pbf 200 1028 - 5.203 ms"}
{"level":"info","message":"GET /unvt/VT-open/zxy/UniteStreetMapVector/13/5040/4131.pbf 200 1545 - 4.946 ms"}
{"level":"info","message":"GET /unvt/VT-open/zxy/UniteStreetMapVector/13/5042/4132.pbf 200 4759 - 2.137 ms"}
{"level":"info","message":"GET /unvt/VT-open/zxy/UniteStreetMapVector/13/5042/4133.pbf 200 3138 - 2.293 ms"}
{"level":"info","message":"GET /unvt/VT-open/zxy/UniteStreetMapVector/13/5042/4131.pbf 200 3286 - 1.727 ms"}
{"level":"info","message":"GET /unvt/font/NotoSans-Regular/1536-1791.pbf 200 32 - 2.518 ms"}
{"level":"info","message":"GET /unvt/VT-open/zxy/UniteStreetMapVector/14/10082/8265.pbf 200 667 - 3.886 ms"}
{"level":"info","message":"GET /unvt/VT-open/zxy/UniteStreetMapVector/14/10082/8264.pbf 200 489 - 3.985 ms"}
{"level":"info","message":"GET /unvt/VT-open/zxy/UniteStreetMapVector/14/10083/8265.pbf 200 1362 - 4.036 ms"}
{"level":"info","message":"GET /unvt/VT-open/zxy/UniteStreetMapVector/14/10081/8264.pbf 200 329 - 3.906 ms"}
{"level":"info","message":"GET /unvt/VT-open/zxy/UniteStreetMapVector/14/10083/8264.pbf 200 1988 - 4.593 ms"}
{"level":"info","message":"GET /unvt/VT-open/zxy/UniteStreetMapVector/14/10081/8265.pbf 200 288 - 4.779 ms"}
{"level":"info","message":"GET /unvt/VT-open/zxy/UniteStreetMapVector/12/2520/2067.pbf 200 4434 - 2.219 ms"}
{"level":"info","message":"GET /unvt/VT-open/zxy/UniteStreetMapVector/12/2519/2067.pbf 200 7635 - 2.513 ms"}
{"level":"info","message":"GET /unvt/VT-open/zxy/UniteStreetMapVector/12/2521/2067.pbf 404 74 - 2.924 ms"}
{"level":"info","message":"GET /unvt/VT-open/zxy/UniteStreetMapVector/9/313/259.pbf 200 33530 - 2.151 ms"}
{"level":"info","message":"GET /unvt/VT-open/zxy/UniteStreetMapVector/9/314/259.pbf 200 20552 - 4.066 ms"}
{"level":"info","message":"GET /unvt/VT-open/zxy/UniteStreetMapVector/9/315/259.pbf 404 71 - 3.788 ms"}
{"level":"info","message":"GET /unvt/VT-open/zxy/UniteStreetMapVector/8/155/129.pbf 404 61 - 1.484 ms"}
{"level":"info","message":"GET /unvt/VT-open/zxy/UniteStreetMapVector/8/155/128.pbf 404 61 - 2.184 ms"}
{"level":"info","message":"GET /unvt/VT-open/zxy/UniteStreetMapVector/7/78/63.pbf 404 59 - 1.929 ms"}
{"level":"info","message":"GET /unvt/VT-open/zxy/UniteStreetMapVector/7/77/63.pbf 404 59 - 0.490 ms"}
{"level":"info","message":"GET /unvt/VT-open/zxy/UniteStreetMapVector/7/79/63.pbf 404 59 - 0.325 ms"}
{"level":"info","message":"GET /unvt/VT-open/zxy/UniteStreetMapVector/6/40/32.pbf 404 59 - 1.837 ms"}
{"level":"info","message":"GET /unvt/VT-open/zxy/UniteStreetMapVector/6/40/31.pbf 404 59 - 1.014 ms"}
{"level":"info","message":"GET /unvt/VT-open/zxy/UniteStreetMapVector/6/39/33.pbf 404 59 - 1.291 ms"}
{"level":"info","message":"GET /unvt/VT-open/zxy/UniteStreetMapVector/6/38/33.pbf 404 59 - 1.792 ms"}
{"level":"info","message":"GET /unvt/VT-open/zxy/UniteStreetMapVector/6/40/33.pbf 404 59 - 0.488 ms"}
{"level":"info","message":"GET /unvt/sprite-rev/sprite_S.json 304 - - 1.132 ms"}
{"level":"info","message":"GET /unvt/sprite-rev/sprite_S.png 304 - - 0.316 ms"}
{"level":"info","message":"GET /unvt/font/Open%20Sans%20Semibold%20Italic/0-255.pbf 304 - - 0.507 ms"}
{"level":"info","message":"GET /unvt/font/Open%20Sans%20Bold/0-255.pbf 304 - - 1.105 ms"}
{"level":"info","message":"GET /unvt/font/NotoSans-Regular/0-255.pbf 304 - - 0.436 ms"}
{"level":"info","message":"GET /unvt/font/sans/0-255.pbf 304 - - 0.180 ms"}
{"level":"info","message":"GET /unvt/font/NotoSans-Regular/7936-8191.pbf 304 - - 0.288 ms"}
{"level":"info","message":"GET /unvt/font/NotoSans-Regular/256-511.pbf 304 - - 0.699 ms"}
{"level":"info","message":"GET /unvt/font/NotoSans-Regular/8192-8447.pbf 304 - - 0.600 ms"}
{"level":"info","message":"GET /unvt/sprite-rev/sprite_S.json 304 - - 0.310 ms"}
{"level":"info","message":"GET /unvt/sprite-rev/sprite_S@2x.png 304 - - 0.211 ms"}
{"level":"info","message":"GET /unvt/font/Open%20Sans%20Bold/256-511.pbf 304 - - 0.491 ms"}
{"level":"info","message":"GET /unvt/VT-open/zxy/UniteStreetMapVector/6/38/32.pbf 404 59 - 1.582 ms"}
{"level":"info","message":"GET /unvt/VT-open/zxy/UniteStreetMapVector/6/39/31.pbf 404 59 - 1.673 ms"}
{"level":"info","message":"GET /unvt/VT-open/zxy/UniteStreetMapVector/6/38/31.pbf 404 59 - 1.896 ms"}
{"level":"info","message":"GET /unvt/VT-open/zxy/UniteStreetMapVector/6/40/32.pbf 404 59 - 0.311 ms"}
{"level":"info","message":"GET /unvt/VT-open/zxy/UniteStreetMapVector/6/40/31.pbf 404 59 - 0.305 ms"}
{"level":"info","message":"GET /unvt/font/Open%20Sans%20Italic/0-255.pbf 304 - - 1.022 ms"}
{"level":"info","message":"GET /unvt/font/NotoSansDisplay-Medium/0-255.pbf 304 - - 1.251 ms"}
{"level":"info","message":"GET /unvt/VT-open/zxy/UniteStreetMapVector/6/39/33.pbf 404 59 - 1.156 ms"}
{"level":"info","message":"GET /unvt/VT-open/zxy/UniteStreetMapVector/6/38/33.pbf 404 59 - 1.820 ms"}
{"level":"info","message":"GET /unvt/VT-open/zxy/UniteStreetMapVector/6/40/33.pbf 404 59 - 2.249 ms"}
{"level":"info","message":"GET /unvt/VT-open/zxy/UniteStreetMapVector/6/38/32.pbf 404 59 - 1.432 ms"}
{"level":"info","message":"GET /unvt/VT-open/zxy/UniteStreetMapVector/6/39/31.pbf 404 59 - 0.492 ms"}
{"level":"info","message":"GET /unvt/VT-open/zxy/UniteStreetMapVector/6/40/31.pbf 404 59 - 0.934 ms"}
{"level":"info","message":"GET /unvt/VT-open/zxy/UniteStreetMapVector/6/38/31.pbf 404 59 - 1.315 ms"}
{"level":"info","message":"GET /unvt/VT-open/zxy/UniteStreetMapVector/6/40/33.pbf 404 59 - 0.717 ms"}
{"level":"info","message":"GET /unvt/VT-open/zxy/UniteStreetMapVector/6/39/33.pbf 404 59 - 0.944 ms"}
{"level":"info","message":"GET /unvt/VT-open/zxy/UniteStreetMapVector/6/40/32.pbf 404 59 - 0.394 ms"}
{"level":"info","message":"GET /unvt/VT-open/zxy/UniteStreetMapVector/6/38/33.pbf 404 59 - 0.313 ms"}
{"level":"info","message":"GET /unvt/VT-open/zxy/UniteStreetMapVector/7/78/63.pbf 404 59 - 2.722 ms"}
{"level":"info","message":"GET /unvt/VT-open/zxy/UniteStreetMapVector/7/77/64.pbf 404 59 - 3.078 ms"}
{"level":"info","message":"GET /unvt/VT-open/zxy/UniteStreetMapVector/7/79/63.pbf 404 59 - 3.170 ms"}
{"level":"info","message":"GET /unvt/VT-open/zxy/UniteStreetMapVector/7/77/65.pbf 404 59 - 3.150 ms"}
{"level":"info","message":"GET /unvt/VT-open/zxy/UniteStreetMapVector/7/77/63.pbf 404 59 - 3.340 ms"}
{"level":"info","message":"GET /unvt/VT-open/zxy/UniteStreetMapVector/7/79/65.pbf 404 69 - 6.139 ms"}
{"level":"info","message":"GET /unvt/font/NotoSans-Bold/0-255.pbf 304 - - 1.582 ms"}
{"level":"info","message":"GET /unvt/font/NotoSansDisplay-Regular/0-255.pbf 304 - - 5.531 ms"}
{"level":"info","message":"GET /unvt/font/NotoSansDisplay-Regular/1536-1791.pbf 304 - - 0.254 ms"}
{"level":"info","message":"GET /unvt/font/NotoSans-Italic/0-255.pbf 304 - - 0.304 ms"}
{"level":"info","message":"GET /unvt/VT-open/zxy/UniteStreetMapVector/8/158/129.pbf 404 71 - 2.786 ms"}
{"level":"info","message":"GET /unvt/VT-open/zxy/UniteStreetMapVector/8/158/128.pbf 200 21015 - 3.102 ms"}
{"level":"info","message":"GET /unvt/font/NotoSansDisplay-SemiBold/0-255.pbf 304 - - 0.623 ms"}
{"level":"info","message":"GET /unvt/VT-open/zxy/UniteStreetMapVector/6/39/33.pbf 404 59 - 1.421 ms"}
{"level":"info","message":"GET /unvt/VT-open/zxy/UniteStreetMapVector/6/38/33.pbf 404 59 - 2.300 ms"}
{"level":"info","message":"GET /unvt/VT-open/zxy/UniteStreetMapVector/6/40/33.pbf 404 59 - 2.686 ms"}
{"level":"info","message":"GET /unvt/VT-open/zxy/UniteStreetMapVector/9/314/256.pbf 200 10082 - 2.585 ms"}
{"level":"info","message":"GET /unvt/VT-open/zxy/UniteStreetMapVector/9/313/256.pbf 200 4849 - 2.507 ms"}
{"level":"info","message":"GET /unvt/VT-open/zxy/UniteStreetMapVector/9/315/256.pbf 200 14602 - 3.630 ms"}
{"level":"info","message":"GET /unvt/sprite-rev/sprite_S.json 304 - - 8.405 ms"}
{"level":"info","message":"GET /unvt/sprite-rev/sprite_S.png 304 - - 9.831 ms"}
{"level":"info","message":"GET /unvt/sprite-rev/sprite_S.json 304 - - 1.145 ms"}
{"level":"info","message":"GET /unvt/sprite-rev/sprite_S@2x.png 304 - - 1.254 ms"}
{"level":"info","message":"GET /unvt/font/sans/0-255.pbf 304 - - 0.629 ms"}
{"level":"info","message":"GET /unvt/font/Open%20Sans%20Bold/0-255.pbf 304 - - 0.270 ms"}
{"level":"info","message":"GET /unvt/font/Open%20Sans%20Italic/0-255.pbf 304 - - 0.338 ms"}
{"level":"info","message":"GET /unvt/font/Open%20Sans%20Semibold%20Italic/0-255.pbf 304 - - 0.478 ms"}
{"level":"info","message":"GET /unvt/font/Open%20Sans%20Bold/256-511.pbf 304 - - 0.298 ms"}
{"level":"info","message":"GET /unvt/font/NotoSans-Regular/256-511.pbf 304 - - 2.643 ms"}
{"level":"info","message":"GET /unvt/font/NotoSans-Regular/0-255.pbf 304 - - 0.300 ms"}
{"level":"info","message":"GET /unvt/font/NotoSans-Regular/512-767.pbf 304 - - 0.357 ms"}
{"level":"info","message":"GET /unvt/font/NotoSans-Regular/7680-7935.pbf 304 - - 0.523 ms"}
{"level":"info","message":"GET /unvt/font/NotoSans-Regular/11264-11519.pbf 304 - - 0.830 ms"}
{"level":"info","message":"GET /unvt/font/NotoSans-Regular/7936-8191.pbf 304 - - 0.287 ms"}
{"level":"info","message":"GET /unvt/font/NotoSans-Regular/8192-8447.pbf 304 - - 0.366 ms"}
{"level":"info","message":"GET /unvt/VT-open/zxy/UniteStreetMapVector/6/38/25.pbf 404 59 - 2.235 ms"}
{"level":"info","message":"GET /unvt/VT-open/zxy/UniteStreetMapVector/6/38/26.pbf 404 59 - 2.430 ms"}
{"level":"info","message":"GET /unvt/VT-open/zxy/UniteStreetMapVector/6/37/25.pbf 404 59 - 2.653 ms"}
{"level":"info","message":"GET /unvt/VT-open/zxy/UniteStreetMapVector/6/37/26.pbf 404 59 - 2.849 ms"}
{"level":"info","message":"GET /unvt/VT-open/zxy/UniteStreetMapVector/6/39/25.pbf 404 59 - 3.175 ms"}
{"level":"info","message":"GET /unvt/VT-open/zxy/UniteStreetMapVector/6/39/26.pbf 404 59 - 0.408 ms"}
{"level":"info","message":"GET /unvt/sprite-rev/sprite_S.png 304 - - 2.067 ms"}
{"level":"info","message":"GET /unvt/sprite-rev/sprite_S.json 304 - - 0.571 ms"}
{"level":"info","message":"GET /unvt/font/NotoSans-Regular/0-255.pbf 304 - - 0.874 ms"}
{"level":"info","message":"GET /unvt/font/NotoSans-Regular/256-511.pbf 304 - - 1.133 ms"}
{"level":"info","message":"GET /unvt/font/Open%20Sans%20Bold/0-255.pbf 304 - - 0.362 ms"}
{"level":"info","message":"GET /unvt/font/sans/0-255.pbf 304 - - 0.461 ms"}
{"level":"info","message":"GET /unvt/font/NotoSans-Regular/512-767.pbf 304 - - 2.529 ms"}
{"level":"info","message":"GET /unvt/font/Open%20Sans%20Bold/256-511.pbf 304 - - 0.189 ms"}
{"level":"info","message":"GET /unvt/font/Open%20Sans%20Semibold%20Italic/0-255.pbf 304 - - 0.184 ms"}
{"level":"info","message":"GET /unvt/sprite-rev/sprite_S.json 304 - - 0.769 ms"}
{"level":"info","message":"GET /unvt/sprite-rev/sprite_S@2x.png 304 - - 0.741 ms"}
{"level":"info","message":"GET /unvt/font/NotoSans-Regular/7680-7935.pbf 304 - - 0.423 ms"}
{"level":"info","message":"GET /unvt/font/NotoSans-Regular/11264-11519.pbf 304 - - 1.084 ms"}
{"level":"info","message":"GET /unvt/VT-open/zxy/UniteStreetMapVector/6/38/25.pbf 404 59 - 4.642 ms"}
{"level":"info","message":"GET /unvt/VT-open/zxy/UniteStreetMapVector/6/38/26.pbf 404 59 - 0.796 ms"}
{"level":"info","message":"GET /unvt/VT-open/zxy/UniteStreetMapVector/6/39/26.pbf 404 59 - 1.101 ms"}
{"level":"info","message":"GET /unvt/VT-open/zxy/UniteStreetMapVector/6/37/25.pbf 404 59 - 2.352 ms"}
{"level":"info","message":"GET /unvt/VT-open/zxy/UniteStreetMapVector/6/39/25.pbf 404 59 - 1.540 ms"}
{"level":"info","message":"GET /unvt/VT-open/zxy/UniteStreetMapVector/6/37/24.pbf 404 59 - 1.086 ms"}
{"level":"info","message":"GET /unvt/VT-open/zxy/UniteStreetMapVector/6/38/24.pbf 404 59 - 1.609 ms"}
{"level":"info","message":"GET /unvt/VT-open/zxy/UniteStreetMapVector/6/37/26.pbf 404 59 - 0.681 ms"}
{"level":"info","message":"GET /unvt/VT-open/zxy/UniteStreetMapVector/6/39/24.pbf 404 59 - 0.559 ms"}
{"level":"info","message":"GET /unvt/VT-open/zxy/UniteStreetMapVector/6/38/24.pbf 404 59 - 2.150 ms"}
{"level":"info","message":"GET /unvt/VT-open/zxy/UniteStreetMapVector/6/37/24.pbf 404 59 - 2.750 ms"}
{"level":"info","message":"GET /unvt/VT-open/zxy/UniteStreetMapVector/6/39/24.pbf 404 59 - 2.916 ms"}
{"level":"info","message":"GET /unvt/VT-open/zxy/UniteStreetMapVector/6/38/25.pbf 404 59 - 2.391 ms"}
{"level":"info","message":"GET /unvt/VT-open/zxy/UniteStreetMapVector/6/38/26.pbf 404 59 - 3.289 ms"}
{"level":"info","message":"GET /unvt/VT-open/zxy/UniteStreetMapVector/6/37/25.pbf 404 59 - 0.815 ms"}
{"level":"info","message":"GET /unvt/VT-open/zxy/UniteStreetMapVector/6/39/25.pbf 404 59 - 0.467 ms"}
{"level":"info","message":"GET /unvt/VT-open/zxy/UniteStreetMapVector/6/37/26.pbf 404 59 - 0.308 ms"}
{"level":"info","message":"GET /unvt/VT-open/zxy/UniteStreetMapVector/6/39/26.pbf 404 59 - 0.269 ms"}
{"level":"info","message":"GET /unvt/VT-open/zxy/UniteStreetMapVector/6/38/24.pbf 404 59 - 1.840 ms"}
{"level":"info","message":"GET /unvt/VT-open/zxy/UniteStreetMapVector/6/37/24.pbf 404 59 - 2.031 ms"}
{"level":"info","message":"GET /unvt/VT-open/zxy/UniteStreetMapVector/6/39/24.pbf 404 59 - 2.396 ms"}
{"level":"info","message":"GET /unvt/font/NotoSans-Regular/8192-8447.pbf 304 - - 0.781 ms"}
{"level":"info","message":"GET /unvt/font/NotoSans-Regular/7936-8191.pbf 304 - - 0.244 ms"}
{"level":"info","message":"GET /unvt/font/Open%20Sans%20Italic/0-255.pbf 304 - - 0.808 ms"}
{"level":"info","message":"GET /unvt/VT-open/zxy/UniteStreetMapVector/5/17/11.pbf 200 71083 - 7.404 ms"}
{"level":"info","message":"GET /unvt/VT-open/zxy/UniteStreetMapVector/5/20/11.pbf 200 24796 - 3.350 ms"}
{"level":"info","message":"GET /unvt/VT-open/zxy/UniteStreetMapVector/6/44/25.pbf 404 59 - 1.756 ms"}
{"level":"info","message":"GET /unvt/VT-open/zxy/UniteStreetMapVector/6/45/25.pbf 404 59 - 0.866 ms"}
{"level":"info","message":"GET /unvt/VT-open/zxy/UniteStreetMapVector/6/43/25.pbf 404 59 - 0.631 ms"}
{"level":"info","message":"GET /unvt/VT-open/zxy/UniteStreetMapVector/6/44/26.pbf 404 59 - 1.685 ms"}
{"level":"info","message":"GET /unvt/VT-open/zxy/UniteStreetMapVector/6/43/26.pbf 404 59 - 1.093 ms"}
{"level":"info","message":"GET /unvt/VT-open/zxy/UniteStreetMapVector/6/44/24.pbf 404 59 - 1.178 ms"}
{"level":"info","message":"GET /unvt/VT-open/zxy/UniteStreetMapVector/6/43/24.pbf 404 59 - 0.731 ms"}
{"level":"info","message":"GET /unvt/VT-open/zxy/UniteStreetMapVector/6/45/26.pbf 404 59 - 2.415 ms"}
{"level":"info","message":"GET /unvt/VT-open/zxy/UniteStreetMapVector/6/45/24.pbf 404 59 - 0.939 ms"}
{"level":"info","message":"GET /unvt/sprite-rev/sprite_S.json 304 - - 3.268 ms"}
{"level":"info","message":"GET /unvt/sprite-rev/sprite_S.png 304 - - 0.610 ms"}
{"level":"info","message":"GET /unvt/sprite-rev/sprite_S.json 304 - - 1.186 ms"}
{"level":"info","message":"GET /unvt/sprite-rev/sprite_S@2x.png 304 - - 0.460 ms"}
{"level":"info","message":"GET /unvt/font/Open%20Sans%20Italic/0-255.pbf 304 - - 0.794 ms"}
{"level":"info","message":"GET /unvt/font/Open%20Sans%20Bold/0-255.pbf 304 - - 3.122 ms"}
{"level":"info","message":"GET /unvt/font/Open%20Sans%20Semibold%20Italic/0-255.pbf 304 - - 3.572 ms"}
{"level":"info","message":"GET /unvt/font/sans/0-255.pbf 304 - - 3.748 ms"}
{"level":"info","message":"GET /unvt/font/Open%20Sans%20Bold/256-511.pbf 304 - - 1.738 ms"}
{"level":"info","message":"GET /unvt/font/NotoSans-Regular/256-511.pbf 304 - - 1.725 ms"}
{"level":"info","message":"GET /unvt/font/NotoSans-Regular/0-255.pbf 304 - - 1.411 ms"}
{"level":"info","message":"GET /unvt/font/NotoSans-Regular/512-767.pbf 304 - - 0.645 ms"}
{"level":"info","message":"GET /unvt/font/NotoSans-Regular/8192-8447.pbf 304 - - 1.353 ms"}
{"level":"info","message":"GET /unvt/font/NotoSans-Regular/7936-8191.pbf 304 - - 1.047 ms"}
{"level":"info","message":"GET /unvt/font/NotoSans-Regular/7680-7935.pbf 304 - - 1.259 ms"}
{"level":"info","message":"GET /unvt/font/NotoSans-Regular/11264-11519.pbf 304 - - 1.604 ms"}
{"level":"info","message":"GET /unvt/VT-open/zxy/UniteStreetMapVector/6/38/25.pbf 404 59 - 4.396 ms"}
{"level":"info","message":"GET /unvt/VT-open/zxy/UniteStreetMapVector/6/38/26.pbf 404 59 - 5.404 ms"}
{"level":"info","message":"GET /unvt/VT-open/zxy/UniteStreetMapVector/6/37/25.pbf 404 59 - 1.105 ms"}
{"level":"info","message":"GET /unvt/VT-open/zxy/UniteStreetMapVector/6/36/25.pbf 404 59 - 0.921 ms"}
{"level":"info","message":"GET /unvt/VT-open/zxy/UniteStreetMapVector/6/36/26.pbf 404 59 - 1.342 ms"}
{"level":"info","message":"GET /unvt/VT-open/zxy/UniteStreetMapVector/6/37/26.pbf 404 59 - 2.042 ms"}
{"level":"info","message":"GET /unvt/VT-open/zxy/UniteStreetMapVector/6/39/25.pbf 404 59 - 0.460 ms"}
{"level":"info","message":"GET /unvt/VT-open/zxy/UniteStreetMapVector/6/39/26.pbf 404 59 - 0.396 ms"}
{"level":"info","message":"GET /unvt/VT-open/zxy/UniteStreetMapVector/5/20/14.pbf 200 6800 - 7.404 ms"}
{"level":"info","message":"GET /unvt/VT-open/zxy/UniteStreetMapVector/5/18/14.pbf 200 13553 - 13.706 ms"}
{"level":"info","message":"GET /unvt/VT-open/zxy/UniteStreetMapVector/5/19/14.pbf 200 33450 - 13.825 ms"}
{"level":"info","message":"GET /unvt/VT-open/zxy/UniteStreetMapVector/5/17/14.pbf 200 15027 - 11.020 ms"}
{"level":"info","message":"GET /unvt/VT-open/zxy/UniteStreetMapVector/6/38/27.pbf 404 59 - 1.015 ms"}
{"level":"info","message":"GET /unvt/VT-open/zxy/UniteStreetMapVector/6/37/27.pbf 404 59 - 0.887 ms"}
{"level":"info","message":"GET /unvt/VT-open/zxy/UniteStreetMapVector/6/38/28.pbf 404 59 - 1.304 ms"}
{"level":"info","message":"GET /unvt/VT-open/zxy/UniteStreetMapVector/6/39/27.pbf 404 59 - 1.149 ms"}
{"level":"info","message":"GET /unvt/VT-open/zxy/UniteStreetMapVector/6/37/28.pbf 404 59 - 1.101 ms"}
{"level":"info","message":"GET /unvt/VT-open/zxy/UniteStreetMapVector/6/36/27.pbf 404 59 - 1.007 ms"}
{"level":"info","message":"GET /unvt/VT-open/zxy/UniteStreetMapVector/6/39/28.pbf 404 59 - 1.499 ms"}
{"level":"info","message":"GET /unvt/VT-open/zxy/UniteStreetMapVector/6/38/26.pbf 404 59 - 2.150 ms"}
{"level":"info","message":"GET /unvt/VT-open/zxy/UniteStreetMapVector/6/36/28.pbf 404 59 - 0.876 ms"}
{"level":"info","message":"GET /unvt/VT-open/zxy/UniteStreetMapVector/6/39/26.pbf 404 59 - 1.143 ms"}
{"level":"info","message":"GET /unvt/VT-open/zxy/UniteStreetMapVector/6/37/26.pbf 404 59 - 1.333 ms"}
{"level":"info","message":"GET /unvt/VT-open/zxy/UniteStreetMapVector/6/36/26.pbf 404 59 - 0.377 ms"}
{"level":"info","message":"GET /unvt/sprite-rev/sprite_S.json 304 - - 0.914 ms"}
{"level":"info","message":"GET /unvt/sprite-rev/sprite_S.png 304 - - 2.030 ms"}
{"level":"info","message":"GET /unvt/font/Open%20Sans%20Bold/0-255.pbf 304 - - 1.693 ms"}
{"level":"info","message":"GET /unvt/font/sans/0-255.pbf 304 - - 1.047 ms"}
{"level":"info","message":"GET /unvt/font/NotoSans-Regular/256-511.pbf 304 - - 2.839 ms"}
{"level":"info","message":"GET /unvt/font/NotoSans-Regular/0-255.pbf 304 - - 2.401 ms"}
{"level":"info","message":"GET /unvt/font/NotoSans-Regular/512-767.pbf 304 - - 1.389 ms"}
{"level":"info","message":"GET /unvt/font/Open%20Sans%20Semibold%20Italic/0-255.pbf 304 - - 0.796 ms"}
{"level":"info","message":"GET /unvt/font/Open%20Sans%20Bold/256-511.pbf 304 - - 0.313 ms"}
{"level":"info","message":"GET /unvt/sprite-rev/sprite_S.json 304 - - 0.607 ms"}
{"level":"info","message":"GET /unvt/sprite-rev/sprite_S@2x.png 304 - - 0.860 ms"}
{"level":"info","message":"GET /unvt/sprite-rev/sprite_S.json 304 - - 0.266 ms"}
{"level":"info","message":"GET /unvt/sprite-rev/sprite_S.png 304 - - 0.730 ms"}
{"level":"info","message":"GET /unvt/font/sans/0-255.pbf 304 - - 2.038 ms"}
{"level":"info","message":"GET /unvt/font/Open%20Sans%20Bold/0-255.pbf 304 - - 2.254 ms"}
{"level":"info","message":"GET /unvt/font/NotoSans-Regular/0-255.pbf 304 - - 1.927 ms"}
{"level":"info","message":"GET /unvt/font/NotoSans-Regular/256-511.pbf 304 - - 1.647 ms"}
{"level":"info","message":"GET /unvt/font/NotoSans-Regular/512-767.pbf 304 - - 0.392 ms"}
{"level":"info","message":"GET /unvt/font/Open%20Sans%20Bold/256-511.pbf 304 - - 0.201 ms"}
{"level":"info","message":"GET /unvt/font/Open%20Sans%20Semibold%20Italic/0-255.pbf 304 - - 0.179 ms"}
{"level":"info","message":"GET /unvt/sprite-rev/sprite_S.json 304 - - 0.756 ms"}
{"level":"info","message":"GET /unvt/sprite-rev/sprite_S@2x.png 304 - - 1.286 ms"}
{"level":"info","message":"GET /unvt/VT-open/zxy/UniteStreetMapVector/6/38/26.pbf 404 59 - 1.008 ms"}
{"level":"info","message":"GET /unvt/VT-open/zxy/UniteStreetMapVector/6/37/26.pbf 404 59 - 1.232 ms"}
{"level":"info","message":"GET /unvt/VT-open/zxy/UniteStreetMapVector/6/38/25.pbf 404 59 - 1.313 ms"}
{"level":"info","message":"GET /unvt/VT-open/zxy/UniteStreetMapVector/6/38/27.pbf 404 59 - 1.915 ms"}
{"level":"info","message":"GET /unvt/VT-open/zxy/UniteStreetMapVector/6/37/25.pbf 404 59 - 0.538 ms"}
{"level":"info","message":"GET /unvt/VT-open/zxy/UniteStreetMapVector/6/39/26.pbf 404 59 - 0.481 ms"}
{"level":"info","message":"GET /unvt/VT-open/zxy/UniteStreetMapVector/6/37/27.pbf 404 59 - 0.674 ms"}
{"level":"info","message":"GET /unvt/VT-open/zxy/UniteStreetMapVector/6/39/25.pbf 404 59 - 0.599 ms"}
{"level":"info","message":"GET /unvt/VT-open/zxy/UniteStreetMapVector/6/39/27.pbf 404 59 - 0.946 ms"}
{"level":"info","message":"GET /unvt/font/NotoSans-Regular/7680-7935.pbf 304 - - 2.288 ms"}
{"level":"info","message":"GET /unvt/font/NotoSans-Regular/11264-11519.pbf 304 - - 3.397 ms"}
{"level":"info","message":"GET /unvt/font/NotoSans-Regular/7936-8191.pbf 304 - - 0.674 ms"}
