{"level":"info","message":"GET /unvt/sprite-rev/sprite_S.png 304 - - 6.424 ms"}
{"level":"info","message":"GET /unvt/sprite-rev/sprite_S.json 304 - - 0.764 ms"}
{"level":"info","message":"GET /unvt/sprite-rev/sprite_S.json 304 - - 1.531 ms"}
{"level":"info","message":"GET /unvt/sprite-rev/sprite_S@2x.png 304 - - 1.519 ms"}
{"level":"info","message":"GET /unvt/sprite-rev/sprite_S.json 304 - - 0.355 ms"}
{"level":"info","message":"GET /unvt/sprite-rev/sprite_S.png 304 - - 1.491 ms"}
{"level":"info","message":"GET /unvt/sprite-rev/sprite_S.json 304 - - 0.947 ms"}
{"level":"info","message":"GET /unvt/sprite-rev/sprite_S@2x.png 304 - - 1.867 ms"}
{"level":"info","message":"GET /unvt/VT-open/zxy/UniteStreetMapVector/1/0/1.pbf 304 - - 7.518 ms"}
{"level":"info","message":"GET /unvt/VT-open/zxy/UniteStreetMapVector/1/1/1.pbf 304 - - 11.672 ms"}
{"level":"info","message":"GET /unvt/VT-open/zxy/UniteStreetMapVector/1/1/0.pbf 304 - - 18.969 ms"}
{"level":"info","message":"GET /unvt/VT-open/zxy/UniteStreetMapVector/1/0/0.pbf 304 - - 10.539 ms"}
{"level":"info","message":"GET /unvt/font/Open%20Sans%20Semibold%20Italic/0-255.pbf 304 - - 2.796 ms"}
{"level":"info","message":"GET /unvt/font/Open%20Sans%20Bold/0-255.pbf 304 - - 2.381 ms"}
{"level":"info","message":"GET /unvt/font/sans/0-255.pbf 304 - - 2.835 ms"}
{"level":"info","message":"GET /unvt/font/Open%20Sans%20Italic/0-255.pbf 304 - - 0.393 ms"}
{"level":"info","message":"GET /unvt/font/Open%20Sans%20Bold/256-511.pbf 304 - - 0.378 ms"}
{"level":"info","message":"GET /unvt/VT-open/zxy/UniteStreetMapVector/2/2/1.pbf 200 351876 - 5.413 ms"}
{"level":"info","message":"GET /unvt/VT-open/zxy/UniteStreetMapVector/2/2/2.pbf 304 - - 5.716 ms"}
{"level":"info","message":"GET /unvt/VT-open/zxy/UniteStreetMapVector/2/1/2.pbf 304 - - 5.607 ms"}
{"level":"info","message":"GET /unvt/VT-open/zxy/UniteStreetMapVector/2/3/2.pbf 304 - - 5.588 ms"}
{"level":"info","message":"GET /unvt/VT-open/zxy/UniteStreetMapVector/3/5/4.pbf 304 - - 1.322 ms"}
{"level":"info","message":"GET /unvt/VT-open/zxy/UniteStreetMapVector/4/8/8.pbf 304 - - 3.243 ms"}
{"level":"info","message":"GET /unvt/VT-open/zxy/UniteStreetMapVector/4/10/8.pbf 304 - - 4.069 ms"}
{"level":"info","message":"GET /unvt/VT-open/zxy/UniteStreetMapVector/4/8/7.pbf 304 - - 4.316 ms"}
{"level":"info","message":"GET /unvt/VT-open/zxy/UniteStreetMapVector/4/10/7.pbf 304 - - 4.751 ms"}
{"level":"info","message":"GET /unvt/font/NotoSans-Regular/7936-8191.pbf 304 - - 1.524 ms"}
{"level":"info","message":"GET /unvt/font/NotoSans-Regular/256-511.pbf 304 - - 1.674 ms"}
{"level":"info","message":"GET /unvt/font/NotoSans-Regular/0-255.pbf 304 - - 1.607 ms"}
{"level":"info","message":"GET /unvt/font/NotoSans-Regular/8192-8447.pbf 304 - - 0.545 ms"}
{"level":"info","message":"GET /unvt/VT-open/zxy/UniteStreetMapVector/5/20/16.pbf 304 - - 5.672 ms"}
{"level":"info","message":"GET /unvt/VT-open/zxy/UniteStreetMapVector/5/19/15.pbf 304 - - 5.786 ms"}
{"level":"info","message":"GET /unvt/VT-open/zxy/UniteStreetMapVector/5/19/16.pbf 304 - - 4.986 ms"}
{"level":"info","message":"GET /unvt/VT-open/zxy/UniteStreetMapVector/5/18/16.pbf 304 - - 4.973 ms"}
{"level":"info","message":"GET /unvt/VT-open/zxy/UniteStreetMapVector/5/18/15.pbf 304 - - 4.516 ms"}
{"level":"info","message":"GET /unvt/VT-open/zxy/UniteStreetMapVector/5/20/15.pbf 304 - - 4.520 ms"}
{"level":"info","message":"GET /unvt/VT-open/zxy/UniteStreetMapVector/6/38/32.pbf 404 59 - 3.579 ms"}
{"level":"info","message":"GET /unvt/VT-open/zxy/UniteStreetMapVector/6/39/31.pbf 404 59 - 3.708 ms"}
{"level":"info","message":"GET /unvt/VT-open/zxy/UniteStreetMapVector/6/38/31.pbf 404 59 - 4.031 ms"}
{"level":"info","message":"GET /unvt/VT-open/zxy/UniteStreetMapVector/6/39/33.pbf 404 59 - 4.297 ms"}
{"level":"info","message":"GET /unvt/VT-open/zxy/UniteStreetMapVector/6/38/33.pbf 404 59 - 4.887 ms"}
{"level":"info","message":"GET /unvt/VT-open/zxy/UniteStreetMapVector/6/40/32.pbf 404 59 - 5.405 ms"}
{"level":"info","message":"GET /unvt/VT-open/zxy/UniteStreetMapVector/6/40/31.pbf 404 59 - 1.125 ms"}
{"level":"info","message":"GET /unvt/VT-open/zxy/UniteStreetMapVector/6/37/31.pbf 404 59 - 1.667 ms"}
{"level":"info","message":"GET /unvt/VT-open/zxy/UniteStreetMapVector/6/40/33.pbf 404 59 - 2.205 ms"}
{"level":"info","message":"GET /unvt/VT-open/zxy/UniteStreetMapVector/6/37/33.pbf 404 59 - 2.416 ms"}
{"level":"info","message":"GET /unvt/VT-open/zxy/UniteStreetMapVector/6/37/32.pbf 404 59 - 0.299 ms"}
{"level":"info","message":"GET /unvt/font/NotoSansDisplay-Medium/0-255.pbf 304 - - 1.299 ms"}
{"level":"info","message":"GET /unvt/VT-open/zxy/UniteStreetMapVector/7/77/64.pbf 404 59 - 1.289 ms"}
{"level":"info","message":"GET /unvt/VT-open/zxy/UniteStreetMapVector/7/77/65.pbf 404 59 - 2.398 ms"}
{"level":"info","message":"GET /unvt/VT-open/zxy/UniteStreetMapVector/7/79/65.pbf 404 69 - 4.147 ms"}
{"level":"info","message":"GET /unvt/VT-open/zxy/UniteStreetMapVector/7/79/64.pbf 304 - - 3.193 ms"}
{"level":"info","message":"GET /unvt/font/NotoSansDisplay-Regular/0-255.pbf 304 - - 1.035 ms"}
{"level":"info","message":"GET /unvt/font/NotoSans-Italic/0-255.pbf 304 - - 1.364 ms"}
{"level":"info","message":"GET /unvt/font/NotoSans-Bold/0-255.pbf 304 - - 1.480 ms"}
{"level":"info","message":"GET /unvt/font/NotoSansDisplay-Regular/1536-1791.pbf 304 - - 0.479 ms"}
{"level":"info","message":"GET /unvt/VT-open/zxy/UniteStreetMapVector/8/155/129.pbf 404 61 - 1.726 ms"}
{"level":"info","message":"GET /unvt/VT-open/zxy/UniteStreetMapVector/8/155/130.pbf 404 61 - 1.639 ms"}
{"level":"info","message":"GET /unvt/VT-open/zxy/UniteStreetMapVector/8/157/130.pbf 404 71 - 1.835 ms"}
{"level":"info","message":"GET /unvt/font/NotoSansDisplay-SemiBold/0-255.pbf 304 - - 0.811 ms"}
{"level":"info","message":"GET /unvt/VT-open/zxy/UniteStreetMapVector/8/155/131.pbf 404 61 - 1.522 ms"}
{"level":"info","message":"GET /unvt/VT-open/zxy/UniteStreetMapVector/8/157/131.pbf 404 71 - 2.215 ms"}
{"level":"info","message":"GET /unvt/VT-open/zxy/UniteStreetMapVector/7/79/65.pbf 404 69 - 1.218 ms"}
{"level":"info","message":"GET /unvt/VT-open/zxy/UniteStreetMapVector/6/39/33.pbf 404 59 - 1.900 ms"}
{"level":"info","message":"GET /unvt/VT-open/zxy/UniteStreetMapVector/6/38/33.pbf 404 59 - 2.995 ms"}
{"level":"info","message":"GET /unvt/VT-open/zxy/UniteStreetMapVector/6/40/32.pbf 404 59 - 3.464 ms"}
{"level":"info","message":"GET /unvt/VT-open/zxy/UniteStreetMapVector/6/40/31.pbf 404 59 - 3.670 ms"}
{"level":"info","message":"GET /unvt/VT-open/zxy/UniteStreetMapVector/6/40/33.pbf 404 59 - 3.716 ms"}
{"level":"info","message":"GET /unvt/VT-open/zxy/UniteStreetMapVector/6/37/32.pbf 404 59 - 1.405 ms"}
{"level":"info","message":"GET /unvt/VT-open/zxy/UniteStreetMapVector/6/37/31.pbf 404 59 - 2.284 ms"}
{"level":"info","message":"GET /unvt/VT-open/zxy/UniteStreetMapVector/6/37/33.pbf 404 59 - 3.182 ms"}
{"level":"info","message":"GET /unvt/VT-open/zxy/UniteStreetMapVector/7/78/66.pbf 404 59 - 1.415 ms"}
{"level":"info","message":"GET /unvt/VT-open/zxy/UniteStreetMapVector/7/77/66.pbf 404 59 - 2.786 ms"}
{"level":"info","message":"GET /unvt/VT-open/zxy/UniteStreetMapVector/7/76/65.pbf 404 59 - 3.780 ms"}
{"level":"info","message":"GET /unvt/VT-open/zxy/UniteStreetMapVector/7/79/66.pbf 404 59 - 4.489 ms"}
{"level":"info","message":"GET /unvt/VT-open/zxy/UniteStreetMapVector/7/76/64.pbf 404 59 - 5.055 ms"}
{"level":"info","message":"GET /unvt/VT-open/zxy/UniteStreetMapVector/7/76/66.pbf 404 59 - 0.579 ms"}
{"level":"info","message":"GET /unvt/VT-open/zxy/UniteStreetMapVector/9/311/260.pbf 404 61 - 0.747 ms"}
{"level":"info","message":"GET /unvt/VT-open/zxy/UniteStreetMapVector/9/311/261.pbf 404 61 - 1.260 ms"}
{"level":"info","message":"GET /unvt/VT-open/zxy/UniteStreetMapVector/9/313/261.pbf 404 71 - 3.043 ms"}
{"level":"info","message":"GET /unvt/VT-open/zxy/UniteStreetMapVector/9/311/259.pbf 404 61 - 1.115 ms"}
{"level":"info","message":"GET /unvt/VT-open/zxy/UniteStreetMapVector/10/626/522.pbf 404 72 - 1.765 ms"}
{"level":"info","message":"GET /unvt/VT-open/zxy/UniteStreetMapVector/10/627/521.pbf 404 72 - 1.812 ms"}
{"level":"info","message":"GET /unvt/VT-open/zxy/UniteStreetMapVector/10/627/520.pbf 404 72 - 1.969 ms"}
{"level":"info","message":"GET /unvt/VT-open/zxy/UniteStreetMapVector/10/627/522.pbf 404 72 - 2.038 ms"}
{"level":"info","message":"GET /unvt/VT-open/zxy/UniteStreetMapVector/11/1253/1042.pbf 404 74 - 1.545 ms"}
{"level":"info","message":"GET /unvt/VT-open/zxy/UniteStreetMapVector/11/1253/1041.pbf 404 74 - 2.094 ms"}
{"level":"info","message":"GET /unvt/VT-open/zxy/UniteStreetMapVector/11/1253/1043.pbf 404 74 - 2.544 ms"}
{"level":"info","message":"GET /unvt/VT-open/zxy/UniteStreetMapVector/11/1253/1041.pbf 404 74 - 1.526 ms"}
{"level":"info","message":"GET /unvt/VT-open/zxy/UniteStreetMapVector/11/1253/1043.pbf 404 74 - 1.692 ms"}
{"level":"info","message":"GET /unvt/VT-open/zxy/UniteStreetMapVector/10/627/521.pbf 404 72 - 2.463 ms"}
{"level":"info","message":"GET /unvt/VT-open/zxy/UniteStreetMapVector/10/627/520.pbf 404 72 - 3.177 ms"}
{"level":"info","message":"GET /unvt/VT-open/zxy/UniteStreetMapVector/9/311/259.pbf 404 61 - 1.071 ms"}
{"level":"info","message":"GET /unvt/VT-open/zxy/UniteStreetMapVector/9/314/260.pbf 404 71 - 1.007 ms"}
{"level":"info","message":"GET /unvt/VT-open/zxy/UniteStreetMapVector/9/314/261.pbf 404 71 - 1.368 ms"}
{"level":"info","message":"GET /unvt/sprite-dark/sprite.json 200 14368 - 4.285 ms"}
{"level":"info","message":"GET /unvt/sprite-dark/sprite.png 200 28023 - 4.887 ms"}
{"level":"info","message":"GET /unvt/sprite-dark/sprite.png 304 - - 0.277 ms"}
{"level":"info","message":"GET /unvt/sprite-dark/sprite.json 304 - - 0.716 ms"}
{"level":"info","message":"GET /unvt/VT-open/zxy/UniteStreetMapVector/7/77/65.pbf 404 59 - 5.174 ms"}
{"level":"info","message":"GET /unvt/VT-open/zxy/UniteStreetMapVector/7/77/64.pbf 404 59 - 0.239 ms"}
{"level":"info","message":"GET /unvt/font/NotoSansDisplay-Regular/0-255.pbf 304 - - 0.775 ms"}
{"level":"info","message":"GET /unvt/font/Open%20Sans%20Italic/0-255.pbf 304 - - 1.028 ms"}
{"level":"info","message":"GET /unvt/font/NotoSans-Bold/0-255.pbf 304 - - 1.345 ms"}
{"level":"info","message":"GET /unvt/font/NotoSans-Italic/0-255.pbf 304 - - 0.495 ms"}
{"level":"info","message":"GET /unvt/font/NotoSansDisplay-Medium/0-255.pbf 304 - - 1.342 ms"}
{"level":"info","message":"GET /unvt/font/NotoSansDisplay-Regular/1536-1791.pbf 304 - - 0.306 ms"}
{"level":"info","message":"GET /unvt/sprite-dark/sprite.json 304 - - 0.611 ms"}
{"level":"info","message":"GET /unvt/sprite-dark/sprite@2x.png 200 66113 - 3.205 ms"}
{"level":"info","message":"GET /unvt/VT-open/zxy/UniteStreetMapVector/8/155/130.pbf 404 61 - 2.312 ms"}
{"level":"info","message":"GET /unvt/VT-open/zxy/UniteStreetMapVector/8/155/129.pbf 404 61 - 2.389 ms"}
{"level":"info","message":"GET /unvt/VT-open/zxy/UniteStreetMapVector/8/155/131.pbf 404 61 - 2.657 ms"}
{"level":"info","message":"GET /unvt/VT-open/zxy/UniteStreetMapVector/8/157/130.pbf 404 71 - 4.181 ms"}
{"level":"info","message":"GET /unvt/VT-open/zxy/UniteStreetMapVector/8/157/131.pbf 404 71 - 3.601 ms"}
{"level":"info","message":"GET /unvt/font/NotoSansDisplay-SemiBold/0-255.pbf 304 - - 0.798 ms"}
{"level":"info","message":"GET /unvt/VT-open/zxy/UniteStreetMapVector/9/311/260.pbf 404 61 - 0.550 ms"}
{"level":"info","message":"GET /unvt/VT-open/zxy/UniteStreetMapVector/9/313/261.pbf 404 71 - 3.272 ms"}
{"level":"info","message":"GET /unvt/VT-open/zxy/UniteStreetMapVector/9/311/261.pbf 404 61 - 0.691 ms"}
{"level":"info","message":"GET /unvt/VT-open/zxy/UniteStreetMapVector/9/311/259.pbf 404 61 - 1.019 ms"}
{"level":"info","message":"GET /unvt/VT-open/zxy/UniteStreetMapVector/9/314/260.pbf 404 71 - 2.918 ms"}
{"level":"info","message":"GET /unvt/VT-open/zxy/UniteStreetMapVector/9/314/261.pbf 404 71 - 1.945 ms"}
{"level":"info","message":"GET /unvt/font/NotoSans-Regular/0-255.pbf 304 - - 0.847 ms"}
{"level":"info","message":"GET /unvt/font/sans/0-255.pbf 304 - - 0.684 ms"}
{"level":"info","message":"GET /unvt/VT-open/zxy/UniteStreetMapVector/10/627/521.pbf 404 72 - 1.182 ms"}
{"level":"info","message":"GET /unvt/VT-open/zxy/UniteStreetMapVector/10/627/520.pbf 404 72 - 2.029 ms"}
{"level":"info","message":"GET /unvt/VT-open/zxy/UniteStreetMapVector/11/1253/1042.pbf 404 74 - 1.082 ms"}
{"level":"info","message":"GET /unvt/VT-open/zxy/UniteStreetMapVector/11/1253/1041.pbf 404 74 - 1.273 ms"}
{"level":"info","message":"GET /unvt/VT-open/zxy/UniteStreetMapVector/11/1253/1043.pbf 404 74 - 1.434 ms"}
{"level":"info","message":"GET /unvt/VT-open/zxy/UniteStreetMapVector/11/1253/1042.pbf 404 74 - 1.399 ms"}
{"level":"info","message":"GET /unvt/VT-open/zxy/UniteStreetMapVector/11/1253/1041.pbf 404 74 - 2.214 ms"}
{"level":"info","message":"GET /unvt/VT-open/zxy/UniteStreetMapVector/11/1253/1043.pbf 404 74 - 2.624 ms"}
{"level":"info","message":"GET /unvt/VT-open/zxy/UniteStreetMapVector/8/155/131.pbf 404 61 - 1.296 ms"}
{"level":"info","message":"GET /unvt/VT-open/zxy/UniteStreetMapVector/8/157/131.pbf 404 71 - 2.943 ms"}
{"level":"info","message":"GET /unvt/VT-open/zxy/UniteStreetMapVector/8/154/130.pbf 404 61 - 1.779 ms"}
{"level":"info","message":"GET /unvt/VT-open/zxy/UniteStreetMapVector/8/154/129.pbf 404 61 - 2.259 ms"}
{"level":"info","message":"GET /unvt/VT-open/zxy/UniteStreetMapVector/8/154/131.pbf 404 61 - 3.041 ms"}
{"level":"info","message":"GET /unvt/VT-open/zxy/UniteStreetMapVector/7/77/65.pbf 404 59 - 0.896 ms"}
{"level":"info","message":"GET /unvt/VT-open/zxy/UniteStreetMapVector/7/77/64.pbf 404 59 - 2.167 ms"}
{"level":"info","message":"GET /unvt/VT-open/zxy/UniteStreetMapVector/7/76/65.pbf 404 59 - 1.528 ms"}
{"level":"info","message":"GET /unvt/VT-open/zxy/UniteStreetMapVector/7/76/64.pbf 404 59 - 2.196 ms"}
{"level":"info","message":"GET /unvt/VT-open/zxy/UniteStreetMapVector/7/79/65.pbf 404 69 - 4.097 ms"}
{"level":"info","message":"GET /unvt/VT-open/zxy/UniteStreetMapVector/7/77/66.pbf 404 59 - 1.450 ms"}
{"level":"info","message":"GET /unvt/VT-open/zxy/UniteStreetMapVector/7/78/66.pbf 404 59 - 1.736 ms"}
{"level":"info","message":"GET /unvt/VT-open/zxy/UniteStreetMapVector/7/76/66.pbf 404 59 - 2.004 ms"}
{"level":"info","message":"GET /unvt/VT-open/zxy/UniteStreetMapVector/7/79/66.pbf 404 59 - 0.542 ms"}
{"level":"info","message":"GET /unvt/VT-open/zxy/UniteStreetMapVector/6/38/32.pbf 404 59 - 1.188 ms"}
{"level":"info","message":"GET /unvt/VT-open/zxy/UniteStreetMapVector/6/38/33.pbf 404 59 - 1.491 ms"}
{"level":"info","message":"GET /unvt/VT-open/zxy/UniteStreetMapVector/6/39/33.pbf 404 59 - 1.999 ms"}
{"level":"info","message":"GET /unvt/VT-open/zxy/UniteStreetMapVector/6/37/32.pbf 404 59 - 0.951 ms"}
{"level":"info","message":"GET /unvt/VT-open/zxy/UniteStreetMapVector/6/37/33.pbf 404 59 - 1.354 ms"}
{"level":"info","message":"GET /unvt/VT-open/zxy/UniteStreetMapVector/6/38/31.pbf 404 59 - 1.220 ms"}
{"level":"info","message":"GET /unvt/VT-open/zxy/UniteStreetMapVector/6/39/31.pbf 404 59 - 1.513 ms"}
{"level":"info","message":"GET /unvt/VT-open/zxy/UniteStreetMapVector/6/37/31.pbf 404 59 - 1.911 ms"}
{"level":"info","message":"GET /unvt/VT-open/zxy/UniteStreetMapVector/6/40/32.pbf 404 59 - 1.856 ms"}
{"level":"info","message":"GET /unvt/VT-open/zxy/UniteStreetMapVector/6/40/33.pbf 404 59 - 2.491 ms"}
{"level":"info","message":"GET /unvt/VT-open/zxy/UniteStreetMapVector/6/40/31.pbf 404 59 - 3.044 ms"}
{"level":"info","message":"GET /unvt/font/Open%20Sans%20Bold/0-255.pbf 304 - - 0.728 ms"}
{"level":"info","message":"GET /unvt/font/NotoSans-Regular/7936-8191.pbf 304 - - 0.920 ms"}
{"level":"info","message":"GET /unvt/font/NotoSans-Regular/256-511.pbf 304 - - 1.642 ms"}
{"level":"info","message":"GET /unvt/VT-open/zxy/UniteStreetMapVector/5/20/17.pbf 304 - - 2.886 ms"}
{"level":"info","message":"GET /unvt/VT-open/zxy/UniteStreetMapVector/5/19/17.pbf 304 - - 3.418 ms"}
{"level":"info","message":"GET /unvt/font/Open%20Sans%20Semibold%20Italic/0-255.pbf 304 - - 0.800 ms"}
{"level":"info","message":"GET /unvt/font/NotoSans-Regular/8192-8447.pbf 304 - - 0.495 ms"}
{"level":"info","message":"GET /unvt/VT-open/zxy/UniteStreetMapVector/9/311/262.pbf 404 61 - 1.656 ms"}
{"level":"info","message":"GET /unvt/VT-open/zxy/UniteStreetMapVector/9/313/262.pbf 404 71 - 1.970 ms"}
{"level":"info","message":"GET /unvt/VT-open/zxy/UniteStreetMapVector/10/623/522.pbf 404 62 - 1.748 ms"}
{"level":"info","message":"GET /unvt/VT-open/zxy/UniteStreetMapVector/10/623/523.pbf 404 62 - 1.908 ms"}
{"level":"info","message":"GET /unvt/VT-open/zxy/UniteStreetMapVector/10/623/521.pbf 404 62 - 2.594 ms"}
{"level":"info","message":"GET /unvt/VT-open/zxy/UniteStreetMapVector/10/626/522.pbf 404 72 - 7.258 ms"}
{"level":"info","message":"GET /unvt/VT-open/zxy/UniteStreetMapVector/10/626/523.pbf 404 72 - 7.026 ms"}
{"level":"info","message":"GET /unvt/VT-open/zxy/UniteStreetMapVector/10/623/521.pbf 404 62 - 0.799 ms"}
{"level":"info","message":"GET /unvt/sprite-rev/sprite.json 404 9 - 1.105 ms"}
{"level":"info","message":"GET /unvt/sprite-rev/sprite.png 404 9 - 1.560 ms"}
{"level":"info","message":"GET /unvt/sprite-rev/sprite_S.json 304 - - 0.894 ms"}
{"level":"info","message":"GET /unvt/sprite-rev/sprite_S.png 304 - - 1.464 ms"}
{"level":"info","message":"GET /unvt/sprite-dark/sprite.png 304 - - 3.089 ms"}
{"level":"info","message":"GET /unvt/sprite-dark/sprite.json 200 13660 - 6.266 ms"}
{"level":"info","message":"GET /unvt/sprite-dark/sprite.json 304 - - 0.295 ms"}
{"level":"info","message":"GET /unvt/sprite-dark/sprite@2x.png 304 - - 0.620 ms"}
{"level":"info","message":"GET /unvt/sprite-dark/sprite.json 304 - - 0.372 ms"}
{"level":"info","message":"GET /unvt/sprite-dark/sprite.png 304 - - 1.015 ms"}
{"level":"info","message":"GET /unvt/VT-open/zxy/UniteStreetMapVector/7/77/65.pbf 404 59 - 4.710 ms"}
{"level":"info","message":"GET /unvt/VT-open/zxy/UniteStreetMapVector/7/77/64.pbf 404 59 - 5.271 ms"}
{"level":"info","message":"GET /unvt/font/NotoSansDisplay-Regular/0-255.pbf 304 - - 2.396 ms"}
{"level":"info","message":"GET /unvt/font/Open%20Sans%20Italic/0-255.pbf 304 - - 3.014 ms"}
{"level":"info","message":"GET /unvt/font/NotoSans-Bold/0-255.pbf 304 - - 0.417 ms"}
{"level":"info","message":"GET /unvt/font/NotoSans-Italic/0-255.pbf 304 - - 0.136 ms"}
{"level":"info","message":"GET /unvt/font/NotoSansDisplay-Medium/0-255.pbf 304 - - 0.100 ms"}
{"level":"info","message":"GET /unvt/font/NotoSansDisplay-Regular/1536-1791.pbf 304 - - 0.196 ms"}
{"level":"info","message":"GET /unvt/sprite-dark/sprite.json 304 - - 1.132 ms"}
{"level":"info","message":"GET /unvt/sprite-dark/sprite@2x.png 304 - - 1.332 ms"}
{"level":"info","message":"GET /unvt/font/Open%20Sans%20Italic/0-255.pbf 304 - - 0.901 ms"}
{"level":"info","message":"GET /unvt/font/Open%20Sans%20Semibold%20Italic/0-255.pbf 304 - - 1.316 ms"}
{"level":"info","message":"GET /unvt/font/sans/0-255.pbf 304 - - 0.332 ms"}
{"level":"info","message":"GET /unvt/font/Open%20Sans%20Bold/0-255.pbf 304 - - 0.221 ms"}
{"level":"info","message":"GET /unvt/font/Open%20Sans%20Bold/256-511.pbf 304 - - 1.854 ms"}
{"level":"info","message":"GET /unvt/VT-open/zxy/UniteStreetMapVector/3/3/4.pbf 304 - - 8.257 ms"}
{"level":"info","message":"GET /unvt/VT-open/zxy/UniteStreetMapVector/3/3/3.pbf 304 - - 9.803 ms"}
{"level":"info","message":"GET /unvt/font/NotoSans-Regular/0-255.pbf 304 - - 0.841 ms"}
{"level":"info","message":"GET /unvt/font/NotoSans-Regular/8192-8447.pbf 304 - - 0.877 ms"}
{"level":"info","message":"GET /unvt/font/NotoSans-Regular/7936-8191.pbf 304 - - 0.950 ms"}
{"level":"info","message":"GET /unvt/font/NotoSans-Regular/256-511.pbf 304 - - 1.306 ms"}
{"level":"info","message":"GET /unvt/VT-open/zxy/UniteStreetMapVector/6/38/32.pbf 404 59 - 1.139 ms"}
{"level":"info","message":"GET /unvt/VT-open/zxy/UniteStreetMapVector/6/38/33.pbf 404 59 - 0.624 ms"}
{"level":"info","message":"GET /unvt/VT-open/zxy/UniteStreetMapVector/6/39/33.pbf 404 59 - 0.409 ms"}
{"level":"info","message":"GET /unvt/VT-open/zxy/UniteStreetMapVector/6/40/33.pbf 404 59 - 1.063 ms"}
{"level":"info","message":"GET /unvt/VT-open/zxy/UniteStreetMapVector/6/37/32.pbf 404 59 - 1.819 ms"}
{"level":"info","message":"GET /unvt/VT-open/zxy/UniteStreetMapVector/6/37/33.pbf 404 59 - 0.454 ms"}
{"level":"info","message":"GET /unvt/VT-open/zxy/UniteStreetMapVector/6/40/32.pbf 404 59 - 0.341 ms"}
{"level":"info","message":"GET /unvt/font/NotoSansDisplay-Medium/0-255.pbf 304 - - 0.549 ms"}
{"level":"info","message":"GET /unvt/VT-open/zxy/UniteStreetMapVector/6/39/31.pbf 404 59 - 1.538 ms"}
{"level":"info","message":"GET /unvt/VT-open/zxy/UniteStreetMapVector/6/38/31.pbf 404 59 - 2.491 ms"}
{"level":"info","message":"GET /unvt/VT-open/zxy/UniteStreetMapVector/6/40/31.pbf 404 59 - 3.021 ms"}
{"level":"info","message":"GET /unvt/VT-open/zxy/UniteStreetMapVector/6/37/31.pbf 404 59 - 3.541 ms"}
{"level":"info","message":"GET /unvt/VT-open/zxy/UniteStreetMapVector/7/77/64.pbf 404 59 - 0.899 ms"}
{"level":"info","message":"GET /unvt/VT-open/zxy/UniteStreetMapVector/7/78/63.pbf 404 59 - 1.502 ms"}
{"level":"info","message":"GET /unvt/VT-open/zxy/UniteStreetMapVector/7/77/65.pbf 404 59 - 0.925 ms"}
{"level":"info","message":"GET /unvt/VT-open/zxy/UniteStreetMapVector/7/79/63.pbf 404 59 - 1.392 ms"}
{"level":"info","message":"GET /unvt/VT-open/zxy/UniteStreetMapVector/7/77/63.pbf 404 59 - 1.646 ms"}
{"level":"info","message":"GET /unvt/VT-open/zxy/UniteStreetMapVector/7/79/65.pbf 404 69 - 6.324 ms"}
{"level":"info","message":"GET /unvt/font/NotoSans-Bold/0-255.pbf 304 - - 0.426 ms"}
{"level":"info","message":"GET /unvt/font/NotoSansDisplay-Regular/0-255.pbf 304 - - 0.517 ms"}
{"level":"info","message":"GET /unvt/font/NotoSans-Italic/0-255.pbf 304 - - 0.455 ms"}
{"level":"info","message":"GET /unvt/font/NotoSansDisplay-Regular/1536-1791.pbf 304 - - 0.613 ms"}
{"level":"info","message":"GET /unvt/VT-open/zxy/UniteStreetMapVector/8/157/130.pbf 404 71 - 2.514 ms"}
{"level":"info","message":"GET /unvt/VT-open/zxy/UniteStreetMapVector/8/158/129.pbf 404 71 - 2.531 ms"}
{"level":"info","message":"GET /unvt/VT-open/zxy/UniteStreetMapVector/8/158/130.pbf 404 71 - 2.514 ms"}
{"level":"info","message":"GET /unvt/font/NotoSansDisplay-SemiBold/0-255.pbf 304 - - 0.592 ms"}
{"level":"info","message":"GET /unvt/VT-open/zxy/UniteStreetMapVector/9/315/259.pbf 404 71 - 0.839 ms"}
{"level":"info","message":"GET /unvt/VT-open/zxy/UniteStreetMapVector/10/630/518.pbf 404 72 - 1.008 ms"}
{"level":"info","message":"GET /unvt/VT-open/zxy/UniteStreetMapVector/8/157/130.pbf 404 71 - 1.413 ms"}
{"level":"info","message":"GET /unvt/VT-open/zxy/UniteStreetMapVector/8/158/130.pbf 404 71 - 1.669 ms"}
{"level":"info","message":"GET /unvt/VT-open/zxy/UniteStreetMapVector/8/155/129.pbf 404 61 - 1.593 ms"}
{"level":"info","message":"GET /unvt/VT-open/zxy/UniteStreetMapVector/8/155/130.pbf 404 61 - 1.771 ms"}
{"level":"info","message":"GET /unvt/VT-open/zxy/UniteStreetMapVector/8/155/128.pbf 404 61 - 0.602 ms"}
{"level":"info","message":"GET /unvt/VT-open/zxy/UniteStreetMapVector/7/78/63.pbf 404 59 - 0.769 ms"}
{"level":"info","message":"GET /unvt/VT-open/zxy/UniteStreetMapVector/7/77/63.pbf 404 59 - 1.002 ms"}
{"level":"info","message":"GET /unvt/VT-open/zxy/UniteStreetMapVector/7/79/63.pbf 404 59 - 0.349 ms"}
{"level":"info","message":"GET /unvt/VT-open/zxy/UniteStreetMapVector/7/76/64.pbf 404 59 - 0.987 ms"}
{"level":"info","message":"GET /unvt/VT-open/zxy/UniteStreetMapVector/7/76/65.pbf 404 59 - 1.681 ms"}
{"level":"info","message":"GET /unvt/VT-open/zxy/UniteStreetMapVector/7/76/63.pbf 404 59 - 2.382 ms"}
{"level":"info","message":"GET /unvt/VT-open/zxy/UniteStreetMapVector/8/155/131.pbf 404 61 - 2.862 ms"}
{"level":"info","message":"GET /unvt/VT-open/zxy/UniteStreetMapVector/8/154/130.pbf 404 61 - 0.900 ms"}
{"level":"info","message":"GET /unvt/VT-open/zxy/UniteStreetMapVector/8/157/131.pbf 404 71 - 6.953 ms"}
{"level":"info","message":"GET /unvt/VT-open/zxy/UniteStreetMapVector/8/154/131.pbf 404 61 - 1.075 ms"}
{"level":"info","message":"GET /unvt/VT-open/zxy/UniteStreetMapVector/9/311/261.pbf 404 61 - 2.018 ms"}
{"level":"info","message":"GET /unvt/VT-open/zxy/UniteStreetMapVector/9/311/262.pbf 404 61 - 2.479 ms"}
{"level":"info","message":"GET /unvt/VT-open/zxy/UniteStreetMapVector/9/313/261.pbf 404 71 - 2.942 ms"}
{"level":"info","message":"GET /unvt/VT-open/zxy/UniteStreetMapVector/9/313/262.pbf 404 71 - 3.195 ms"}
{"level":"info","message":"GET /unvt/VT-open/zxy/UniteStreetMapVector/10/623/523.pbf 404 62 - 1.912 ms"}
{"level":"info","message":"GET /unvt/VT-open/zxy/UniteStreetMapVector/10/623/524.pbf 404 62 - 2.548 ms"}
{"level":"info","message":"GET /unvt/VT-open/zxy/UniteStreetMapVector/10/623/522.pbf 404 62 - 3.380 ms"}
{"level":"info","message":"GET /unvt/VT-open/zxy/UniteStreetMapVector/10/625/524.pbf 404 72 - 5.736 ms"}
{"level":"info","message":"GET /unvt/VT-open/zxy/UniteStreetMapVector/10/624/524.pbf 304 - - 3.668 ms"}
{"level":"info","message":"GET /unvt/VT-open/zxy/UniteStreetMapVector/10/626/523.pbf 404 72 - 1.010 ms"}
{"level":"info","message":"GET /unvt/VT-open/zxy/UniteStreetMapVector/10/626/522.pbf 404 72 - 1.569 ms"}
{"level":"info","message":"GET /unvt/VT-open/zxy/UniteStreetMapVector/10/623/521.pbf 404 62 - 1.016 ms"}
{"level":"info","message":"GET /unvt/VT-open/zxy/UniteStreetMapVector/9/311/260.pbf 404 61 - 0.925 ms"}
{"level":"info","message":"GET /unvt/VT-open/zxy/UniteStreetMapVector/8/155/129.pbf 404 61 - 0.500 ms"}
{"level":"info","message":"GET /unvt/VT-open/zxy/UniteStreetMapVector/8/154/129.pbf 404 61 - 1.145 ms"}
{"level":"info","message":"GET /unvt/VT-open/zxy/UniteStreetMapVector/8/155/130.pbf 404 61 - 2.911 ms"}
{"level":"info","message":"GET /unvt/VT-open/zxy/UniteStreetMapVector/8/155/129.pbf 404 61 - 3.660 ms"}
{"level":"info","message":"GET /unvt/VT-open/zxy/UniteStreetMapVector/8/155/131.pbf 404 61 - 0.729 ms"}
{"level":"info","message":"GET /unvt/VT-open/zxy/UniteStreetMapVector/8/154/129.pbf 404 61 - 0.649 ms"}
{"level":"info","message":"GET /unvt/VT-open/zxy/UniteStreetMapVector/8/154/131.pbf 404 61 - 0.831 ms"}
{"level":"info","message":"GET /unvt/VT-open/zxy/UniteStreetMapVector/8/154/130.pbf 404 61 - 1.096 ms"}
{"level":"info","message":"GET /unvt/VT-open/zxy/UniteStreetMapVector/8/157/130.pbf 404 71 - 9.893 ms"}
{"level":"info","message":"GET /unvt/VT-open/zxy/UniteStreetMapVector/8/157/131.pbf 404 71 - 3.315 ms"}
{"level":"info","message":"GET /unvt/VT-open/zxy/UniteStreetMapVector/9/311/260.pbf 404 61 - 0.967 ms"}
{"level":"info","message":"GET /unvt/VT-open/zxy/UniteStreetMapVector/9/311/261.pbf 404 61 - 1.448 ms"}
{"level":"info","message":"GET /unvt/VT-open/zxy/UniteStreetMapVector/9/311/259.pbf 404 61 - 1.784 ms"}
{"level":"info","message":"GET /unvt/VT-open/zxy/UniteStreetMapVector/9/313/261.pbf 404 71 - 3.788 ms"}
{"level":"info","message":"GET /unvt/VT-open/zxy/UniteStreetMapVector/9/311/262.pbf 404 61 - 0.338 ms"}
{"level":"info","message":"GET /unvt/VT-open/zxy/UniteStreetMapVector/9/313/262.pbf 404 71 - 1.797 ms"}
{"level":"info","message":"GET /unvt/VT-open/zxy/UniteStreetMapVector/10/623/522.pbf 404 62 - 0.869 ms"}
{"level":"info","message":"GET /unvt/VT-open/zxy/UniteStreetMapVector/10/623/523.pbf 404 62 - 1.241 ms"}
{"level":"info","message":"GET /unvt/VT-open/zxy/UniteStreetMapVector/10/626/522.pbf 404 72 - 2.872 ms"}
{"level":"info","message":"GET /unvt/VT-open/zxy/UniteStreetMapVector/10/626/523.pbf 404 72 - 2.791 ms"}
{"level":"info","message":"GET /unvt/VT-open/zxy/UniteStreetMapVector/10/623/521.pbf 404 62 - 0.841 ms"}
{"level":"info","message":"GET /unvt/sprite-dark/sprite.json 304 - - 0.833 ms"}
{"level":"info","message":"GET /unvt/sprite-dark/sprite.png 304 - - 5.437 ms"}
{"level":"info","message":"GET /unvt/VT-open/zxy/UniteStreetMapVector/10/623/522.pbf 404 62 - 3.154 ms"}
{"level":"info","message":"GET /unvt/VT-open/zxy/UniteStreetMapVector/10/623/523.pbf 404 62 - 2.855 ms"}
{"level":"info","message":"GET /unvt/VT-open/zxy/UniteStreetMapVector/10/623/521.pbf 404 62 - 6.288 ms"}
{"level":"info","message":"GET /unvt/VT-open/zxy/UniteStreetMapVector/10/626/522.pbf 404 72 - 9.859 ms"}
{"level":"info","message":"GET /unvt/VT-open/zxy/UniteStreetMapVector/10/626/523.pbf 404 72 - 10.783 ms"}
{"level":"info","message":"GET /unvt/font/NotoSansDisplay-Regular/0-255.pbf 304 - - 2.218 ms"}
{"level":"info","message":"GET /unvt/font/NotoSans-Italic/0-255.pbf 304 - - 2.444 ms"}
{"level":"info","message":"GET /unvt/font/NotoSans-Regular/0-255.pbf 304 - - 3.331 ms"}
{"level":"info","message":"GET /unvt/font/NotoSansDisplay-SemiBold/0-255.pbf 304 - - 0.231 ms"}
{"level":"info","message":"GET /unvt/font/sans/0-255.pbf 304 - - 1.157 ms"}
{"level":"info","message":"GET /unvt/sprite-dark/sprite.json 304 - - 0.711 ms"}
{"level":"info","message":"GET /unvt/sprite-dark/sprite@2x.png 304 - - 0.545 ms"}
{"level":"info","message":"GET /unvt/VT-open/zxy/UniteStreetMapVector/9/311/261.pbf 404 61 - 0.931 ms"}
{"level":"info","message":"GET /unvt/VT-open/zxy/UniteStreetMapVector/9/311/260.pbf 404 61 - 1.328 ms"}
{"level":"info","message":"GET /unvt/VT-open/zxy/UniteStreetMapVector/9/313/261.pbf 404 71 - 2.373 ms"}
{"level":"info","message":"GET /unvt/font/NotoSans-Bold/0-255.pbf 304 - - 0.651 ms"}
{"level":"info","message":"GET /unvt/VT-open/zxy/UniteStreetMapVector/9/311/262.pbf 404 61 - 1.207 ms"}
{"level":"info","message":"GET /unvt/VT-open/zxy/UniteStreetMapVector/9/313/262.pbf 404 71 - 1.595 ms"}
{"level":"info","message":"GET /unvt/VT-open/zxy/UniteStreetMapVector/8/155/130.pbf 404 61 - 1.105 ms"}
{"level":"info","message":"GET /unvt/VT-open/zxy/UniteStreetMapVector/8/155/131.pbf 404 61 - 1.408 ms"}
{"level":"info","message":"GET /unvt/font/Open%20Sans%20Italic/0-255.pbf 304 - - 0.786 ms"}
{"level":"info","message":"GET /unvt/VT-open/zxy/UniteStreetMapVector/8/155/129.pbf 404 61 - 0.981 ms"}
{"level":"info","message":"GET /unvt/VT-open/zxy/UniteStreetMapVector/8/157/130.pbf 404 71 - 1.067 ms"}
{"level":"info","message":"GET /unvt/VT-open/zxy/UniteStreetMapVector/8/157/131.pbf 404 71 - 1.177 ms"}
{"level":"info","message":"GET /unvt/VT-open/zxy/UniteStreetMapVector/8/154/130.pbf 404 61 - 0.773 ms"}
{"level":"info","message":"GET /unvt/VT-open/zxy/UniteStreetMapVector/8/154/129.pbf 404 61 - 0.463 ms"}
{"level":"info","message":"GET /unvt/VT-open/zxy/UniteStreetMapVector/8/154/131.pbf 404 61 - 0.503 ms"}
{"level":"info","message":"GET /unvt/VT-open/zxy/UniteStreetMapVector/7/77/65.pbf 404 59 - 0.953 ms"}
{"level":"info","message":"GET /unvt/VT-open/zxy/UniteStreetMapVector/7/77/64.pbf 404 59 - 1.858 ms"}
{"level":"info","message":"GET /unvt/font/NotoSansDisplay-Medium/0-255.pbf 304 - - 0.853 ms"}
{"level":"info","message":"GET /unvt/font/NotoSansDisplay-Regular/1536-1791.pbf 304 - - 0.587 ms"}
{"level":"info","message":"GET /unvt/VT-open/zxy/UniteStreetMapVector/7/76/65.pbf 404 59 - 1.247 ms"}
{"level":"info","message":"GET /unvt/VT-open/zxy/UniteStreetMapVector/7/76/64.pbf 404 59 - 1.738 ms"}
{"level":"info","message":"GET /unvt/VT-open/zxy/UniteStreetMapVector/7/79/65.pbf 404 69 - 1.196 ms"}
{"level":"info","message":"GET /unvt/VT-open/zxy/UniteStreetMapVector/6/38/32.pbf 404 59 - 0.977 ms"}
{"level":"info","message":"GET /unvt/VT-open/zxy/UniteStreetMapVector/6/38/33.pbf 404 59 - 1.333 ms"}
{"level":"info","message":"GET /unvt/VT-open/zxy/UniteStreetMapVector/6/39/33.pbf 404 59 - 1.871 ms"}
{"level":"info","message":"GET /unvt/VT-open/zxy/UniteStreetMapVector/9/311/260.pbf 404 61 - 1.201 ms"}
{"level":"info","message":"GET /unvt/VT-open/zxy/UniteStreetMapVector/9/311/261.pbf 404 61 - 4.110 ms"}
{"level":"info","message":"GET /unvt/VT-open/zxy/UniteStreetMapVector/9/313/261.pbf 404 71 - 5.206 ms"}
{"level":"info","message":"GET /unvt/VT-open/zxy/UniteStreetMapVector/9/311/259.pbf 404 61 - 0.581 ms"}
{"level":"info","message":"GET /unvt/VT-open/zxy/UniteStreetMapVector/9/311/262.pbf 404 61 - 1.042 ms"}
{"level":"info","message":"GET /unvt/VT-open/zxy/UniteStreetMapVector/9/313/262.pbf 404 71 - 2.148 ms"}
{"level":"info","message":"GET /unvt/VT-open/zxy/UniteStreetMapVector/10/623/523.pbf 404 62 - 1.001 ms"}
{"level":"info","message":"GET /unvt/VT-open/zxy/UniteStreetMapVector/10/623/522.pbf 404 62 - 1.933 ms"}
{"level":"info","message":"GET /unvt/VT-open/zxy/UniteStreetMapVector/10/626/523.pbf 404 72 - 3.398 ms"}
{"level":"info","message":"GET /unvt/VT-open/zxy/UniteStreetMapVector/10/626/522.pbf 404 72 - 4.092 ms"}
{"level":"info","message":"GET /unvt/VT-open/zxy/UniteStreetMapVector/10/623/524.pbf 404 62 - 0.847 ms"}
{"level":"info","message":"GET /unvt/VT-open/zxy/UniteStreetMapVector/10/625/524.pbf 404 72 - 2.647 ms"}
{"level":"info","message":"GET /unvt/VT-open/zxy/UniteStreetMapVector/11/1251/1046.pbf 404 74 - 5.444 ms"}
{"level":"info","message":"GET /unvt/VT-open/zxy/UniteStreetMapVector/11/1250/1046.pbf 304 - - 6.834 ms"}
{"level":"info","message":"GET /unvt/VT-open/zxy/UniteStreetMapVector/11/1251/1045.pbf 404 74 - 6.232 ms"}
{"level":"info","message":"GET /unvt/VT-open/zxy/UniteStreetMapVector/11/1251/1047.pbf 404 74 - 6.739 ms"}
{"level":"info","message":"GET /unvt/VT-open/zxy/UniteStreetMapVector/11/1249/1047.pbf 304 - - 6.412 ms"}
{"level":"info","message":"GET /unvt/VT-open/zxy/UniteStreetMapVector/11/1249/1046.pbf 304 - - 6.967 ms"}
{"level":"info","message":"GET /unvt/VT-open/zxy/UniteStreetMapVector/11/1250/1047.pbf 304 - - 1.126 ms"}
{"level":"info","message":"GET /unvt/VT-open/zxy/UniteStreetMapVector/11/1248/1047.pbf 304 - - 1.258 ms"}
{"level":"info","message":"GET /unvt/VT-open/zxy/UniteStreetMapVector/12/2498/2093.pbf 200 35284 - 2.804 ms"}
{"level":"info","message":"GET /unvt/VT-open/zxy/UniteStreetMapVector/12/2500/2093.pbf 304 - - 3.508 ms"}
{"level":"info","message":"GET /unvt/VT-open/zxy/UniteStreetMapVector/12/2499/2093.pbf 304 - - 4.162 ms"}
{"level":"info","message":"GET /unvt/VT-open/zxy/UniteStreetMapVector/13/4999/4186.pbf 200 14033 - 4.109 ms"}
{"level":"info","message":"GET /unvt/VT-open/zxy/UniteStreetMapVector/13/5000/4186.pbf 200 11969 - 5.071 ms"}
{"level":"info","message":"GET /unvt/VT-open/zxy/UniteStreetMapVector/13/4999/4187.pbf 200 29434 - 5.696 ms"}
{"level":"info","message":"GET /unvt/VT-open/zxy/UniteStreetMapVector/13/4999/4185.pbf 200 4473 - 7.117 ms"}
{"level":"info","message":"GET /unvt/VT-open/zxy/UniteStreetMapVector/13/5000/4185.pbf 200 10874 - 8.195 ms"}
{"level":"info","message":"GET /unvt/VT-open/zxy/UniteStreetMapVector/13/5000/4187.pbf 200 3530 - 8.991 ms"}
{"level":"info","message":"GET /unvt/VT-open/zxy/UniteStreetMapVector/13/4998/4186.pbf 200 5021 - 6.385 ms"}
{"level":"info","message":"GET /unvt/VT-open/zxy/UniteStreetMapVector/13/5001/4186.pbf 200 261 - 5.641 ms"}
{"level":"info","message":"GET /unvt/VT-open/zxy/UniteStreetMapVector/13/4998/4185.pbf 200 3738 - 5.552 ms"}
{"level":"info","message":"GET /unvt/VT-open/zxy/UniteStreetMapVector/13/5001/4187.pbf 200 229 - 5.404 ms"}
{"level":"info","message":"GET /unvt/VT-open/zxy/UniteStreetMapVector/13/5001/4185.pbf 200 2416 - 6.799 ms"}
{"level":"info","message":"GET /unvt/VT-open/zxy/UniteStreetMapVector/13/4998/4187.pbf 304 - - 7.454 ms"}
{"level":"info","message":"GET /unvt/VT-open/zxy/UniteStreetMapVector/14/10000/8373.pbf 200 10974 - 3.564 ms"}
{"level":"info","message":"GET /unvt/VT-open/zxy/UniteStreetMapVector/14/9999/8373.pbf 200 6326 - 3.832 ms"}
{"level":"info","message":"GET /unvt/VT-open/zxy/UniteStreetMapVector/14/10000/8372.pbf 200 6296 - 4.027 ms"}
{"level":"info","message":"GET /unvt/VT-open/zxy/UniteStreetMapVector/14/9999/8372.pbf 200 4985 - 3.916 ms"}
{"level":"info","message":"GET /unvt/VT-open/zxy/UniteStreetMapVector/14/10001/8373.pbf 200 1666 - 4.182 ms"}
{"level":"info","message":"GET /unvt/VT-open/zxy/UniteStreetMapVector/14/10001/8372.pbf 200 7143 - 4.304 ms"}
{"level":"info","message":"GET /unvt/VT-open/zxy/UniteStreetMapVector/14/9998/8373.pbf 200 6755 - 2.627 ms"}
{"level":"info","message":"GET /unvt/VT-open/zxy/UniteStreetMapVector/14/9998/8372.pbf 200 2930 - 2.420 ms"}
{"level":"info","message":"GET /unvt/VT-open/zxy/UniteStreetMapVector/15/20000/16746.pbf 200 1909 - 2.671 ms"}
{"level":"info","message":"GET /unvt/VT-open/zxy/UniteStreetMapVector/15/19999/16746.pbf 200 2477 - 3.347 ms"}
{"level":"info","message":"GET /unvt/VT-open/zxy/UniteStreetMapVector/15/20000/16745.pbf 200 1489 - 3.571 ms"}
{"level":"info","message":"GET /unvt/VT-open/zxy/UniteStreetMapVector/15/20000/16747.pbf 200 6632 - 4.325 ms"}
{"level":"info","message":"GET /unvt/VT-open/zxy/UniteStreetMapVector/15/19999/16745.pbf 200 2475 - 6.092 ms"}
{"level":"info","message":"GET /unvt/VT-open/zxy/UniteStreetMapVector/15/20001/16746.pbf 200 2974 - 6.846 ms"}
{"level":"info","message":"GET /unvt/VT-open/zxy/UniteStreetMapVector/15/19999/16747.pbf 200 1541 - 4.284 ms"}
{"level":"info","message":"GET /unvt/VT-open/zxy/UniteStreetMapVector/15/20001/16747.pbf 200 4037 - 2.782 ms"}
{"level":"info","message":"GET /unvt/VT-open/zxy/UniteStreetMapVector/15/20001/16745.pbf 200 2861 - 3.420 ms"}
